[ 25%] Built target task_server_ik_node
[ 50%] Built target task_server_node
[ 75%] Built target task_server
[ 75%] Built target ament_cmake_python_copy_arduinobot_remote
[100%] Built target task_server_ik
running egg_info
writing arduinobot_remote.egg-info/PKG-INFO
writing dependency_links to arduinobot_remote.egg-info/dependency_links.txt
writing top-level names to arduinobot_remote.egg-info/top_level.txt
reading manifest file 'arduinobot_remote.egg-info/SOURCES.txt'
writing manifest file 'arduinobot_remote.egg-info/SOURCES.txt'
[100%] Built target ament_cmake_python_build_arduinobot_remote_egg
-- Install configuration: ""
-- Up-to-date: /home/yoga-slim-pro-2/robotarm_ws/install/arduinobot_remote/lib/arduinobot_remote/task_server_node
-- Up-to-date: /home/yoga-slim-pro-2/robotarm_ws/install/arduinobot_remote/lib/arduinobot_remote/task_server_ik_node
-- Up-to-date: /home/yoga-slim-pro-2/robotarm_ws/install/arduinobot_remote/share/arduinobot_remote/environment/pythonpath.sh
-- Up-to-date: /home/yoga-slim-pro-2/robotarm_ws/install/arduinobot_remote/share/arduinobot_remote/environment/pythonpath.dsv
-- Up-to-date: /home/yoga-slim-pro-2/robotarm_ws/install/arduinobot_remote/lib/python3.12/site-packages/arduinobot_remote-0.0.0-py3.12.egg-info
-- Installing: /home/yoga-slim-pro-2/robotarm_ws/install/arduinobot_remote/lib/python3.12/site-packages/arduinobot_remote-0.0.0-py3.12.egg-info/SOURCES.txt
-- Installing: /home/yoga-slim-pro-2/robotarm_ws/install/arduinobot_remote/lib/python3.12/site-packages/arduinobot_remote-0.0.0-py3.12.egg-info/top_level.txt
-- Installing: /home/yoga-slim-pro-2/robotarm_ws/install/arduinobot_remote/lib/python3.12/site-packages/arduinobot_remote-0.0.0-py3.12.egg-info/PKG-INFO
-- Installing: /home/yoga-slim-pro-2/robotarm_ws/install/arduinobot_remote/lib/python3.12/site-packages/arduinobot_remote-0.0.0-py3.12.egg-info/dependency_links.txt
-- Up-to-date: /home/yoga-slim-pro-2/robotarm_ws/install/arduinobot_remote/lib/python3.12/site-packages/arduinobot_remote
-- Up-to-date: /home/yoga-slim-pro-2/robotarm_ws/install/arduinobot_remote/lib/python3.12/site-packages/arduinobot_remote/task_server.py
-- Up-to-date: /home/yoga-slim-pro-2/robotarm_ws/install/arduinobot_remote/lib/python3.12/site-packages/arduinobot_remote/__init__.py
-- Up-to-date: /home/yoga-slim-pro-2/robotarm_ws/install/arduinobot_remote/lib/python3.12/site-packages/arduinobot_remote/task_server2.py
-- Up-to-date: /home/yoga-slim-pro-2/robotarm_ws/install/arduinobot_remote/lib/python3.12/site-packages/arduinobot_remote/arm_control_from_UI.py
Listing '/home/yoga-slim-pro-2/robotarm_ws/install/arduinobot_remote/lib/python3.12/site-packages/arduinobot_remote'...
-- Up-to-date: /home/yoga-slim-pro-2/robotarm_ws/install/arduinobot_remote/share/arduinobot_remote/launch
-- Up-to-date: /home/yoga-slim-pro-2/robotarm_ws/install/arduinobot_remote/share/arduinobot_remote/launch/grap.launch.py
-- Up-to-date: /home/yoga-slim-pro-2/robotarm_ws/install/arduinobot_remote/share/arduinobot_remote/launch/remote_interface.launch.py
-- Up-to-date: /home/yoga-slim-pro-2/robotarm_ws/install/arduinobot_remote/lib/libtask_server.so
-- Up-to-date: /home/yoga-slim-pro-2/robotarm_ws/install/arduinobot_remote/lib/libtask_server_ik.so
-- Up-to-date: /home/yoga-slim-pro-2/robotarm_ws/install/arduinobot_remote/lib/arduinobot_remote/task_server.py
-- Up-to-date: /home/yoga-slim-pro-2/robotarm_ws/install/arduinobot_remote/lib/arduinobot_remote/arm_control_from_UI.py
-- Up-to-date: /home/yoga-slim-pro-2/robotarm_ws/install/arduinobot_remote/share/ament_index/resource_index/package_run_dependencies/arduinobot_remote
-- Up-to-date: /home/yoga-slim-pro-2/robotarm_ws/install/arduinobot_remote/share/ament_index/resource_index/parent_prefix_path/arduinobot_remote
-- Up-to-date: /home/yoga-slim-pro-2/robotarm_ws/install/arduinobot_remote/share/arduinobot_remote/environment/ament_prefix_path.sh
-- Up-to-date: /home/yoga-slim-pro-2/robotarm_ws/install/arduinobot_remote/share/arduinobot_remote/environment/ament_prefix_path.dsv
-- Up-to-date: /home/yoga-slim-pro-2/robotarm_ws/install/arduinobot_remote/share/arduinobot_remote/environment/path.sh
-- Up-to-date: /home/yoga-slim-pro-2/robotarm_ws/install/arduinobot_remote/share/arduinobot_remote/environment/path.dsv
-- Up-to-date: /home/yoga-slim-pro-2/robotarm_ws/install/arduinobot_remote/share/arduinobot_remote/local_setup.bash
-- Up-to-date: /home/yoga-slim-pro-2/robotarm_ws/install/arduinobot_remote/share/arduinobot_remote/local_setup.sh
-- Up-to-date: /home/yoga-slim-pro-2/robotarm_ws/install/arduinobot_remote/share/arduinobot_remote/local_setup.zsh
-- Up-to-date: /home/yoga-slim-pro-2/robotarm_ws/install/arduinobot_remote/share/arduinobot_remote/local_setup.dsv
-- Installing: /home/yoga-slim-pro-2/robotarm_ws/install/arduinobot_remote/share/arduinobot_remote/package.dsv
-- Up-to-date: /home/yoga-slim-pro-2/robotarm_ws/install/arduinobot_remote/share/ament_index/resource_index/packages/arduinobot_remote
-- Up-to-date: /home/yoga-slim-pro-2/robotarm_ws/install/arduinobot_remote/share/ament_index/resource_index/rclcpp_components/arduinobot_remote
-- Up-to-date: /home/yoga-slim-pro-2/robotarm_ws/install/arduinobot_remote/share/arduinobot_remote/cmake/arduinobot_remoteConfig.cmake
-- Up-to-date: /home/yoga-slim-pro-2/robotarm_ws/install/arduinobot_remote/share/arduinobot_remote/cmake/arduinobot_remoteConfig-version.cmake
-- Up-to-date: /home/yoga-slim-pro-2/robotarm_ws/install/arduinobot_remote/share/arduinobot_remote/package.xml
