[0.019s] Invoking command in '/home/yoga-slim-pro-2/robotarm_ws/build/arduinobot_description': CMAKE_PREFIX_PATH=${CMAKE_PREFIX_PATH}:/home/yoga-slim-pro-2/arduinobot_ws/install/yolo8_detector:/home/yoga-slim-pro-2/arduinobot_ws/install/arduinobot_python:/home/yoga-slim-pro-2/arduinobot_ws/install/arduinobot_py_examples:/opt/ros/jazzy DEBUGINFOD_URLS=https://debuginfod.ubuntu.com /usr/bin/cmake /home/yoga-slim-pro-2/robotarm_ws/src/arduinobot_description -DCMAKE_INSTALL_PREFIX=/home/yoga-slim-pro-2/robotarm_ws/install/arduinobot_description
[0.081s] -- The C compiler identification is GNU 13.3.0
[0.139s] -- The CXX compiler identification is GNU 13.3.0
[0.159s] -- Detecting C compiler ABI info
[0.274s] -- Detecting C compiler ABI info - done
[0.277s] -- Check for working C compiler: /usr/bin/cc - skipped
[0.277s] -- Detecting C compile features
[0.278s] -- Detecting C compile features - done
[0.287s] -- Detecting CXX compiler ABI info
[0.405s] -- Detecting CXX compiler ABI info - done
[0.414s] -- Check for working CXX compiler: /usr/bin/c++ - skipped
[0.414s] -- Detecting CXX compile features
[0.415s] -- Detecting CXX compile features - done
[0.421s] -- Found ament_cmake: 2.5.4 (/opt/ros/jazzy/share/ament_cmake/cmake)
[0.611s] -- Found Python3: /usr/bin/python3 (found version "3.12.3") found components: Interpreter 
[0.765s] -- Found ament_lint_auto: 0.17.2 (/opt/ros/jazzy/share/ament_lint_auto/cmake)
[0.920s] -- Added test 'copyright' to check source files copyright and LICENSE
[0.925s] -- Added test 'flake8' to check Python code syntax and style conventions
[0.925s] -- Configured 'flake8' exclude dirs and/or files: 
[0.926s] -- Added test 'lint_cmake' to check CMake code style
[0.928s] -- Added test 'pep257' to check Python code against some of the docstring style conventions in PEP 257
[0.930s] -- Added test 'xmllint' to check XML markup files
[0.933s] -- Configuring done (0.9s)
[0.937s] -- Generating done (0.0s)
[0.939s] -- Build files have been written to: /home/yoga-slim-pro-2/robotarm_ws/build/arduinobot_description
[0.946s] Invoked command in '/home/yoga-slim-pro-2/robotarm_ws/build/arduinobot_description' returned '0': CMAKE_PREFIX_PATH=${CMAKE_PREFIX_PATH}:/home/yoga-slim-pro-2/arduinobot_ws/install/yolo8_detector:/home/yoga-slim-pro-2/arduinobot_ws/install/arduinobot_python:/home/yoga-slim-pro-2/arduinobot_ws/install/arduinobot_py_examples:/opt/ros/jazzy DEBUGINFOD_URLS=https://debuginfod.ubuntu.com /usr/bin/cmake /home/yoga-slim-pro-2/robotarm_ws/src/arduinobot_description -DCMAKE_INSTALL_PREFIX=/home/yoga-slim-pro-2/robotarm_ws/install/arduinobot_description
[0.948s] Invoking command in '/home/yoga-slim-pro-2/robotarm_ws/build/arduinobot_description': CMAKE_PREFIX_PATH=${CMAKE_PREFIX_PATH}:/home/yoga-slim-pro-2/arduinobot_ws/install/yolo8_detector:/home/yoga-slim-pro-2/arduinobot_ws/install/arduinobot_python:/home/yoga-slim-pro-2/arduinobot_ws/install/arduinobot_py_examples:/opt/ros/jazzy DEBUGINFOD_URLS=https://debuginfod.ubuntu.com /usr/bin/cmake --build /home/yoga-slim-pro-2/robotarm_ws/build/arduinobot_description -- -j16 -l16
[1.009s] Invoked command in '/home/yoga-slim-pro-2/robotarm_ws/build/arduinobot_description' returned '0': CMAKE_PREFIX_PATH=${CMAKE_PREFIX_PATH}:/home/yoga-slim-pro-2/arduinobot_ws/install/yolo8_detector:/home/yoga-slim-pro-2/arduinobot_ws/install/arduinobot_python:/home/yoga-slim-pro-2/arduinobot_ws/install/arduinobot_py_examples:/opt/ros/jazzy DEBUGINFOD_URLS=https://debuginfod.ubuntu.com /usr/bin/cmake --build /home/yoga-slim-pro-2/robotarm_ws/build/arduinobot_description -- -j16 -l16
[1.023s] Invoking command in '/home/yoga-slim-pro-2/robotarm_ws/build/arduinobot_description': CMAKE_PREFIX_PATH=${CMAKE_PREFIX_PATH}:/home/yoga-slim-pro-2/arduinobot_ws/install/yolo8_detector:/home/yoga-slim-pro-2/arduinobot_ws/install/arduinobot_python:/home/yoga-slim-pro-2/arduinobot_ws/install/arduinobot_py_examples:/opt/ros/jazzy DEBUGINFOD_URLS=https://debuginfod.ubuntu.com /usr/bin/cmake --install /home/yoga-slim-pro-2/robotarm_ws/build/arduinobot_description
[1.036s] -- Install configuration: ""
[1.036s] -- Installing: /home/yoga-slim-pro-2/robotarm_ws/install/arduinobot_description/share/arduinobot_description/launch
[1.036s] -- Installing: /home/yoga-slim-pro-2/robotarm_ws/install/arduinobot_description/share/arduinobot_description/launch/display.launch.py
[1.036s] -- Installing: /home/yoga-slim-pro-2/robotarm_ws/install/arduinobot_description/share/arduinobot_description/launch/gazebo.launch.py
[1.036s] -- Installing: /home/yoga-slim-pro-2/robotarm_ws/install/arduinobot_description/share/arduinobot_description/meshes
[1.036s] -- Installing: /home/yoga-slim-pro-2/robotarm_ws/install/arduinobot_description/share/arduinobot_description/meshes/link.STL
[1.037s] -- Installing: /home/yoga-slim-pro-2/robotarm_ws/install/arduinobot_description/share/arduinobot_description/meshes/right_finger.STL
[1.037s] -- Installing: /home/yoga-slim-pro-2/robotarm_ws/install/arduinobot_description/share/arduinobot_description/meshes/pi_camera.STL
[1.037s] -- Installing: /home/yoga-slim-pro-2/robotarm_ws/install/arduinobot_description/share/arduinobot_description/meshes/triangular_link.STL
[1.039s] -- Installing: /home/yoga-slim-pro-2/robotarm_ws/install/arduinobot_description/share/arduinobot_description/meshes/claw_support.STL
[1.040s] -- Installing: /home/yoga-slim-pro-2/robotarm_ws/install/arduinobot_description/share/arduinobot_description/meshes/plate.STL
[1.043s] -- Installing: /home/yoga-slim-pro-2/robotarm_ws/install/arduinobot_description/share/arduinobot_description/meshes/forward_drive_arm.STL
[1.045s] -- Installing: /home/yoga-slim-pro-2/robotarm_ws/install/arduinobot_description/share/arduinobot_description/meshes/base_plate.STL
[1.049s] -- Installing: /home/yoga-slim-pro-2/robotarm_ws/install/arduinobot_description/share/arduinobot_description/meshes/vertical_drive_arm.STL
[1.050s] -- Installing: /home/yoga-slim-pro-2/robotarm_ws/install/arduinobot_description/share/arduinobot_description/meshes/basement.STL
[1.051s] -- Installing: /home/yoga-slim-pro-2/robotarm_ws/install/arduinobot_description/share/arduinobot_description/meshes/round_plate.STL
[1.052s] -- Installing: /home/yoga-slim-pro-2/robotarm_ws/install/arduinobot_description/share/arduinobot_description/meshes/horizontal_arm.STL
[1.054s] -- Installing: /home/yoga-slim-pro-2/robotarm_ws/install/arduinobot_description/share/arduinobot_description/meshes/left_finger.STL
[1.054s] -- Installing: /home/yoga-slim-pro-2/robotarm_ws/install/arduinobot_description/share/arduinobot_description/meshes/servo_plate.STL
[1.054s] -- Installing: /home/yoga-slim-pro-2/robotarm_ws/install/arduinobot_description/share/arduinobot_description/urdf
[1.054s] -- Installing: /home/yoga-slim-pro-2/robotarm_ws/install/arduinobot_description/share/arduinobot_description/urdf/arduinobot_ros2_control.xacro
[1.055s] -- Installing: /home/yoga-slim-pro-2/robotarm_ws/install/arduinobot_description/share/arduinobot_description/urdf/arduinobot.urdf.xacro
[1.055s] -- Installing: /home/yoga-slim-pro-2/robotarm_ws/install/arduinobot_description/share/arduinobot_description/urdf/arduinobot_gazebo.xacro
[1.055s] -- Installing: /home/yoga-slim-pro-2/robotarm_ws/install/arduinobot_description/share/arduinobot_description/urdf/material.xacro
[1.055s] -- Installing: /home/yoga-slim-pro-2/robotarm_ws/install/arduinobot_description/share/arduinobot_description/rviz
[1.055s] -- Installing: /home/yoga-slim-pro-2/robotarm_ws/install/arduinobot_description/share/arduinobot_description/rviz/display.rviz
[1.055s] -- Installing: /home/yoga-slim-pro-2/robotarm_ws/install/arduinobot_description/share/arduinobot_description/worlds
[1.055s] -- Installing: /home/yoga-slim-pro-2/robotarm_ws/install/arduinobot_description/share/arduinobot_description/worlds/drink.sdf
[1.056s] -- Installing: /home/yoga-slim-pro-2/robotarm_ws/install/arduinobot_description/share/ament_index/resource_index/package_run_dependencies/arduinobot_description
[1.056s] -- Installing: /home/yoga-slim-pro-2/robotarm_ws/install/arduinobot_description/share/ament_index/resource_index/parent_prefix_path/arduinobot_description
[1.056s] -- Installing: /home/yoga-slim-pro-2/robotarm_ws/install/arduinobot_description/share/arduinobot_description/environment/ament_prefix_path.sh
[1.056s] -- Installing: /home/yoga-slim-pro-2/robotarm_ws/install/arduinobot_description/share/arduinobot_description/environment/ament_prefix_path.dsv
[1.056s] -- Installing: /home/yoga-slim-pro-2/robotarm_ws/install/arduinobot_description/share/arduinobot_description/environment/path.sh
[1.056s] -- Installing: /home/yoga-slim-pro-2/robotarm_ws/install/arduinobot_description/share/arduinobot_description/environment/path.dsv
[1.057s] -- Installing: /home/yoga-slim-pro-2/robotarm_ws/install/arduinobot_description/share/arduinobot_description/local_setup.bash
[1.057s] -- Installing: /home/yoga-slim-pro-2/robotarm_ws/install/arduinobot_description/share/arduinobot_description/local_setup.sh
[1.057s] -- Installing: /home/yoga-slim-pro-2/robotarm_ws/install/arduinobot_description/share/arduinobot_description/local_setup.zsh
[1.057s] -- Installing: /home/yoga-slim-pro-2/robotarm_ws/install/arduinobot_description/share/arduinobot_description/local_setup.dsv
[1.057s] -- Installing: /home/yoga-slim-pro-2/robotarm_ws/install/arduinobot_description/share/arduinobot_description/package.dsv
[1.057s] -- Installing: /home/yoga-slim-pro-2/robotarm_ws/install/arduinobot_description/share/ament_index/resource_index/packages/arduinobot_description
[1.058s] -- Installing: /home/yoga-slim-pro-2/robotarm_ws/install/arduinobot_description/share/arduinobot_description/cmake/arduinobot_descriptionConfig.cmake
[1.058s] -- Installing: /home/yoga-slim-pro-2/robotarm_ws/install/arduinobot_description/share/arduinobot_description/cmake/arduinobot_descriptionConfig-version.cmake
[1.058s] -- Installing: /home/yoga-slim-pro-2/robotarm_ws/install/arduinobot_description/share/arduinobot_description/package.xml
[1.061s] Invoked command in '/home/yoga-slim-pro-2/robotarm_ws/build/arduinobot_description' returned '0': CMAKE_PREFIX_PATH=${CMAKE_PREFIX_PATH}:/home/yoga-slim-pro-2/arduinobot_ws/install/yolo8_detector:/home/yoga-slim-pro-2/arduinobot_ws/install/arduinobot_python:/home/yoga-slim-pro-2/arduinobot_ws/install/arduinobot_py_examples:/opt/ros/jazzy DEBUGINFOD_URLS=https://debuginfod.ubuntu.com /usr/bin/cmake --install /home/yoga-slim-pro-2/robotarm_ws/build/arduinobot_description
