[  2%] Built target arduinobot_msgs__rosidl_generator_type_description
[  2%] Built target ament_cmake_python_copy_arduinobot_msgs
[  5%] Built target arduinobot_msgs__cpp
[ 20%] Built target arduinobot_msgs__rosidl_generator_c
[ 35%] Built target arduinobot_msgs__rosidl_typesupport_introspection_c
[ 38%] Built target arduinobot_msgs__rosidl_typesupport_fastrtps_cpp
[ 47%] Built target arduinobot_msgs__rosidl_typesupport_fastrtps_c
[ 67%] Built target arduinobot_msgs__rosidl_typesupport_c
[ 67%] Built target arduinobot_msgs__rosidl_typesupport_cpp
[ 73%] Built target arduinobot_msgs__rosidl_typesupport_introspection_cpp
[ 73%] Built target arduinobot_msgs
[ 76%] Built target arduinobot_msgs__py
[ 82%] Built target arduinobot_msgs__rosidl_generator_py
[100%] Built target arduinobot_msgs_s__rosidl_typesupport_fastrtps_c
[100%] Built target arduinobot_msgs_s__rosidl_typesupport_c
[100%] Built target arduinobot_msgs_s__rosidl_typesupport_introspection_c
running egg_info
writing arduinobot_msgs.egg-info/PKG-INFO
writing dependency_links to arduinobot_msgs.egg-info/dependency_links.txt
writing top-level names to arduinobot_msgs.egg-info/top_level.txt
reading manifest file 'arduinobot_msgs.egg-info/SOURCES.txt'
writing manifest file 'arduinobot_msgs.egg-info/SOURCES.txt'
[100%] Built target ament_cmake_python_build_arduinobot_msgs_egg
-- Install configuration: ""
-- Up-to-date: /home/yoga-slim-pro-2/robotarm_ws/install/arduinobot_msgs/share/ament_index/resource_index/rosidl_interfaces/arduinobot_msgs
-- Up-to-date: /home/yoga-slim-pro-2/robotarm_ws/install/arduinobot_msgs/share/arduinobot_msgs/action/ArduinobotTask.json
-- Up-to-date: /home/yoga-slim-pro-2/robotarm_ws/install/arduinobot_msgs/include/arduinobot_msgs/arduinobot_msgs
-- Up-to-date: /home/yoga-slim-pro-2/robotarm_ws/install/arduinobot_msgs/include/arduinobot_msgs/arduinobot_msgs/msg
-- Up-to-date: /home/yoga-slim-pro-2/robotarm_ws/install/arduinobot_msgs/include/arduinobot_msgs/arduinobot_msgs/msg/rosidl_generator_c__visibility_control.h
-- Up-to-date: /home/yoga-slim-pro-2/robotarm_ws/install/arduinobot_msgs/include/arduinobot_msgs/arduinobot_msgs/action
-- Up-to-date: /home/yoga-slim-pro-2/robotarm_ws/install/arduinobot_msgs/include/arduinobot_msgs/arduinobot_msgs/action/arduinobot_task.h
-- Up-to-date: /home/yoga-slim-pro-2/robotarm_ws/install/arduinobot_msgs/include/arduinobot_msgs/arduinobot_msgs/action/detail
-- Up-to-date: /home/yoga-slim-pro-2/robotarm_ws/install/arduinobot_msgs/include/arduinobot_msgs/arduinobot_msgs/action/detail/arduinobot_task__functions.c
-- Up-to-date: /home/yoga-slim-pro-2/robotarm_ws/install/arduinobot_msgs/include/arduinobot_msgs/arduinobot_msgs/action/detail/arduinobot_task__struct.h
-- Up-to-date: /home/yoga-slim-pro-2/robotarm_ws/install/arduinobot_msgs/include/arduinobot_msgs/arduinobot_msgs/action/detail/arduinobot_task__type_support.h
-- Up-to-date: /home/yoga-slim-pro-2/robotarm_ws/install/arduinobot_msgs/include/arduinobot_msgs/arduinobot_msgs/action/detail/arduinobot_task__functions.h
-- Up-to-date: /home/yoga-slim-pro-2/robotarm_ws/install/arduinobot_msgs/include/arduinobot_msgs/arduinobot_msgs/action/detail/arduinobot_task__description.c
-- Up-to-date: /home/yoga-slim-pro-2/robotarm_ws/install/arduinobot_msgs/include/arduinobot_msgs/arduinobot_msgs/action/detail/arduinobot_task__type_support.c
-- Up-to-date: /home/yoga-slim-pro-2/robotarm_ws/install/arduinobot_msgs/share/arduinobot_msgs/environment/library_path.sh
-- Up-to-date: /home/yoga-slim-pro-2/robotarm_ws/install/arduinobot_msgs/share/arduinobot_msgs/environment/library_path.dsv
-- Up-to-date: /home/yoga-slim-pro-2/robotarm_ws/install/arduinobot_msgs/lib/libarduinobot_msgs__rosidl_generator_c.so
-- Up-to-date: /home/yoga-slim-pro-2/robotarm_ws/install/arduinobot_msgs/include/arduinobot_msgs/arduinobot_msgs
-- Up-to-date: /home/yoga-slim-pro-2/robotarm_ws/install/arduinobot_msgs/include/arduinobot_msgs/arduinobot_msgs/msg
-- Up-to-date: /home/yoga-slim-pro-2/robotarm_ws/install/arduinobot_msgs/include/arduinobot_msgs/arduinobot_msgs/msg/rosidl_typesupport_fastrtps_c__visibility_control.h
-- Up-to-date: /home/yoga-slim-pro-2/robotarm_ws/install/arduinobot_msgs/include/arduinobot_msgs/arduinobot_msgs/action
-- Up-to-date: /home/yoga-slim-pro-2/robotarm_ws/install/arduinobot_msgs/include/arduinobot_msgs/arduinobot_msgs/action/detail
-- Up-to-date: /home/yoga-slim-pro-2/robotarm_ws/install/arduinobot_msgs/include/arduinobot_msgs/arduinobot_msgs/action/detail/arduinobot_task__rosidl_typesupport_fastrtps_c.h
-- Up-to-date: /home/yoga-slim-pro-2/robotarm_ws/install/arduinobot_msgs/lib/libarduinobot_msgs__rosidl_typesupport_fastrtps_c.so
-- Up-to-date: /home/yoga-slim-pro-2/robotarm_ws/install/arduinobot_msgs/include/arduinobot_msgs/arduinobot_msgs
-- Up-to-date: /home/yoga-slim-pro-2/robotarm_ws/install/arduinobot_msgs/include/arduinobot_msgs/arduinobot_msgs/msg
-- Up-to-date: /home/yoga-slim-pro-2/robotarm_ws/install/arduinobot_msgs/include/arduinobot_msgs/arduinobot_msgs/msg/rosidl_generator_cpp__visibility_control.hpp
-- Up-to-date: /home/yoga-slim-pro-2/robotarm_ws/install/arduinobot_msgs/include/arduinobot_msgs/arduinobot_msgs/action
-- Up-to-date: /home/yoga-slim-pro-2/robotarm_ws/install/arduinobot_msgs/include/arduinobot_msgs/arduinobot_msgs/action/detail
-- Up-to-date: /home/yoga-slim-pro-2/robotarm_ws/install/arduinobot_msgs/include/arduinobot_msgs/arduinobot_msgs/action/detail/arduinobot_task__type_support.hpp
-- Up-to-date: /home/yoga-slim-pro-2/robotarm_ws/install/arduinobot_msgs/include/arduinobot_msgs/arduinobot_msgs/action/detail/arduinobot_task__traits.hpp
-- Up-to-date: /home/yoga-slim-pro-2/robotarm_ws/install/arduinobot_msgs/include/arduinobot_msgs/arduinobot_msgs/action/detail/arduinobot_task__builder.hpp
-- Up-to-date: /home/yoga-slim-pro-2/robotarm_ws/install/arduinobot_msgs/include/arduinobot_msgs/arduinobot_msgs/action/detail/arduinobot_task__struct.hpp
-- Up-to-date: /home/yoga-slim-pro-2/robotarm_ws/install/arduinobot_msgs/include/arduinobot_msgs/arduinobot_msgs/action/arduinobot_task.hpp
-- Up-to-date: /home/yoga-slim-pro-2/robotarm_ws/install/arduinobot_msgs/include/arduinobot_msgs/arduinobot_msgs
-- Up-to-date: /home/yoga-slim-pro-2/robotarm_ws/install/arduinobot_msgs/include/arduinobot_msgs/arduinobot_msgs/msg
-- Up-to-date: /home/yoga-slim-pro-2/robotarm_ws/install/arduinobot_msgs/include/arduinobot_msgs/arduinobot_msgs/msg/rosidl_typesupport_fastrtps_cpp__visibility_control.h
-- Up-to-date: /home/yoga-slim-pro-2/robotarm_ws/install/arduinobot_msgs/include/arduinobot_msgs/arduinobot_msgs/action
-- Up-to-date: /home/yoga-slim-pro-2/robotarm_ws/install/arduinobot_msgs/include/arduinobot_msgs/arduinobot_msgs/action/detail
-- Up-to-date: /home/yoga-slim-pro-2/robotarm_ws/install/arduinobot_msgs/include/arduinobot_msgs/arduinobot_msgs/action/detail/dds_fastrtps
-- Up-to-date: /home/yoga-slim-pro-2/robotarm_ws/install/arduinobot_msgs/include/arduinobot_msgs/arduinobot_msgs/action/detail/arduinobot_task__rosidl_typesupport_fastrtps_cpp.hpp
-- Up-to-date: /home/yoga-slim-pro-2/robotarm_ws/install/arduinobot_msgs/lib/libarduinobot_msgs__rosidl_typesupport_fastrtps_cpp.so
-- Up-to-date: /home/yoga-slim-pro-2/robotarm_ws/install/arduinobot_msgs/include/arduinobot_msgs/arduinobot_msgs
-- Up-to-date: /home/yoga-slim-pro-2/robotarm_ws/install/arduinobot_msgs/include/arduinobot_msgs/arduinobot_msgs/msg
-- Up-to-date: /home/yoga-slim-pro-2/robotarm_ws/install/arduinobot_msgs/include/arduinobot_msgs/arduinobot_msgs/msg/rosidl_typesupport_introspection_c__visibility_control.h
-- Up-to-date: /home/yoga-slim-pro-2/robotarm_ws/install/arduinobot_msgs/include/arduinobot_msgs/arduinobot_msgs/action
-- Up-to-date: /home/yoga-slim-pro-2/robotarm_ws/install/arduinobot_msgs/include/arduinobot_msgs/arduinobot_msgs/action/detail
-- Up-to-date: /home/yoga-slim-pro-2/robotarm_ws/install/arduinobot_msgs/include/arduinobot_msgs/arduinobot_msgs/action/detail/arduinobot_task__type_support.c
-- Up-to-date: /home/yoga-slim-pro-2/robotarm_ws/install/arduinobot_msgs/include/arduinobot_msgs/arduinobot_msgs/action/detail/arduinobot_task__rosidl_typesupport_introspection_c.h
-- Up-to-date: /home/yoga-slim-pro-2/robotarm_ws/install/arduinobot_msgs/lib/libarduinobot_msgs__rosidl_typesupport_introspection_c.so
-- Up-to-date: /home/yoga-slim-pro-2/robotarm_ws/install/arduinobot_msgs/lib/libarduinobot_msgs__rosidl_typesupport_c.so
-- Up-to-date: /home/yoga-slim-pro-2/robotarm_ws/install/arduinobot_msgs/include/arduinobot_msgs/arduinobot_msgs
-- Up-to-date: /home/yoga-slim-pro-2/robotarm_ws/install/arduinobot_msgs/include/arduinobot_msgs/arduinobot_msgs/action
-- Up-to-date: /home/yoga-slim-pro-2/robotarm_ws/install/arduinobot_msgs/include/arduinobot_msgs/arduinobot_msgs/action/detail
-- Up-to-date: /home/yoga-slim-pro-2/robotarm_ws/install/arduinobot_msgs/include/arduinobot_msgs/arduinobot_msgs/action/detail/arduinobot_task__rosidl_typesupport_introspection_cpp.hpp
-- Up-to-date: /home/yoga-slim-pro-2/robotarm_ws/install/arduinobot_msgs/include/arduinobot_msgs/arduinobot_msgs/action/detail/arduinobot_task__type_support.cpp
-- Up-to-date: /home/yoga-slim-pro-2/robotarm_ws/install/arduinobot_msgs/lib/libarduinobot_msgs__rosidl_typesupport_introspection_cpp.so
-- Up-to-date: /home/yoga-slim-pro-2/robotarm_ws/install/arduinobot_msgs/lib/libarduinobot_msgs__rosidl_typesupport_cpp.so
-- Up-to-date: /home/yoga-slim-pro-2/robotarm_ws/install/arduinobot_msgs/share/arduinobot_msgs/environment/pythonpath.sh
-- Up-to-date: /home/yoga-slim-pro-2/robotarm_ws/install/arduinobot_msgs/share/arduinobot_msgs/environment/pythonpath.dsv
-- Up-to-date: /home/yoga-slim-pro-2/robotarm_ws/install/arduinobot_msgs/lib/python3.12/site-packages/arduinobot_msgs-0.0.0-py3.12.egg-info
-- Installing: /home/yoga-slim-pro-2/robotarm_ws/install/arduinobot_msgs/lib/python3.12/site-packages/arduinobot_msgs-0.0.0-py3.12.egg-info/SOURCES.txt
-- Installing: /home/yoga-slim-pro-2/robotarm_ws/install/arduinobot_msgs/lib/python3.12/site-packages/arduinobot_msgs-0.0.0-py3.12.egg-info/top_level.txt
-- Installing: /home/yoga-slim-pro-2/robotarm_ws/install/arduinobot_msgs/lib/python3.12/site-packages/arduinobot_msgs-0.0.0-py3.12.egg-info/PKG-INFO
-- Installing: /home/yoga-slim-pro-2/robotarm_ws/install/arduinobot_msgs/lib/python3.12/site-packages/arduinobot_msgs-0.0.0-py3.12.egg-info/dependency_links.txt
-- Up-to-date: /home/yoga-slim-pro-2/robotarm_ws/install/arduinobot_msgs/lib/python3.12/site-packages/arduinobot_msgs
-- Up-to-date: /home/yoga-slim-pro-2/robotarm_ws/install/arduinobot_msgs/lib/python3.12/site-packages/arduinobot_msgs/_arduinobot_msgs_s.ep.rosidl_typesupport_fastrtps_c.c
-- Up-to-date: /home/yoga-slim-pro-2/robotarm_ws/install/arduinobot_msgs/lib/python3.12/site-packages/arduinobot_msgs/_arduinobot_msgs_s.ep.rosidl_typesupport_c.c
-- Up-to-date: /home/yoga-slim-pro-2/robotarm_ws/install/arduinobot_msgs/lib/python3.12/site-packages/arduinobot_msgs/arduinobot_msgs_s__rosidl_typesupport_c.so
-- Up-to-date: /home/yoga-slim-pro-2/robotarm_ws/install/arduinobot_msgs/lib/python3.12/site-packages/arduinobot_msgs/_arduinobot_msgs_s.ep.rosidl_typesupport_introspection_c.c
-- Up-to-date: /home/yoga-slim-pro-2/robotarm_ws/install/arduinobot_msgs/lib/python3.12/site-packages/arduinobot_msgs/__init__.py
-- Up-to-date: /home/yoga-slim-pro-2/robotarm_ws/install/arduinobot_msgs/lib/python3.12/site-packages/arduinobot_msgs/action
-- Up-to-date: /home/yoga-slim-pro-2/robotarm_ws/install/arduinobot_msgs/lib/python3.12/site-packages/arduinobot_msgs/action/__init__.py
-- Up-to-date: /home/yoga-slim-pro-2/robotarm_ws/install/arduinobot_msgs/lib/python3.12/site-packages/arduinobot_msgs/action/_arduinobot_task.py
-- Up-to-date: /home/yoga-slim-pro-2/robotarm_ws/install/arduinobot_msgs/lib/python3.12/site-packages/arduinobot_msgs/action/_arduinobot_task_s.c
-- Up-to-date: /home/yoga-slim-pro-2/robotarm_ws/install/arduinobot_msgs/lib/python3.12/site-packages/arduinobot_msgs/arduinobot_msgs_s__rosidl_typesupport_fastrtps_c.so
-- Up-to-date: /home/yoga-slim-pro-2/robotarm_ws/install/arduinobot_msgs/lib/python3.12/site-packages/arduinobot_msgs/arduinobot_msgs_s__rosidl_typesupport_introspection_c.so
Listing '/home/yoga-slim-pro-2/robotarm_ws/install/arduinobot_msgs/lib/python3.12/site-packages/arduinobot_msgs'...
Listing '/home/yoga-slim-pro-2/robotarm_ws/install/arduinobot_msgs/lib/python3.12/site-packages/arduinobot_msgs/action'...
-- Up-to-date: /home/yoga-slim-pro-2/robotarm_ws/install/arduinobot_msgs/lib/python3.12/site-packages/arduinobot_msgs/arduinobot_msgs_s__rosidl_typesupport_fastrtps_c.so
-- Up-to-date: /home/yoga-slim-pro-2/robotarm_ws/install/arduinobot_msgs/lib/python3.12/site-packages/arduinobot_msgs/arduinobot_msgs_s__rosidl_typesupport_introspection_c.so
-- Up-to-date: /home/yoga-slim-pro-2/robotarm_ws/install/arduinobot_msgs/lib/python3.12/site-packages/arduinobot_msgs/arduinobot_msgs_s__rosidl_typesupport_c.so
-- Up-to-date: /home/yoga-slim-pro-2/robotarm_ws/install/arduinobot_msgs/lib/libarduinobot_msgs__rosidl_generator_py.so
-- Up-to-date: /home/yoga-slim-pro-2/robotarm_ws/install/arduinobot_msgs/share/arduinobot_msgs/action/ArduinobotTask.idl
-- Up-to-date: /home/yoga-slim-pro-2/robotarm_ws/install/arduinobot_msgs/share/arduinobot_msgs/action/ArduinobotTask.action
-- Up-to-date: /home/yoga-slim-pro-2/robotarm_ws/install/arduinobot_msgs/share/ament_index/resource_index/package_run_dependencies/arduinobot_msgs
-- Up-to-date: /home/yoga-slim-pro-2/robotarm_ws/install/arduinobot_msgs/share/ament_index/resource_index/parent_prefix_path/arduinobot_msgs
-- Up-to-date: /home/yoga-slim-pro-2/robotarm_ws/install/arduinobot_msgs/share/arduinobot_msgs/environment/ament_prefix_path.sh
-- Up-to-date: /home/yoga-slim-pro-2/robotarm_ws/install/arduinobot_msgs/share/arduinobot_msgs/environment/ament_prefix_path.dsv
-- Up-to-date: /home/yoga-slim-pro-2/robotarm_ws/install/arduinobot_msgs/share/arduinobot_msgs/environment/path.sh
-- Up-to-date: /home/yoga-slim-pro-2/robotarm_ws/install/arduinobot_msgs/share/arduinobot_msgs/environment/path.dsv
-- Up-to-date: /home/yoga-slim-pro-2/robotarm_ws/install/arduinobot_msgs/share/arduinobot_msgs/local_setup.bash
-- Up-to-date: /home/yoga-slim-pro-2/robotarm_ws/install/arduinobot_msgs/share/arduinobot_msgs/local_setup.sh
-- Up-to-date: /home/yoga-slim-pro-2/robotarm_ws/install/arduinobot_msgs/share/arduinobot_msgs/local_setup.zsh
-- Up-to-date: /home/yoga-slim-pro-2/robotarm_ws/install/arduinobot_msgs/share/arduinobot_msgs/local_setup.dsv
-- Installing: /home/yoga-slim-pro-2/robotarm_ws/install/arduinobot_msgs/share/arduinobot_msgs/package.dsv
-- Up-to-date: /home/yoga-slim-pro-2/robotarm_ws/install/arduinobot_msgs/share/ament_index/resource_index/packages/arduinobot_msgs
-- Up-to-date: /home/yoga-slim-pro-2/robotarm_ws/install/arduinobot_msgs/share/arduinobot_msgs/cmake/export_arduinobot_msgs__rosidl_generator_cExport.cmake
-- Up-to-date: /home/yoga-slim-pro-2/robotarm_ws/install/arduinobot_msgs/share/arduinobot_msgs/cmake/export_arduinobot_msgs__rosidl_generator_cExport-noconfig.cmake
-- Up-to-date: /home/yoga-slim-pro-2/robotarm_ws/install/arduinobot_msgs/share/arduinobot_msgs/cmake/export_arduinobot_msgs__rosidl_typesupport_fastrtps_cExport.cmake
-- Up-to-date: /home/yoga-slim-pro-2/robotarm_ws/install/arduinobot_msgs/share/arduinobot_msgs/cmake/export_arduinobot_msgs__rosidl_typesupport_fastrtps_cExport-noconfig.cmake
-- Up-to-date: /home/yoga-slim-pro-2/robotarm_ws/install/arduinobot_msgs/share/arduinobot_msgs/cmake/export_arduinobot_msgs__rosidl_generator_cppExport.cmake
-- Up-to-date: /home/yoga-slim-pro-2/robotarm_ws/install/arduinobot_msgs/share/arduinobot_msgs/cmake/export_arduinobot_msgs__rosidl_typesupport_fastrtps_cppExport.cmake
-- Up-to-date: /home/yoga-slim-pro-2/robotarm_ws/install/arduinobot_msgs/share/arduinobot_msgs/cmake/export_arduinobot_msgs__rosidl_typesupport_fastrtps_cppExport-noconfig.cmake
-- Up-to-date: /home/yoga-slim-pro-2/robotarm_ws/install/arduinobot_msgs/share/arduinobot_msgs/cmake/arduinobot_msgs__rosidl_typesupport_introspection_cExport.cmake
-- Up-to-date: /home/yoga-slim-pro-2/robotarm_ws/install/arduinobot_msgs/share/arduinobot_msgs/cmake/arduinobot_msgs__rosidl_typesupport_introspection_cExport-noconfig.cmake
-- Up-to-date: /home/yoga-slim-pro-2/robotarm_ws/install/arduinobot_msgs/share/arduinobot_msgs/cmake/arduinobot_msgs__rosidl_typesupport_cExport.cmake
-- Up-to-date: /home/yoga-slim-pro-2/robotarm_ws/install/arduinobot_msgs/share/arduinobot_msgs/cmake/arduinobot_msgs__rosidl_typesupport_cExport-noconfig.cmake
-- Up-to-date: /home/yoga-slim-pro-2/robotarm_ws/install/arduinobot_msgs/share/arduinobot_msgs/cmake/arduinobot_msgs__rosidl_typesupport_introspection_cppExport.cmake
-- Up-to-date: /home/yoga-slim-pro-2/robotarm_ws/install/arduinobot_msgs/share/arduinobot_msgs/cmake/arduinobot_msgs__rosidl_typesupport_introspection_cppExport-noconfig.cmake
-- Up-to-date: /home/yoga-slim-pro-2/robotarm_ws/install/arduinobot_msgs/share/arduinobot_msgs/cmake/arduinobot_msgs__rosidl_typesupport_cppExport.cmake
-- Up-to-date: /home/yoga-slim-pro-2/robotarm_ws/install/arduinobot_msgs/share/arduinobot_msgs/cmake/arduinobot_msgs__rosidl_typesupport_cppExport-noconfig.cmake
-- Up-to-date: /home/yoga-slim-pro-2/robotarm_ws/install/arduinobot_msgs/share/arduinobot_msgs/cmake/export_arduinobot_msgs__rosidl_generator_pyExport.cmake
-- Up-to-date: /home/yoga-slim-pro-2/robotarm_ws/install/arduinobot_msgs/share/arduinobot_msgs/cmake/export_arduinobot_msgs__rosidl_generator_pyExport-noconfig.cmake
-- Up-to-date: /home/yoga-slim-pro-2/robotarm_ws/install/arduinobot_msgs/share/arduinobot_msgs/cmake/rosidl_cmake-extras.cmake
-- Up-to-date: /home/yoga-slim-pro-2/robotarm_ws/install/arduinobot_msgs/share/arduinobot_msgs/cmake/ament_cmake_export_dependencies-extras.cmake
-- Up-to-date: /home/yoga-slim-pro-2/robotarm_ws/install/arduinobot_msgs/share/arduinobot_msgs/cmake/ament_cmake_export_include_directories-extras.cmake
-- Up-to-date: /home/yoga-slim-pro-2/robotarm_ws/install/arduinobot_msgs/share/arduinobot_msgs/cmake/ament_cmake_export_libraries-extras.cmake
-- Up-to-date: /home/yoga-slim-pro-2/robotarm_ws/install/arduinobot_msgs/share/arduinobot_msgs/cmake/ament_cmake_export_targets-extras.cmake
-- Up-to-date: /home/yoga-slim-pro-2/robotarm_ws/install/arduinobot_msgs/share/arduinobot_msgs/cmake/rosidl_cmake_export_typesupport_targets-extras.cmake
-- Up-to-date: /home/yoga-slim-pro-2/robotarm_ws/install/arduinobot_msgs/share/arduinobot_msgs/cmake/rosidl_cmake_export_typesupport_libraries-extras.cmake
-- Up-to-date: /home/yoga-slim-pro-2/robotarm_ws/install/arduinobot_msgs/share/arduinobot_msgs/cmake/arduinobot_msgsConfig.cmake
-- Up-to-date: /home/yoga-slim-pro-2/robotarm_ws/install/arduinobot_msgs/share/arduinobot_msgs/cmake/arduinobot_msgsConfig-version.cmake
-- Up-to-date: /home/yoga-slim-pro-2/robotarm_ws/install/arduinobot_msgs/share/arduinobot_msgs/package.xml
