[0.021s] Invoking command in '/home/yoga-slim-pro-2/robotarm_ws/build/arduinobot_msgs': CMAKE_PREFIX_PATH=${CMAKE_PREFIX_PATH}:/home/yoga-slim-pro-2/robotarm_ws/install/arduinobot_python:/home/yoga-slim-pro-2/arduinobot_ws/install/arduinobot_python:/opt/ros/jazzy DEBUGINFOD_URLS=https://debuginfod.ubuntu.com /usr/bin/cmake --build /home/yoga-slim-pro-2/robotarm_ws/build/arduinobot_msgs -- -j16 -l16
[0.105s] [  2%] Built target arduinobot_msgs__rosidl_generator_type_description
[0.124s] [  2%] Built target ament_cmake_python_copy_arduinobot_msgs
[0.143s] [  5%] Built target arduinobot_msgs__cpp
[0.144s] [ 20%] Built target arduinobot_msgs__rosidl_generator_c
[0.188s] [ 35%] Built target arduinobot_msgs__rosidl_typesupport_introspection_c
[0.188s] [ 38%] Built target arduinobot_msgs__rosidl_typesupport_fastrtps_cpp
[0.188s] [ 47%] Built target arduinobot_msgs__rosidl_typesupport_fastrtps_c
[0.189s] [ 67%] Built target arduinobot_msgs__rosidl_typesupport_c
[0.189s] [ 67%] Built target arduinobot_msgs__rosidl_typesupport_cpp
[0.189s] [ 73%] Built target arduinobot_msgs__rosidl_typesupport_introspection_cpp
[0.228s] [ 73%] Built target arduinobot_msgs
[0.267s] [ 76%] Built target arduinobot_msgs__py
[0.310s] [ 82%] Built target arduinobot_msgs__rosidl_generator_py
[0.354s] [100%] Built target arduinobot_msgs_s__rosidl_typesupport_fastrtps_c
[0.355s] [100%] Built target arduinobot_msgs_s__rosidl_typesupport_c
[0.355s] [100%] Built target arduinobot_msgs_s__rosidl_typesupport_introspection_c
[0.461s] running egg_info
[0.501s] writing arduinobot_msgs.egg-info/PKG-INFO
[0.501s] writing dependency_links to arduinobot_msgs.egg-info/dependency_links.txt
[0.501s] writing top-level names to arduinobot_msgs.egg-info/top_level.txt
[0.620s] reading manifest file 'arduinobot_msgs.egg-info/SOURCES.txt'
[0.620s] writing manifest file 'arduinobot_msgs.egg-info/SOURCES.txt'
[0.674s] [100%] Built target ament_cmake_python_build_arduinobot_msgs_egg
[0.699s] Invoked command in '/home/yoga-slim-pro-2/robotarm_ws/build/arduinobot_msgs' returned '0': CMAKE_PREFIX_PATH=${CMAKE_PREFIX_PATH}:/home/yoga-slim-pro-2/robotarm_ws/install/arduinobot_python:/home/yoga-slim-pro-2/arduinobot_ws/install/arduinobot_python:/opt/ros/jazzy DEBUGINFOD_URLS=https://debuginfod.ubuntu.com /usr/bin/cmake --build /home/yoga-slim-pro-2/robotarm_ws/build/arduinobot_msgs -- -j16 -l16
[0.701s] Invoking command in '/home/yoga-slim-pro-2/robotarm_ws/build/arduinobot_msgs': CMAKE_PREFIX_PATH=${CMAKE_PREFIX_PATH}:/home/yoga-slim-pro-2/robotarm_ws/install/arduinobot_python:/home/yoga-slim-pro-2/arduinobot_ws/install/arduinobot_python:/opt/ros/jazzy DEBUGINFOD_URLS=https://debuginfod.ubuntu.com /usr/bin/cmake --install /home/yoga-slim-pro-2/robotarm_ws/build/arduinobot_msgs
[0.718s] -- Install configuration: ""
[0.719s] -- Up-to-date: /home/yoga-slim-pro-2/robotarm_ws/install/arduinobot_msgs/share/ament_index/resource_index/rosidl_interfaces/arduinobot_msgs
[0.719s] -- Up-to-date: /home/yoga-slim-pro-2/robotarm_ws/install/arduinobot_msgs/share/arduinobot_msgs/action/ArduinobotTask.json
[0.719s] -- Up-to-date: /home/yoga-slim-pro-2/robotarm_ws/install/arduinobot_msgs/include/arduinobot_msgs/arduinobot_msgs
[0.719s] -- Up-to-date: /home/yoga-slim-pro-2/robotarm_ws/install/arduinobot_msgs/include/arduinobot_msgs/arduinobot_msgs/msg
[0.719s] -- Up-to-date: /home/yoga-slim-pro-2/robotarm_ws/install/arduinobot_msgs/include/arduinobot_msgs/arduinobot_msgs/msg/rosidl_generator_c__visibility_control.h
[0.720s] -- Up-to-date: /home/yoga-slim-pro-2/robotarm_ws/install/arduinobot_msgs/include/arduinobot_msgs/arduinobot_msgs/action
[0.720s] -- Up-to-date: /home/yoga-slim-pro-2/robotarm_ws/install/arduinobot_msgs/include/arduinobot_msgs/arduinobot_msgs/action/arduinobot_task.h
[0.720s] -- Up-to-date: /home/yoga-slim-pro-2/robotarm_ws/install/arduinobot_msgs/include/arduinobot_msgs/arduinobot_msgs/action/detail
[0.720s] -- Up-to-date: /home/yoga-slim-pro-2/robotarm_ws/install/arduinobot_msgs/include/arduinobot_msgs/arduinobot_msgs/action/detail/arduinobot_task__functions.c
[0.720s] -- Up-to-date: /home/yoga-slim-pro-2/robotarm_ws/install/arduinobot_msgs/include/arduinobot_msgs/arduinobot_msgs/action/detail/arduinobot_task__struct.h
[0.721s] -- Up-to-date: /home/yoga-slim-pro-2/robotarm_ws/install/arduinobot_msgs/include/arduinobot_msgs/arduinobot_msgs/action/detail/arduinobot_task__type_support.h
[0.721s] -- Up-to-date: /home/yoga-slim-pro-2/robotarm_ws/install/arduinobot_msgs/include/arduinobot_msgs/arduinobot_msgs/action/detail/arduinobot_task__functions.h
[0.721s] -- Up-to-date: /home/yoga-slim-pro-2/robotarm_ws/install/arduinobot_msgs/include/arduinobot_msgs/arduinobot_msgs/action/detail/arduinobot_task__description.c
[0.721s] -- Up-to-date: /home/yoga-slim-pro-2/robotarm_ws/install/arduinobot_msgs/include/arduinobot_msgs/arduinobot_msgs/action/detail/arduinobot_task__type_support.c
[0.721s] -- Up-to-date: /home/yoga-slim-pro-2/robotarm_ws/install/arduinobot_msgs/share/arduinobot_msgs/environment/library_path.sh
[0.722s] -- Up-to-date: /home/yoga-slim-pro-2/robotarm_ws/install/arduinobot_msgs/share/arduinobot_msgs/environment/library_path.dsv
[0.722s] -- Up-to-date: /home/yoga-slim-pro-2/robotarm_ws/install/arduinobot_msgs/lib/libarduinobot_msgs__rosidl_generator_c.so
[0.722s] -- Up-to-date: /home/yoga-slim-pro-2/robotarm_ws/install/arduinobot_msgs/include/arduinobot_msgs/arduinobot_msgs
[0.722s] -- Up-to-date: /home/yoga-slim-pro-2/robotarm_ws/install/arduinobot_msgs/include/arduinobot_msgs/arduinobot_msgs/msg
[0.723s] -- Up-to-date: /home/yoga-slim-pro-2/robotarm_ws/install/arduinobot_msgs/include/arduinobot_msgs/arduinobot_msgs/msg/rosidl_typesupport_fastrtps_c__visibility_control.h
[0.723s] -- Up-to-date: /home/yoga-slim-pro-2/robotarm_ws/install/arduinobot_msgs/include/arduinobot_msgs/arduinobot_msgs/action
[0.723s] -- Up-to-date: /home/yoga-slim-pro-2/robotarm_ws/install/arduinobot_msgs/include/arduinobot_msgs/arduinobot_msgs/action/detail
[0.723s] -- Up-to-date: /home/yoga-slim-pro-2/robotarm_ws/install/arduinobot_msgs/include/arduinobot_msgs/arduinobot_msgs/action/detail/arduinobot_task__rosidl_typesupport_fastrtps_c.h
[0.723s] -- Up-to-date: /home/yoga-slim-pro-2/robotarm_ws/install/arduinobot_msgs/lib/libarduinobot_msgs__rosidl_typesupport_fastrtps_c.so
[0.723s] -- Up-to-date: /home/yoga-slim-pro-2/robotarm_ws/install/arduinobot_msgs/include/arduinobot_msgs/arduinobot_msgs
[0.724s] -- Up-to-date: /home/yoga-slim-pro-2/robotarm_ws/install/arduinobot_msgs/include/arduinobot_msgs/arduinobot_msgs/msg
[0.724s] -- Up-to-date: /home/yoga-slim-pro-2/robotarm_ws/install/arduinobot_msgs/include/arduinobot_msgs/arduinobot_msgs/msg/rosidl_generator_cpp__visibility_control.hpp
[0.724s] -- Up-to-date: /home/yoga-slim-pro-2/robotarm_ws/install/arduinobot_msgs/include/arduinobot_msgs/arduinobot_msgs/action
[0.724s] -- Up-to-date: /home/yoga-slim-pro-2/robotarm_ws/install/arduinobot_msgs/include/arduinobot_msgs/arduinobot_msgs/action/detail
[0.724s] -- Up-to-date: /home/yoga-slim-pro-2/robotarm_ws/install/arduinobot_msgs/include/arduinobot_msgs/arduinobot_msgs/action/detail/arduinobot_task__type_support.hpp
[0.725s] -- Up-to-date: /home/yoga-slim-pro-2/robotarm_ws/install/arduinobot_msgs/include/arduinobot_msgs/arduinobot_msgs/action/detail/arduinobot_task__traits.hpp
[0.725s] -- Up-to-date: /home/yoga-slim-pro-2/robotarm_ws/install/arduinobot_msgs/include/arduinobot_msgs/arduinobot_msgs/action/detail/arduinobot_task__builder.hpp
[0.725s] -- Up-to-date: /home/yoga-slim-pro-2/robotarm_ws/install/arduinobot_msgs/include/arduinobot_msgs/arduinobot_msgs/action/detail/arduinobot_task__struct.hpp
[0.725s] -- Up-to-date: /home/yoga-slim-pro-2/robotarm_ws/install/arduinobot_msgs/include/arduinobot_msgs/arduinobot_msgs/action/arduinobot_task.hpp
[0.725s] -- Up-to-date: /home/yoga-slim-pro-2/robotarm_ws/install/arduinobot_msgs/include/arduinobot_msgs/arduinobot_msgs
[0.725s] -- Up-to-date: /home/yoga-slim-pro-2/robotarm_ws/install/arduinobot_msgs/include/arduinobot_msgs/arduinobot_msgs/msg
[0.726s] -- Up-to-date: /home/yoga-slim-pro-2/robotarm_ws/install/arduinobot_msgs/include/arduinobot_msgs/arduinobot_msgs/msg/rosidl_typesupport_fastrtps_cpp__visibility_control.h
[0.726s] -- Up-to-date: /home/yoga-slim-pro-2/robotarm_ws/install/arduinobot_msgs/include/arduinobot_msgs/arduinobot_msgs/action
[0.726s] -- Up-to-date: /home/yoga-slim-pro-2/robotarm_ws/install/arduinobot_msgs/include/arduinobot_msgs/arduinobot_msgs/action/detail
[0.726s] -- Up-to-date: /home/yoga-slim-pro-2/robotarm_ws/install/arduinobot_msgs/include/arduinobot_msgs/arduinobot_msgs/action/detail/dds_fastrtps
[0.727s] -- Up-to-date: /home/yoga-slim-pro-2/robotarm_ws/install/arduinobot_msgs/include/arduinobot_msgs/arduinobot_msgs/action/detail/arduinobot_task__rosidl_typesupport_fastrtps_cpp.hpp
[0.727s] -- Up-to-date: /home/yoga-slim-pro-2/robotarm_ws/install/arduinobot_msgs/lib/libarduinobot_msgs__rosidl_typesupport_fastrtps_cpp.so
[0.727s] -- Up-to-date: /home/yoga-slim-pro-2/robotarm_ws/install/arduinobot_msgs/include/arduinobot_msgs/arduinobot_msgs
[0.727s] -- Up-to-date: /home/yoga-slim-pro-2/robotarm_ws/install/arduinobot_msgs/include/arduinobot_msgs/arduinobot_msgs/msg
[0.727s] -- Up-to-date: /home/yoga-slim-pro-2/robotarm_ws/install/arduinobot_msgs/include/arduinobot_msgs/arduinobot_msgs/msg/rosidl_typesupport_introspection_c__visibility_control.h
[0.728s] -- Up-to-date: /home/yoga-slim-pro-2/robotarm_ws/install/arduinobot_msgs/include/arduinobot_msgs/arduinobot_msgs/action
[0.728s] -- Up-to-date: /home/yoga-slim-pro-2/robotarm_ws/install/arduinobot_msgs/include/arduinobot_msgs/arduinobot_msgs/action/detail
[0.728s] -- Up-to-date: /home/yoga-slim-pro-2/robotarm_ws/install/arduinobot_msgs/include/arduinobot_msgs/arduinobot_msgs/action/detail/arduinobot_task__type_support.c
[0.728s] -- Up-to-date: /home/yoga-slim-pro-2/robotarm_ws/install/arduinobot_msgs/include/arduinobot_msgs/arduinobot_msgs/action/detail/arduinobot_task__rosidl_typesupport_introspection_c.h
[0.728s] -- Up-to-date: /home/yoga-slim-pro-2/robotarm_ws/install/arduinobot_msgs/lib/libarduinobot_msgs__rosidl_typesupport_introspection_c.so
[0.728s] -- Up-to-date: /home/yoga-slim-pro-2/robotarm_ws/install/arduinobot_msgs/lib/libarduinobot_msgs__rosidl_typesupport_c.so
[0.729s] -- Up-to-date: /home/yoga-slim-pro-2/robotarm_ws/install/arduinobot_msgs/include/arduinobot_msgs/arduinobot_msgs
[0.729s] -- Up-to-date: /home/yoga-slim-pro-2/robotarm_ws/install/arduinobot_msgs/include/arduinobot_msgs/arduinobot_msgs/action
[0.729s] -- Up-to-date: /home/yoga-slim-pro-2/robotarm_ws/install/arduinobot_msgs/include/arduinobot_msgs/arduinobot_msgs/action/detail
[0.729s] -- Up-to-date: /home/yoga-slim-pro-2/robotarm_ws/install/arduinobot_msgs/include/arduinobot_msgs/arduinobot_msgs/action/detail/arduinobot_task__rosidl_typesupport_introspection_cpp.hpp
[0.729s] -- Up-to-date: /home/yoga-slim-pro-2/robotarm_ws/install/arduinobot_msgs/include/arduinobot_msgs/arduinobot_msgs/action/detail/arduinobot_task__type_support.cpp
[0.729s] -- Up-to-date: /home/yoga-slim-pro-2/robotarm_ws/install/arduinobot_msgs/lib/libarduinobot_msgs__rosidl_typesupport_introspection_cpp.so
[0.730s] -- Up-to-date: /home/yoga-slim-pro-2/robotarm_ws/install/arduinobot_msgs/lib/libarduinobot_msgs__rosidl_typesupport_cpp.so
[0.730s] -- Up-to-date: /home/yoga-slim-pro-2/robotarm_ws/install/arduinobot_msgs/share/arduinobot_msgs/environment/pythonpath.sh
[0.730s] -- Up-to-date: /home/yoga-slim-pro-2/robotarm_ws/install/arduinobot_msgs/share/arduinobot_msgs/environment/pythonpath.dsv
[0.730s] -- Up-to-date: /home/yoga-slim-pro-2/robotarm_ws/install/arduinobot_msgs/lib/python3.12/site-packages/arduinobot_msgs-0.0.0-py3.12.egg-info
[0.730s] -- Installing: /home/yoga-slim-pro-2/robotarm_ws/install/arduinobot_msgs/lib/python3.12/site-packages/arduinobot_msgs-0.0.0-py3.12.egg-info/SOURCES.txt
[0.730s] -- Installing: /home/yoga-slim-pro-2/robotarm_ws/install/arduinobot_msgs/lib/python3.12/site-packages/arduinobot_msgs-0.0.0-py3.12.egg-info/top_level.txt
[0.731s] -- Installing: /home/yoga-slim-pro-2/robotarm_ws/install/arduinobot_msgs/lib/python3.12/site-packages/arduinobot_msgs-0.0.0-py3.12.egg-info/PKG-INFO
[0.731s] -- Installing: /home/yoga-slim-pro-2/robotarm_ws/install/arduinobot_msgs/lib/python3.12/site-packages/arduinobot_msgs-0.0.0-py3.12.egg-info/dependency_links.txt
[0.731s] -- Up-to-date: /home/yoga-slim-pro-2/robotarm_ws/install/arduinobot_msgs/lib/python3.12/site-packages/arduinobot_msgs
[0.731s] -- Up-to-date: /home/yoga-slim-pro-2/robotarm_ws/install/arduinobot_msgs/lib/python3.12/site-packages/arduinobot_msgs/_arduinobot_msgs_s.ep.rosidl_typesupport_fastrtps_c.c
[0.731s] -- Up-to-date: /home/yoga-slim-pro-2/robotarm_ws/install/arduinobot_msgs/lib/python3.12/site-packages/arduinobot_msgs/_arduinobot_msgs_s.ep.rosidl_typesupport_c.c
[0.731s] -- Up-to-date: /home/yoga-slim-pro-2/robotarm_ws/install/arduinobot_msgs/lib/python3.12/site-packages/arduinobot_msgs/arduinobot_msgs_s__rosidl_typesupport_c.so
[0.732s] -- Up-to-date: /home/yoga-slim-pro-2/robotarm_ws/install/arduinobot_msgs/lib/python3.12/site-packages/arduinobot_msgs/_arduinobot_msgs_s.ep.rosidl_typesupport_introspection_c.c
[0.732s] -- Up-to-date: /home/yoga-slim-pro-2/robotarm_ws/install/arduinobot_msgs/lib/python3.12/site-packages/arduinobot_msgs/__init__.py
[0.732s] -- Up-to-date: /home/yoga-slim-pro-2/robotarm_ws/install/arduinobot_msgs/lib/python3.12/site-packages/arduinobot_msgs/action
[0.732s] -- Up-to-date: /home/yoga-slim-pro-2/robotarm_ws/install/arduinobot_msgs/lib/python3.12/site-packages/arduinobot_msgs/action/__init__.py
[0.732s] -- Up-to-date: /home/yoga-slim-pro-2/robotarm_ws/install/arduinobot_msgs/lib/python3.12/site-packages/arduinobot_msgs/action/_arduinobot_task.py
[0.732s] -- Up-to-date: /home/yoga-slim-pro-2/robotarm_ws/install/arduinobot_msgs/lib/python3.12/site-packages/arduinobot_msgs/action/_arduinobot_task_s.c
[0.733s] -- Up-to-date: /home/yoga-slim-pro-2/robotarm_ws/install/arduinobot_msgs/lib/python3.12/site-packages/arduinobot_msgs/arduinobot_msgs_s__rosidl_typesupport_fastrtps_c.so
[0.733s] -- Up-to-date: /home/yoga-slim-pro-2/robotarm_ws/install/arduinobot_msgs/lib/python3.12/site-packages/arduinobot_msgs/arduinobot_msgs_s__rosidl_typesupport_introspection_c.so
[0.785s] Listing '/home/yoga-slim-pro-2/robotarm_ws/install/arduinobot_msgs/lib/python3.12/site-packages/arduinobot_msgs'...
[0.785s] Listing '/home/yoga-slim-pro-2/robotarm_ws/install/arduinobot_msgs/lib/python3.12/site-packages/arduinobot_msgs/action'...
[0.794s] -- Up-to-date: /home/yoga-slim-pro-2/robotarm_ws/install/arduinobot_msgs/lib/python3.12/site-packages/arduinobot_msgs/arduinobot_msgs_s__rosidl_typesupport_fastrtps_c.so
[0.795s] -- Up-to-date: /home/yoga-slim-pro-2/robotarm_ws/install/arduinobot_msgs/lib/python3.12/site-packages/arduinobot_msgs/arduinobot_msgs_s__rosidl_typesupport_introspection_c.so
[0.795s] -- Up-to-date: /home/yoga-slim-pro-2/robotarm_ws/install/arduinobot_msgs/lib/python3.12/site-packages/arduinobot_msgs/arduinobot_msgs_s__rosidl_typesupport_c.so
[0.795s] -- Up-to-date: /home/yoga-slim-pro-2/robotarm_ws/install/arduinobot_msgs/lib/libarduinobot_msgs__rosidl_generator_py.so
[0.796s] -- Up-to-date: /home/yoga-slim-pro-2/robotarm_ws/install/arduinobot_msgs/share/arduinobot_msgs/action/ArduinobotTask.idl
[0.796s] -- Up-to-date: /home/yoga-slim-pro-2/robotarm_ws/install/arduinobot_msgs/share/arduinobot_msgs/action/ArduinobotTask.action
[0.796s] -- Up-to-date: /home/yoga-slim-pro-2/robotarm_ws/install/arduinobot_msgs/share/ament_index/resource_index/package_run_dependencies/arduinobot_msgs
[0.796s] -- Up-to-date: /home/yoga-slim-pro-2/robotarm_ws/install/arduinobot_msgs/share/ament_index/resource_index/parent_prefix_path/arduinobot_msgs
[0.797s] -- Up-to-date: /home/yoga-slim-pro-2/robotarm_ws/install/arduinobot_msgs/share/arduinobot_msgs/environment/ament_prefix_path.sh
[0.797s] -- Up-to-date: /home/yoga-slim-pro-2/robotarm_ws/install/arduinobot_msgs/share/arduinobot_msgs/environment/ament_prefix_path.dsv
[0.797s] -- Up-to-date: /home/yoga-slim-pro-2/robotarm_ws/install/arduinobot_msgs/share/arduinobot_msgs/environment/path.sh
[0.797s] -- Up-to-date: /home/yoga-slim-pro-2/robotarm_ws/install/arduinobot_msgs/share/arduinobot_msgs/environment/path.dsv
[0.797s] -- Up-to-date: /home/yoga-slim-pro-2/robotarm_ws/install/arduinobot_msgs/share/arduinobot_msgs/local_setup.bash
[0.798s] -- Up-to-date: /home/yoga-slim-pro-2/robotarm_ws/install/arduinobot_msgs/share/arduinobot_msgs/local_setup.sh
[0.798s] -- Up-to-date: /home/yoga-slim-pro-2/robotarm_ws/install/arduinobot_msgs/share/arduinobot_msgs/local_setup.zsh
[0.798s] -- Up-to-date: /home/yoga-slim-pro-2/robotarm_ws/install/arduinobot_msgs/share/arduinobot_msgs/local_setup.dsv
[0.798s] -- Installing: /home/yoga-slim-pro-2/robotarm_ws/install/arduinobot_msgs/share/arduinobot_msgs/package.dsv
[0.798s] -- Up-to-date: /home/yoga-slim-pro-2/robotarm_ws/install/arduinobot_msgs/share/ament_index/resource_index/packages/arduinobot_msgs
[0.799s] -- Up-to-date: /home/yoga-slim-pro-2/robotarm_ws/install/arduinobot_msgs/share/arduinobot_msgs/cmake/export_arduinobot_msgs__rosidl_generator_cExport.cmake
[0.799s] -- Up-to-date: /home/yoga-slim-pro-2/robotarm_ws/install/arduinobot_msgs/share/arduinobot_msgs/cmake/export_arduinobot_msgs__rosidl_generator_cExport-noconfig.cmake
[0.799s] -- Up-to-date: /home/yoga-slim-pro-2/robotarm_ws/install/arduinobot_msgs/share/arduinobot_msgs/cmake/export_arduinobot_msgs__rosidl_typesupport_fastrtps_cExport.cmake
[0.799s] -- Up-to-date: /home/yoga-slim-pro-2/robotarm_ws/install/arduinobot_msgs/share/arduinobot_msgs/cmake/export_arduinobot_msgs__rosidl_typesupport_fastrtps_cExport-noconfig.cmake
[0.800s] -- Up-to-date: /home/yoga-slim-pro-2/robotarm_ws/install/arduinobot_msgs/share/arduinobot_msgs/cmake/export_arduinobot_msgs__rosidl_generator_cppExport.cmake
[0.800s] -- Up-to-date: /home/yoga-slim-pro-2/robotarm_ws/install/arduinobot_msgs/share/arduinobot_msgs/cmake/export_arduinobot_msgs__rosidl_typesupport_fastrtps_cppExport.cmake
[0.800s] -- Up-to-date: /home/yoga-slim-pro-2/robotarm_ws/install/arduinobot_msgs/share/arduinobot_msgs/cmake/export_arduinobot_msgs__rosidl_typesupport_fastrtps_cppExport-noconfig.cmake
[0.800s] -- Up-to-date: /home/yoga-slim-pro-2/robotarm_ws/install/arduinobot_msgs/share/arduinobot_msgs/cmake/arduinobot_msgs__rosidl_typesupport_introspection_cExport.cmake
[0.800s] -- Up-to-date: /home/yoga-slim-pro-2/robotarm_ws/install/arduinobot_msgs/share/arduinobot_msgs/cmake/arduinobot_msgs__rosidl_typesupport_introspection_cExport-noconfig.cmake
[0.801s] -- Up-to-date: /home/yoga-slim-pro-2/robotarm_ws/install/arduinobot_msgs/share/arduinobot_msgs/cmake/arduinobot_msgs__rosidl_typesupport_cExport.cmake
[0.801s] -- Up-to-date: /home/yoga-slim-pro-2/robotarm_ws/install/arduinobot_msgs/share/arduinobot_msgs/cmake/arduinobot_msgs__rosidl_typesupport_cExport-noconfig.cmake
[0.801s] -- Up-to-date: /home/yoga-slim-pro-2/robotarm_ws/install/arduinobot_msgs/share/arduinobot_msgs/cmake/arduinobot_msgs__rosidl_typesupport_introspection_cppExport.cmake
[0.801s] -- Up-to-date: /home/yoga-slim-pro-2/robotarm_ws/install/arduinobot_msgs/share/arduinobot_msgs/cmake/arduinobot_msgs__rosidl_typesupport_introspection_cppExport-noconfig.cmake
[0.801s] -- Up-to-date: /home/yoga-slim-pro-2/robotarm_ws/install/arduinobot_msgs/share/arduinobot_msgs/cmake/arduinobot_msgs__rosidl_typesupport_cppExport.cmake
[0.802s] -- Up-to-date: /home/yoga-slim-pro-2/robotarm_ws/install/arduinobot_msgs/share/arduinobot_msgs/cmake/arduinobot_msgs__rosidl_typesupport_cppExport-noconfig.cmake
[0.802s] -- Up-to-date: /home/yoga-slim-pro-2/robotarm_ws/install/arduinobot_msgs/share/arduinobot_msgs/cmake/export_arduinobot_msgs__rosidl_generator_pyExport.cmake
[0.802s] -- Up-to-date: /home/yoga-slim-pro-2/robotarm_ws/install/arduinobot_msgs/share/arduinobot_msgs/cmake/export_arduinobot_msgs__rosidl_generator_pyExport-noconfig.cmake
[0.802s] -- Up-to-date: /home/yoga-slim-pro-2/robotarm_ws/install/arduinobot_msgs/share/arduinobot_msgs/cmake/rosidl_cmake-extras.cmake
[0.802s] -- Up-to-date: /home/yoga-slim-pro-2/robotarm_ws/install/arduinobot_msgs/share/arduinobot_msgs/cmake/ament_cmake_export_dependencies-extras.cmake
[0.802s] -- Up-to-date: /home/yoga-slim-pro-2/robotarm_ws/install/arduinobot_msgs/share/arduinobot_msgs/cmake/ament_cmake_export_include_directories-extras.cmake
[0.803s] -- Up-to-date: /home/yoga-slim-pro-2/robotarm_ws/install/arduinobot_msgs/share/arduinobot_msgs/cmake/ament_cmake_export_libraries-extras.cmake
[0.803s] -- Up-to-date: /home/yoga-slim-pro-2/robotarm_ws/install/arduinobot_msgs/share/arduinobot_msgs/cmake/ament_cmake_export_targets-extras.cmake
[0.803s] -- Up-to-date: /home/yoga-slim-pro-2/robotarm_ws/install/arduinobot_msgs/share/arduinobot_msgs/cmake/rosidl_cmake_export_typesupport_targets-extras.cmake
[0.803s] -- Up-to-date: /home/yoga-slim-pro-2/robotarm_ws/install/arduinobot_msgs/share/arduinobot_msgs/cmake/rosidl_cmake_export_typesupport_libraries-extras.cmake
[0.803s] -- Up-to-date: /home/yoga-slim-pro-2/robotarm_ws/install/arduinobot_msgs/share/arduinobot_msgs/cmake/arduinobot_msgsConfig.cmake
[0.804s] -- Up-to-date: /home/yoga-slim-pro-2/robotarm_ws/install/arduinobot_msgs/share/arduinobot_msgs/cmake/arduinobot_msgsConfig-version.cmake
[0.804s] -- Up-to-date: /home/yoga-slim-pro-2/robotarm_ws/install/arduinobot_msgs/share/arduinobot_msgs/package.xml
[0.806s] Invoked command in '/home/yoga-slim-pro-2/robotarm_ws/build/arduinobot_msgs' returned '0': CMAKE_PREFIX_PATH=${CMAKE_PREFIX_PATH}:/home/yoga-slim-pro-2/robotarm_ws/install/arduinobot_python:/home/yoga-slim-pro-2/arduinobot_ws/install/arduinobot_python:/opt/ros/jazzy DEBUGINFOD_URLS=https://debuginfod.ubuntu.com /usr/bin/cmake --install /home/yoga-slim-pro-2/robotarm_ws/build/arduinobot_msgs
