[0.987s] Invoking command in '/home/yoga-slim-pro-2/robotarm_ws/src/arduinobot_python': DEBUGINFOD_URLS=https://debuginfod.ubuntu.com PYTHONPATH=/home/yoga-slim-pro-2/robotarm_ws/build/arduinobot_python/prefix_override:/usr/lib/python3/dist-packages/colcon_core/task/python/colcon_distutils_commands:/home/yoga-slim-pro-2/robotarm_ws/install/arduinobot_python/lib/python3.12/site-packages:${PYTHONPATH} /usr/bin/python3 -W ignore:setup.py install is deprecated -W ignore:easy_install command is deprecated setup.py egg_info --egg-base ../../build/arduinobot_python build --build-base /home/yoga-slim-pro-2/robotarm_ws/build/arduinobot_python/build install --record /home/yoga-slim-pro-2/robotarm_ws/build/arduinobot_python/install.log --single-version-externally-managed install_data
[1.297s] running egg_info
[1.323s] writing ../../build/arduinobot_python/arduinobot_python.egg-info/PKG-INFO
[1.323s] writing dependency_links to ../../build/arduinobot_python/arduinobot_python.egg-info/dependency_links.txt
[1.324s] writing entry points to ../../build/arduinobot_python/arduinobot_python.egg-info/entry_points.txt
[1.324s] writing requirements to ../../build/arduinobot_python/arduinobot_python.egg-info/requires.txt
[1.324s] writing top-level names to ../../build/arduinobot_python/arduinobot_python.egg-info/top_level.txt
[1.369s] reading manifest file '../../build/arduinobot_python/arduinobot_python.egg-info/SOURCES.txt'
[1.369s] writing manifest file '../../build/arduinobot_python/arduinobot_python.egg-info/SOURCES.txt'
[1.369s] running build
[1.369s] running build_py
[1.370s] running install
[1.375s] running install_lib
[1.399s] running install_data
[1.399s] running install_egg_info
[1.423s] removing '/home/yoga-slim-pro-2/robotarm_ws/install/arduinobot_python/lib/python3.12/site-packages/arduinobot_python-0.0.0-py3.12.egg-info' (and everything under it)
[1.424s] Copying ../../build/arduinobot_python/arduinobot_python.egg-info to /home/yoga-slim-pro-2/robotarm_ws/install/arduinobot_python/lib/python3.12/site-packages/arduinobot_python-0.0.0-py3.12.egg-info
[1.424s] running install_scripts
[1.577s] Installing camera_node script to /home/yoga-slim-pro-2/robotarm_ws/install/arduinobot_python/lib/arduinobot_python
[1.578s] Installing yolo_node script to /home/yoga-slim-pro-2/robotarm_ws/install/arduinobot_python/lib/arduinobot_python
[1.578s] writing list of installed files to '/home/yoga-slim-pro-2/robotarm_ws/build/arduinobot_python/install.log'
[1.611s] Invoked command in '/home/yoga-slim-pro-2/robotarm_ws/src/arduinobot_python' returned '0': DEBUGINFOD_URLS=https://debuginfod.ubuntu.com PYTHONPATH=/home/yoga-slim-pro-2/robotarm_ws/build/arduinobot_python/prefix_override:/usr/lib/python3/dist-packages/colcon_core/task/python/colcon_distutils_commands:/home/yoga-slim-pro-2/robotarm_ws/install/arduinobot_python/lib/python3.12/site-packages:${PYTHONPATH} /usr/bin/python3 -W ignore:setup.py install is deprecated -W ignore:easy_install command is deprecated setup.py egg_info --egg-base ../../build/arduinobot_python build --build-base /home/yoga-slim-pro-2/robotarm_ws/build/arduinobot_python/build install --record /home/yoga-slim-pro-2/robotarm_ws/build/arduinobot_python/install.log --single-version-externally-managed install_data
