[0.021s] Invoking command in '/home/yoga-slim-pro-2/robotarm_ws/build/arduinobot_msgs': CMAKE_PREFIX_PATH=${CMAKE_PREFIX_PATH}:/home/yoga-slim-pro-2/robotarm_ws/install/arduinobot_python:/home/yoga-slim-pro-2/arduinobot_ws/install/arduinobot_python:/opt/ros/jazzy DEBUGINFOD_URLS=https://debuginfod.ubuntu.com /usr/bin/cmake --build /home/yoga-slim-pro-2/robotarm_ws/build/arduinobot_msgs -- -j16 -l16
[0.102s] [  2%] Built target arduinobot_msgs__rosidl_generator_type_description
[0.119s] [  2%] Built target ament_cmake_python_copy_arduinobot_msgs
[0.136s] [ 11%] Built target arduinobot_msgs__cpp
[0.136s] [ 20%] Built target arduinobot_msgs__rosidl_generator_c
[0.175s] [ 73%] Built target arduinobot_msgs__rosidl_typesupport_c
[0.176s] [ 73%] Built target arduinobot_msgs__rosidl_typesupport_fastrtps_cpp
[0.176s] [ 73%] Built target arduinobot_msgs__rosidl_typesupport_introspection_c
[0.176s] [ 73%] Built target arduinobot_msgs__rosidl_typesupport_fastrtps_c
[0.176s] [ 73%] Built target arduinobot_msgs__rosidl_typesupport_cpp
[0.176s] [ 73%] Built target arduinobot_msgs__rosidl_typesupport_introspection_cpp
[0.213s] [ 73%] Built target arduinobot_msgs
[0.251s] [ 76%] Built target arduinobot_msgs__py
[0.290s] [ 82%] Built target arduinobot_msgs__rosidl_generator_py
[0.325s] [100%] Built target arduinobot_msgs_s__rosidl_typesupport_c
[0.326s] [100%] Built target arduinobot_msgs_s__rosidl_typesupport_introspection_c
[0.326s] [100%] Built target arduinobot_msgs_s__rosidl_typesupport_fastrtps_c
[0.409s] running egg_info
[0.442s] writing arduinobot_msgs.egg-info/PKG-INFO
[0.443s] writing dependency_links to arduinobot_msgs.egg-info/dependency_links.txt
[0.443s] writing top-level names to arduinobot_msgs.egg-info/top_level.txt
[0.542s] reading manifest file 'arduinobot_msgs.egg-info/SOURCES.txt'
[0.542s] writing manifest file 'arduinobot_msgs.egg-info/SOURCES.txt'
[0.610s] [100%] Built target ament_cmake_python_build_arduinobot_msgs_egg
[0.636s] Invoked command in '/home/yoga-slim-pro-2/robotarm_ws/build/arduinobot_msgs' returned '0': CMAKE_PREFIX_PATH=${CMAKE_PREFIX_PATH}:/home/yoga-slim-pro-2/robotarm_ws/install/arduinobot_python:/home/yoga-slim-pro-2/arduinobot_ws/install/arduinobot_python:/opt/ros/jazzy DEBUGINFOD_URLS=https://debuginfod.ubuntu.com /usr/bin/cmake --build /home/yoga-slim-pro-2/robotarm_ws/build/arduinobot_msgs -- -j16 -l16
[0.638s] Invoking command in '/home/yoga-slim-pro-2/robotarm_ws/build/arduinobot_msgs': CMAKE_PREFIX_PATH=${CMAKE_PREFIX_PATH}:/home/yoga-slim-pro-2/robotarm_ws/install/arduinobot_python:/home/yoga-slim-pro-2/arduinobot_ws/install/arduinobot_python:/opt/ros/jazzy DEBUGINFOD_URLS=https://debuginfod.ubuntu.com /usr/bin/cmake --install /home/yoga-slim-pro-2/robotarm_ws/build/arduinobot_msgs
[0.653s] -- Install configuration: ""
[0.654s] -- Up-to-date: /home/yoga-slim-pro-2/robotarm_ws/install/arduinobot_msgs/share/ament_index/resource_index/rosidl_interfaces/arduinobot_msgs
[0.654s] -- Up-to-date: /home/yoga-slim-pro-2/robotarm_ws/install/arduinobot_msgs/share/arduinobot_msgs/action/ArduinobotTask.json
[0.654s] -- Up-to-date: /home/yoga-slim-pro-2/robotarm_ws/install/arduinobot_msgs/include/arduinobot_msgs/arduinobot_msgs
[0.654s] -- Up-to-date: /home/yoga-slim-pro-2/robotarm_ws/install/arduinobot_msgs/include/arduinobot_msgs/arduinobot_msgs/msg
[0.654s] -- Up-to-date: /home/yoga-slim-pro-2/robotarm_ws/install/arduinobot_msgs/include/arduinobot_msgs/arduinobot_msgs/msg/rosidl_generator_c__visibility_control.h
[0.654s] -- Up-to-date: /home/yoga-slim-pro-2/robotarm_ws/install/arduinobot_msgs/include/arduinobot_msgs/arduinobot_msgs/action
[0.655s] -- Up-to-date: /home/yoga-slim-pro-2/robotarm_ws/install/arduinobot_msgs/include/arduinobot_msgs/arduinobot_msgs/action/arduinobot_task.h
[0.655s] -- Up-to-date: /home/yoga-slim-pro-2/robotarm_ws/install/arduinobot_msgs/include/arduinobot_msgs/arduinobot_msgs/action/detail
[0.655s] -- Up-to-date: /home/yoga-slim-pro-2/robotarm_ws/install/arduinobot_msgs/include/arduinobot_msgs/arduinobot_msgs/action/detail/arduinobot_task__functions.c
[0.655s] -- Up-to-date: /home/yoga-slim-pro-2/robotarm_ws/install/arduinobot_msgs/include/arduinobot_msgs/arduinobot_msgs/action/detail/arduinobot_task__struct.h
[0.655s] -- Up-to-date: /home/yoga-slim-pro-2/robotarm_ws/install/arduinobot_msgs/include/arduinobot_msgs/arduinobot_msgs/action/detail/arduinobot_task__type_support.h
[0.655s] -- Up-to-date: /home/yoga-slim-pro-2/robotarm_ws/install/arduinobot_msgs/include/arduinobot_msgs/arduinobot_msgs/action/detail/arduinobot_task__functions.h
[0.655s] -- Up-to-date: /home/yoga-slim-pro-2/robotarm_ws/install/arduinobot_msgs/include/arduinobot_msgs/arduinobot_msgs/action/detail/arduinobot_task__description.c
[0.656s] -- Up-to-date: /home/yoga-slim-pro-2/robotarm_ws/install/arduinobot_msgs/include/arduinobot_msgs/arduinobot_msgs/action/detail/arduinobot_task__type_support.c
[0.656s] -- Up-to-date: /home/yoga-slim-pro-2/robotarm_ws/install/arduinobot_msgs/share/arduinobot_msgs/environment/library_path.sh
[0.656s] -- Up-to-date: /home/yoga-slim-pro-2/robotarm_ws/install/arduinobot_msgs/share/arduinobot_msgs/environment/library_path.dsv
[0.656s] -- Up-to-date: /home/yoga-slim-pro-2/robotarm_ws/install/arduinobot_msgs/lib/libarduinobot_msgs__rosidl_generator_c.so
[0.656s] -- Up-to-date: /home/yoga-slim-pro-2/robotarm_ws/install/arduinobot_msgs/include/arduinobot_msgs/arduinobot_msgs
[0.656s] -- Up-to-date: /home/yoga-slim-pro-2/robotarm_ws/install/arduinobot_msgs/include/arduinobot_msgs/arduinobot_msgs/msg
[0.656s] -- Up-to-date: /home/yoga-slim-pro-2/robotarm_ws/install/arduinobot_msgs/include/arduinobot_msgs/arduinobot_msgs/msg/rosidl_typesupport_fastrtps_c__visibility_control.h
[0.656s] -- Up-to-date: /home/yoga-slim-pro-2/robotarm_ws/install/arduinobot_msgs/include/arduinobot_msgs/arduinobot_msgs/action
[0.657s] -- Up-to-date: /home/yoga-slim-pro-2/robotarm_ws/install/arduinobot_msgs/include/arduinobot_msgs/arduinobot_msgs/action/detail
[0.657s] -- Up-to-date: /home/yoga-slim-pro-2/robotarm_ws/install/arduinobot_msgs/include/arduinobot_msgs/arduinobot_msgs/action/detail/arduinobot_task__rosidl_typesupport_fastrtps_c.h
[0.657s] -- Up-to-date: /home/yoga-slim-pro-2/robotarm_ws/install/arduinobot_msgs/lib/libarduinobot_msgs__rosidl_typesupport_fastrtps_c.so
[0.657s] -- Up-to-date: /home/yoga-slim-pro-2/robotarm_ws/install/arduinobot_msgs/include/arduinobot_msgs/arduinobot_msgs
[0.657s] -- Up-to-date: /home/yoga-slim-pro-2/robotarm_ws/install/arduinobot_msgs/include/arduinobot_msgs/arduinobot_msgs/msg
[0.657s] -- Up-to-date: /home/yoga-slim-pro-2/robotarm_ws/install/arduinobot_msgs/include/arduinobot_msgs/arduinobot_msgs/msg/rosidl_generator_cpp__visibility_control.hpp
[0.657s] -- Up-to-date: /home/yoga-slim-pro-2/robotarm_ws/install/arduinobot_msgs/include/arduinobot_msgs/arduinobot_msgs/action
[0.657s] -- Up-to-date: /home/yoga-slim-pro-2/robotarm_ws/install/arduinobot_msgs/include/arduinobot_msgs/arduinobot_msgs/action/detail
[0.657s] -- Up-to-date: /home/yoga-slim-pro-2/robotarm_ws/install/arduinobot_msgs/include/arduinobot_msgs/arduinobot_msgs/action/detail/arduinobot_task__type_support.hpp
[0.657s] -- Up-to-date: /home/yoga-slim-pro-2/robotarm_ws/install/arduinobot_msgs/include/arduinobot_msgs/arduinobot_msgs/action/detail/arduinobot_task__traits.hpp
[0.658s] -- Up-to-date: /home/yoga-slim-pro-2/robotarm_ws/install/arduinobot_msgs/include/arduinobot_msgs/arduinobot_msgs/action/detail/arduinobot_task__builder.hpp
[0.658s] -- Up-to-date: /home/yoga-slim-pro-2/robotarm_ws/install/arduinobot_msgs/include/arduinobot_msgs/arduinobot_msgs/action/detail/arduinobot_task__struct.hpp
[0.658s] -- Up-to-date: /home/yoga-slim-pro-2/robotarm_ws/install/arduinobot_msgs/include/arduinobot_msgs/arduinobot_msgs/action/arduinobot_task.hpp
[0.658s] -- Up-to-date: /home/yoga-slim-pro-2/robotarm_ws/install/arduinobot_msgs/include/arduinobot_msgs/arduinobot_msgs
[0.658s] -- Up-to-date: /home/yoga-slim-pro-2/robotarm_ws/install/arduinobot_msgs/include/arduinobot_msgs/arduinobot_msgs/msg
[0.658s] -- Up-to-date: /home/yoga-slim-pro-2/robotarm_ws/install/arduinobot_msgs/include/arduinobot_msgs/arduinobot_msgs/msg/rosidl_typesupport_fastrtps_cpp__visibility_control.h
[0.658s] -- Up-to-date: /home/yoga-slim-pro-2/robotarm_ws/install/arduinobot_msgs/include/arduinobot_msgs/arduinobot_msgs/action
[0.658s] -- Up-to-date: /home/yoga-slim-pro-2/robotarm_ws/install/arduinobot_msgs/include/arduinobot_msgs/arduinobot_msgs/action/detail
[0.658s] -- Up-to-date: /home/yoga-slim-pro-2/robotarm_ws/install/arduinobot_msgs/include/arduinobot_msgs/arduinobot_msgs/action/detail/dds_fastrtps
[0.658s] -- Up-to-date: /home/yoga-slim-pro-2/robotarm_ws/install/arduinobot_msgs/include/arduinobot_msgs/arduinobot_msgs/action/detail/arduinobot_task__rosidl_typesupport_fastrtps_cpp.hpp
[0.658s] -- Up-to-date: /home/yoga-slim-pro-2/robotarm_ws/install/arduinobot_msgs/lib/libarduinobot_msgs__rosidl_typesupport_fastrtps_cpp.so
[0.659s] -- Up-to-date: /home/yoga-slim-pro-2/robotarm_ws/install/arduinobot_msgs/include/arduinobot_msgs/arduinobot_msgs
[0.659s] -- Up-to-date: /home/yoga-slim-pro-2/robotarm_ws/install/arduinobot_msgs/include/arduinobot_msgs/arduinobot_msgs/msg
[0.659s] -- Up-to-date: /home/yoga-slim-pro-2/robotarm_ws/install/arduinobot_msgs/include/arduinobot_msgs/arduinobot_msgs/msg/rosidl_typesupport_introspection_c__visibility_control.h
[0.659s] -- Up-to-date: /home/yoga-slim-pro-2/robotarm_ws/install/arduinobot_msgs/include/arduinobot_msgs/arduinobot_msgs/action
[0.659s] -- Up-to-date: /home/yoga-slim-pro-2/robotarm_ws/install/arduinobot_msgs/include/arduinobot_msgs/arduinobot_msgs/action/detail
[0.659s] -- Up-to-date: /home/yoga-slim-pro-2/robotarm_ws/install/arduinobot_msgs/include/arduinobot_msgs/arduinobot_msgs/action/detail/arduinobot_task__type_support.c
[0.659s] -- Up-to-date: /home/yoga-slim-pro-2/robotarm_ws/install/arduinobot_msgs/include/arduinobot_msgs/arduinobot_msgs/action/detail/arduinobot_task__rosidl_typesupport_introspection_c.h
[0.659s] -- Up-to-date: /home/yoga-slim-pro-2/robotarm_ws/install/arduinobot_msgs/lib/libarduinobot_msgs__rosidl_typesupport_introspection_c.so
[0.659s] -- Up-to-date: /home/yoga-slim-pro-2/robotarm_ws/install/arduinobot_msgs/lib/libarduinobot_msgs__rosidl_typesupport_c.so
[0.659s] -- Up-to-date: /home/yoga-slim-pro-2/robotarm_ws/install/arduinobot_msgs/include/arduinobot_msgs/arduinobot_msgs
[0.659s] -- Up-to-date: /home/yoga-slim-pro-2/robotarm_ws/install/arduinobot_msgs/include/arduinobot_msgs/arduinobot_msgs/action
[0.660s] -- Up-to-date: /home/yoga-slim-pro-2/robotarm_ws/install/arduinobot_msgs/include/arduinobot_msgs/arduinobot_msgs/action/detail
[0.660s] -- Up-to-date: /home/yoga-slim-pro-2/robotarm_ws/install/arduinobot_msgs/include/arduinobot_msgs/arduinobot_msgs/action/detail/arduinobot_task__rosidl_typesupport_introspection_cpp.hpp
[0.660s] -- Up-to-date: /home/yoga-slim-pro-2/robotarm_ws/install/arduinobot_msgs/include/arduinobot_msgs/arduinobot_msgs/action/detail/arduinobot_task__type_support.cpp
[0.660s] -- Up-to-date: /home/yoga-slim-pro-2/robotarm_ws/install/arduinobot_msgs/lib/libarduinobot_msgs__rosidl_typesupport_introspection_cpp.so
[0.660s] -- Up-to-date: /home/yoga-slim-pro-2/robotarm_ws/install/arduinobot_msgs/lib/libarduinobot_msgs__rosidl_typesupport_cpp.so
[0.660s] -- Up-to-date: /home/yoga-slim-pro-2/robotarm_ws/install/arduinobot_msgs/share/arduinobot_msgs/environment/pythonpath.sh
[0.660s] -- Up-to-date: /home/yoga-slim-pro-2/robotarm_ws/install/arduinobot_msgs/share/arduinobot_msgs/environment/pythonpath.dsv
[0.660s] -- Up-to-date: /home/yoga-slim-pro-2/robotarm_ws/install/arduinobot_msgs/lib/python3.12/site-packages/arduinobot_msgs-0.0.0-py3.12.egg-info
[0.661s] -- Installing: /home/yoga-slim-pro-2/robotarm_ws/install/arduinobot_msgs/lib/python3.12/site-packages/arduinobot_msgs-0.0.0-py3.12.egg-info/SOURCES.txt
[0.661s] -- Installing: /home/yoga-slim-pro-2/robotarm_ws/install/arduinobot_msgs/lib/python3.12/site-packages/arduinobot_msgs-0.0.0-py3.12.egg-info/top_level.txt
[0.661s] -- Installing: /home/yoga-slim-pro-2/robotarm_ws/install/arduinobot_msgs/lib/python3.12/site-packages/arduinobot_msgs-0.0.0-py3.12.egg-info/PKG-INFO
[0.661s] -- Installing: /home/yoga-slim-pro-2/robotarm_ws/install/arduinobot_msgs/lib/python3.12/site-packages/arduinobot_msgs-0.0.0-py3.12.egg-info/dependency_links.txt
[0.661s] -- Up-to-date: /home/yoga-slim-pro-2/robotarm_ws/install/arduinobot_msgs/lib/python3.12/site-packages/arduinobot_msgs
[0.661s] -- Up-to-date: /home/yoga-slim-pro-2/robotarm_ws/install/arduinobot_msgs/lib/python3.12/site-packages/arduinobot_msgs/_arduinobot_msgs_s.ep.rosidl_typesupport_fastrtps_c.c
[0.661s] -- Up-to-date: /home/yoga-slim-pro-2/robotarm_ws/install/arduinobot_msgs/lib/python3.12/site-packages/arduinobot_msgs/_arduinobot_msgs_s.ep.rosidl_typesupport_c.c
[0.661s] -- Up-to-date: /home/yoga-slim-pro-2/robotarm_ws/install/arduinobot_msgs/lib/python3.12/site-packages/arduinobot_msgs/arduinobot_msgs_s__rosidl_typesupport_c.so
[0.661s] -- Up-to-date: /home/yoga-slim-pro-2/robotarm_ws/install/arduinobot_msgs/lib/python3.12/site-packages/arduinobot_msgs/_arduinobot_msgs_s.ep.rosidl_typesupport_introspection_c.c
[0.661s] -- Up-to-date: /home/yoga-slim-pro-2/robotarm_ws/install/arduinobot_msgs/lib/python3.12/site-packages/arduinobot_msgs/__init__.py
[0.661s] -- Up-to-date: /home/yoga-slim-pro-2/robotarm_ws/install/arduinobot_msgs/lib/python3.12/site-packages/arduinobot_msgs/action
[0.661s] -- Up-to-date: /home/yoga-slim-pro-2/robotarm_ws/install/arduinobot_msgs/lib/python3.12/site-packages/arduinobot_msgs/action/__init__.py
[0.662s] -- Up-to-date: /home/yoga-slim-pro-2/robotarm_ws/install/arduinobot_msgs/lib/python3.12/site-packages/arduinobot_msgs/action/_arduinobot_task.py
[0.662s] -- Up-to-date: /home/yoga-slim-pro-2/robotarm_ws/install/arduinobot_msgs/lib/python3.12/site-packages/arduinobot_msgs/action/_arduinobot_task_s.c
[0.662s] -- Up-to-date: /home/yoga-slim-pro-2/robotarm_ws/install/arduinobot_msgs/lib/python3.12/site-packages/arduinobot_msgs/arduinobot_msgs_s__rosidl_typesupport_fastrtps_c.so
[0.662s] -- Up-to-date: /home/yoga-slim-pro-2/robotarm_ws/install/arduinobot_msgs/lib/python3.12/site-packages/arduinobot_msgs/arduinobot_msgs_s__rosidl_typesupport_introspection_c.so
[0.708s] Listing '/home/yoga-slim-pro-2/robotarm_ws/install/arduinobot_msgs/lib/python3.12/site-packages/arduinobot_msgs'...
[0.708s] Listing '/home/yoga-slim-pro-2/robotarm_ws/install/arduinobot_msgs/lib/python3.12/site-packages/arduinobot_msgs/action'...
[0.714s] -- Up-to-date: /home/yoga-slim-pro-2/robotarm_ws/install/arduinobot_msgs/lib/python3.12/site-packages/arduinobot_msgs/arduinobot_msgs_s__rosidl_typesupport_fastrtps_c.so
[0.715s] -- Up-to-date: /home/yoga-slim-pro-2/robotarm_ws/install/arduinobot_msgs/lib/python3.12/site-packages/arduinobot_msgs/arduinobot_msgs_s__rosidl_typesupport_introspection_c.so
[0.715s] -- Up-to-date: /home/yoga-slim-pro-2/robotarm_ws/install/arduinobot_msgs/lib/python3.12/site-packages/arduinobot_msgs/arduinobot_msgs_s__rosidl_typesupport_c.so
[0.716s] -- Up-to-date: /home/yoga-slim-pro-2/robotarm_ws/install/arduinobot_msgs/lib/libarduinobot_msgs__rosidl_generator_py.so
[0.716s] -- Up-to-date: /home/yoga-slim-pro-2/robotarm_ws/install/arduinobot_msgs/share/arduinobot_msgs/action/ArduinobotTask.idl
[0.716s] -- Up-to-date: /home/yoga-slim-pro-2/robotarm_ws/install/arduinobot_msgs/share/arduinobot_msgs/action/ArduinobotTask.action
[0.717s] -- Up-to-date: /home/yoga-slim-pro-2/robotarm_ws/install/arduinobot_msgs/share/ament_index/resource_index/package_run_dependencies/arduinobot_msgs
[0.717s] -- Up-to-date: /home/yoga-slim-pro-2/robotarm_ws/install/arduinobot_msgs/share/ament_index/resource_index/parent_prefix_path/arduinobot_msgs
[0.717s] -- Up-to-date: /home/yoga-slim-pro-2/robotarm_ws/install/arduinobot_msgs/share/arduinobot_msgs/environment/ament_prefix_path.sh
[0.717s] -- Up-to-date: /home/yoga-slim-pro-2/robotarm_ws/install/arduinobot_msgs/share/arduinobot_msgs/environment/ament_prefix_path.dsv
[0.717s] -- Up-to-date: /home/yoga-slim-pro-2/robotarm_ws/install/arduinobot_msgs/share/arduinobot_msgs/environment/path.sh
[0.717s] -- Up-to-date: /home/yoga-slim-pro-2/robotarm_ws/install/arduinobot_msgs/share/arduinobot_msgs/environment/path.dsv
[0.717s] -- Up-to-date: /home/yoga-slim-pro-2/robotarm_ws/install/arduinobot_msgs/share/arduinobot_msgs/local_setup.bash
[0.717s] -- Up-to-date: /home/yoga-slim-pro-2/robotarm_ws/install/arduinobot_msgs/share/arduinobot_msgs/local_setup.sh
[0.718s] -- Up-to-date: /home/yoga-slim-pro-2/robotarm_ws/install/arduinobot_msgs/share/arduinobot_msgs/local_setup.zsh
[0.718s] -- Up-to-date: /home/yoga-slim-pro-2/robotarm_ws/install/arduinobot_msgs/share/arduinobot_msgs/local_setup.dsv
[0.718s] -- Installing: /home/yoga-slim-pro-2/robotarm_ws/install/arduinobot_msgs/share/arduinobot_msgs/package.dsv
[0.718s] -- Up-to-date: /home/yoga-slim-pro-2/robotarm_ws/install/arduinobot_msgs/share/ament_index/resource_index/packages/arduinobot_msgs
[0.718s] -- Up-to-date: /home/yoga-slim-pro-2/robotarm_ws/install/arduinobot_msgs/share/arduinobot_msgs/cmake/export_arduinobot_msgs__rosidl_generator_cExport.cmake
[0.718s] -- Up-to-date: /home/yoga-slim-pro-2/robotarm_ws/install/arduinobot_msgs/share/arduinobot_msgs/cmake/export_arduinobot_msgs__rosidl_generator_cExport-noconfig.cmake
[0.718s] -- Up-to-date: /home/yoga-slim-pro-2/robotarm_ws/install/arduinobot_msgs/share/arduinobot_msgs/cmake/export_arduinobot_msgs__rosidl_typesupport_fastrtps_cExport.cmake
[0.719s] -- Up-to-date: /home/yoga-slim-pro-2/robotarm_ws/install/arduinobot_msgs/share/arduinobot_msgs/cmake/export_arduinobot_msgs__rosidl_typesupport_fastrtps_cExport-noconfig.cmake
[0.719s] -- Up-to-date: /home/yoga-slim-pro-2/robotarm_ws/install/arduinobot_msgs/share/arduinobot_msgs/cmake/export_arduinobot_msgs__rosidl_generator_cppExport.cmake
[0.719s] -- Up-to-date: /home/yoga-slim-pro-2/robotarm_ws/install/arduinobot_msgs/share/arduinobot_msgs/cmake/export_arduinobot_msgs__rosidl_typesupport_fastrtps_cppExport.cmake
[0.719s] -- Up-to-date: /home/yoga-slim-pro-2/robotarm_ws/install/arduinobot_msgs/share/arduinobot_msgs/cmake/export_arduinobot_msgs__rosidl_typesupport_fastrtps_cppExport-noconfig.cmake
[0.719s] -- Up-to-date: /home/yoga-slim-pro-2/robotarm_ws/install/arduinobot_msgs/share/arduinobot_msgs/cmake/arduinobot_msgs__rosidl_typesupport_introspection_cExport.cmake
[0.719s] -- Up-to-date: /home/yoga-slim-pro-2/robotarm_ws/install/arduinobot_msgs/share/arduinobot_msgs/cmake/arduinobot_msgs__rosidl_typesupport_introspection_cExport-noconfig.cmake
[0.720s] -- Up-to-date: /home/yoga-slim-pro-2/robotarm_ws/install/arduinobot_msgs/share/arduinobot_msgs/cmake/arduinobot_msgs__rosidl_typesupport_cExport.cmake
[0.720s] -- Up-to-date: /home/yoga-slim-pro-2/robotarm_ws/install/arduinobot_msgs/share/arduinobot_msgs/cmake/arduinobot_msgs__rosidl_typesupport_cExport-noconfig.cmake
[0.720s] -- Up-to-date: /home/yoga-slim-pro-2/robotarm_ws/install/arduinobot_msgs/share/arduinobot_msgs/cmake/arduinobot_msgs__rosidl_typesupport_introspection_cppExport.cmake
[0.720s] -- Up-to-date: /home/yoga-slim-pro-2/robotarm_ws/install/arduinobot_msgs/share/arduinobot_msgs/cmake/arduinobot_msgs__rosidl_typesupport_introspection_cppExport-noconfig.cmake
[0.720s] -- Up-to-date: /home/yoga-slim-pro-2/robotarm_ws/install/arduinobot_msgs/share/arduinobot_msgs/cmake/arduinobot_msgs__rosidl_typesupport_cppExport.cmake
[0.720s] -- Up-to-date: /home/yoga-slim-pro-2/robotarm_ws/install/arduinobot_msgs/share/arduinobot_msgs/cmake/arduinobot_msgs__rosidl_typesupport_cppExport-noconfig.cmake
[0.721s] -- Up-to-date: /home/yoga-slim-pro-2/robotarm_ws/install/arduinobot_msgs/share/arduinobot_msgs/cmake/export_arduinobot_msgs__rosidl_generator_pyExport.cmake
[0.721s] -- Up-to-date: /home/yoga-slim-pro-2/robotarm_ws/install/arduinobot_msgs/share/arduinobot_msgs/cmake/export_arduinobot_msgs__rosidl_generator_pyExport-noconfig.cmake
[0.721s] -- Up-to-date: /home/yoga-slim-pro-2/robotarm_ws/install/arduinobot_msgs/share/arduinobot_msgs/cmake/rosidl_cmake-extras.cmake
[0.721s] -- Up-to-date: /home/yoga-slim-pro-2/robotarm_ws/install/arduinobot_msgs/share/arduinobot_msgs/cmake/ament_cmake_export_dependencies-extras.cmake
[0.721s] -- Up-to-date: /home/yoga-slim-pro-2/robotarm_ws/install/arduinobot_msgs/share/arduinobot_msgs/cmake/ament_cmake_export_include_directories-extras.cmake
[0.721s] -- Up-to-date: /home/yoga-slim-pro-2/robotarm_ws/install/arduinobot_msgs/share/arduinobot_msgs/cmake/ament_cmake_export_libraries-extras.cmake
[0.721s] -- Up-to-date: /home/yoga-slim-pro-2/robotarm_ws/install/arduinobot_msgs/share/arduinobot_msgs/cmake/ament_cmake_export_targets-extras.cmake
[0.721s] -- Up-to-date: /home/yoga-slim-pro-2/robotarm_ws/install/arduinobot_msgs/share/arduinobot_msgs/cmake/rosidl_cmake_export_typesupport_targets-extras.cmake
[0.722s] -- Up-to-date: /home/yoga-slim-pro-2/robotarm_ws/install/arduinobot_msgs/share/arduinobot_msgs/cmake/rosidl_cmake_export_typesupport_libraries-extras.cmake
[0.722s] -- Up-to-date: /home/yoga-slim-pro-2/robotarm_ws/install/arduinobot_msgs/share/arduinobot_msgs/cmake/arduinobot_msgsConfig.cmake
[0.722s] -- Up-to-date: /home/yoga-slim-pro-2/robotarm_ws/install/arduinobot_msgs/share/arduinobot_msgs/cmake/arduinobot_msgsConfig-version.cmake
[0.722s] -- Up-to-date: /home/yoga-slim-pro-2/robotarm_ws/install/arduinobot_msgs/share/arduinobot_msgs/package.xml
[0.727s] Invoked command in '/home/yoga-slim-pro-2/robotarm_ws/build/arduinobot_msgs' returned '0': CMAKE_PREFIX_PATH=${CMAKE_PREFIX_PATH}:/home/yoga-slim-pro-2/robotarm_ws/install/arduinobot_python:/home/yoga-slim-pro-2/arduinobot_ws/install/arduinobot_python:/opt/ros/jazzy DEBUGINFOD_URLS=https://debuginfod.ubuntu.com /usr/bin/cmake --install /home/yoga-slim-pro-2/robotarm_ws/build/arduinobot_msgs
