[0.027s] Invoking command in '/home/yoga-slim-pro-2/robotarm_ws/build/arduinobot_description': CMAKE_PREFIX_PATH=${CMAKE_PREFIX_PATH}:/home/yoga-slim-pro-2/robotarm_ws/install/arduinobot_python:/home/yoga-slim-pro-2/arduinobot_ws/install/arduinobot_python:/opt/ros/jazzy DEBUGINFOD_URLS=https://debuginfod.ubuntu.com /usr/bin/cmake --build /home/yoga-slim-pro-2/robotarm_ws/build/arduinobot_description -- -j16 -l16
[0.350s] Invoked command in '/home/yoga-slim-pro-2/robotarm_ws/build/arduinobot_description' returned '0': CMAKE_PREFIX_PATH=${CMAKE_PREFIX_PATH}:/home/yoga-slim-pro-2/robotarm_ws/install/arduinobot_python:/home/yoga-slim-pro-2/arduinobot_ws/install/arduinobot_python:/opt/ros/jazzy DEBUGINFOD_URLS=https://debuginfod.ubuntu.com /usr/bin/cmake --build /home/yoga-slim-pro-2/robotarm_ws/build/arduinobot_description -- -j16 -l16
[0.366s] Invoking command in '/home/yoga-slim-pro-2/robotarm_ws/build/arduinobot_description': CMAKE_PREFIX_PATH=${CMAKE_PREFIX_PATH}:/home/yoga-slim-pro-2/robotarm_ws/install/arduinobot_python:/home/yoga-slim-pro-2/arduinobot_ws/install/arduinobot_python:/opt/ros/jazzy DEBUGINFOD_URLS=https://debuginfod.ubuntu.com /usr/bin/cmake --install /home/yoga-slim-pro-2/robotarm_ws/build/arduinobot_description
[0.380s] -- Install configuration: ""
[0.380s] -- Up-to-date: /home/yoga-slim-pro-2/robotarm_ws/install/arduinobot_description/share/arduinobot_description/launch
[0.380s] -- Up-to-date: /home/yoga-slim-pro-2/robotarm_ws/install/arduinobot_description/share/arduinobot_description/launch/display.launch.py
[0.381s] -- Up-to-date: /home/yoga-slim-pro-2/robotarm_ws/install/arduinobot_description/share/arduinobot_description/launch/gazebo.launch.py
[0.381s] -- Up-to-date: /home/yoga-slim-pro-2/robotarm_ws/install/arduinobot_description/share/arduinobot_description/meshes
[0.381s] -- Up-to-date: /home/yoga-slim-pro-2/robotarm_ws/install/arduinobot_description/share/arduinobot_description/meshes/link.STL
[0.381s] -- Up-to-date: /home/yoga-slim-pro-2/robotarm_ws/install/arduinobot_description/share/arduinobot_description/meshes/right_finger.STL
[0.381s] -- Up-to-date: /home/yoga-slim-pro-2/robotarm_ws/install/arduinobot_description/share/arduinobot_description/meshes/pi_camera.STL
[0.381s] -- Up-to-date: /home/yoga-slim-pro-2/robotarm_ws/install/arduinobot_description/share/arduinobot_description/meshes/triangular_link.STL
[0.381s] -- Up-to-date: /home/yoga-slim-pro-2/robotarm_ws/install/arduinobot_description/share/arduinobot_description/meshes/claw_support.STL
[0.382s] -- Up-to-date: /home/yoga-slim-pro-2/robotarm_ws/install/arduinobot_description/share/arduinobot_description/meshes/plate.STL
[0.382s] -- Up-to-date: /home/yoga-slim-pro-2/robotarm_ws/install/arduinobot_description/share/arduinobot_description/meshes/forward_drive_arm.STL
[0.382s] -- Up-to-date: /home/yoga-slim-pro-2/robotarm_ws/install/arduinobot_description/share/arduinobot_description/meshes/base_plate.STL
[0.382s] -- Up-to-date: /home/yoga-slim-pro-2/robotarm_ws/install/arduinobot_description/share/arduinobot_description/meshes/vertical_drive_arm.STL
[0.382s] -- Up-to-date: /home/yoga-slim-pro-2/robotarm_ws/install/arduinobot_description/share/arduinobot_description/meshes/basement.STL
[0.382s] -- Up-to-date: /home/yoga-slim-pro-2/robotarm_ws/install/arduinobot_description/share/arduinobot_description/meshes/round_plate.STL
[0.382s] -- Up-to-date: /home/yoga-slim-pro-2/robotarm_ws/install/arduinobot_description/share/arduinobot_description/meshes/horizontal_arm.STL
[0.382s] -- Up-to-date: /home/yoga-slim-pro-2/robotarm_ws/install/arduinobot_description/share/arduinobot_description/meshes/left_finger.STL
[0.382s] -- Up-to-date: /home/yoga-slim-pro-2/robotarm_ws/install/arduinobot_description/share/arduinobot_description/meshes/servo_plate.STL
[0.382s] -- Up-to-date: /home/yoga-slim-pro-2/robotarm_ws/install/arduinobot_description/share/arduinobot_description/urdf
[0.382s] -- Up-to-date: /home/yoga-slim-pro-2/robotarm_ws/install/arduinobot_description/share/arduinobot_description/urdf/arduinobot_ros2_control.xacro
[0.383s] -- Up-to-date: /home/yoga-slim-pro-2/robotarm_ws/install/arduinobot_description/share/arduinobot_description/urdf/arduinobot.urdf.xacro
[0.383s] -- Up-to-date: /home/yoga-slim-pro-2/robotarm_ws/install/arduinobot_description/share/arduinobot_description/urdf/arduinobot_gazebo.xacro
[0.383s] -- Up-to-date: /home/yoga-slim-pro-2/robotarm_ws/install/arduinobot_description/share/arduinobot_description/urdf/material.xacro
[0.383s] -- Up-to-date: /home/yoga-slim-pro-2/robotarm_ws/install/arduinobot_description/share/arduinobot_description/rviz
[0.383s] -- Up-to-date: /home/yoga-slim-pro-2/robotarm_ws/install/arduinobot_description/share/arduinobot_description/rviz/display.rviz
[0.383s] -- Up-to-date: /home/yoga-slim-pro-2/robotarm_ws/install/arduinobot_description/share/arduinobot_description/worlds
[0.383s] -- Up-to-date: /home/yoga-slim-pro-2/robotarm_ws/install/arduinobot_description/share/arduinobot_description/worlds/drink.sdf
[0.383s] -- Up-to-date: /home/yoga-slim-pro-2/robotarm_ws/install/arduinobot_description/share/ament_index/resource_index/package_run_dependencies/arduinobot_description
[0.383s] -- Up-to-date: /home/yoga-slim-pro-2/robotarm_ws/install/arduinobot_description/share/ament_index/resource_index/parent_prefix_path/arduinobot_description
[0.383s] -- Up-to-date: /home/yoga-slim-pro-2/robotarm_ws/install/arduinobot_description/share/arduinobot_description/environment/ament_prefix_path.sh
[0.383s] -- Up-to-date: /home/yoga-slim-pro-2/robotarm_ws/install/arduinobot_description/share/arduinobot_description/environment/ament_prefix_path.dsv
[0.384s] -- Up-to-date: /home/yoga-slim-pro-2/robotarm_ws/install/arduinobot_description/share/arduinobot_description/environment/path.sh
[0.384s] -- Up-to-date: /home/yoga-slim-pro-2/robotarm_ws/install/arduinobot_description/share/arduinobot_description/environment/path.dsv
[0.384s] -- Up-to-date: /home/yoga-slim-pro-2/robotarm_ws/install/arduinobot_description/share/arduinobot_description/local_setup.bash
[0.384s] -- Up-to-date: /home/yoga-slim-pro-2/robotarm_ws/install/arduinobot_description/share/arduinobot_description/local_setup.sh
[0.384s] -- Up-to-date: /home/yoga-slim-pro-2/robotarm_ws/install/arduinobot_description/share/arduinobot_description/local_setup.zsh
[0.384s] -- Up-to-date: /home/yoga-slim-pro-2/robotarm_ws/install/arduinobot_description/share/arduinobot_description/local_setup.dsv
[0.384s] -- Installing: /home/yoga-slim-pro-2/robotarm_ws/install/arduinobot_description/share/arduinobot_description/package.dsv
[0.384s] -- Up-to-date: /home/yoga-slim-pro-2/robotarm_ws/install/arduinobot_description/share/ament_index/resource_index/packages/arduinobot_description
[0.384s] -- Up-to-date: /home/yoga-slim-pro-2/robotarm_ws/install/arduinobot_description/share/arduinobot_description/cmake/arduinobot_descriptionConfig.cmake
[0.384s] -- Up-to-date: /home/yoga-slim-pro-2/robotarm_ws/install/arduinobot_description/share/arduinobot_description/cmake/arduinobot_descriptionConfig-version.cmake
[0.384s] -- Up-to-date: /home/yoga-slim-pro-2/robotarm_ws/install/arduinobot_description/share/arduinobot_description/package.xml
[0.386s] Invoked command in '/home/yoga-slim-pro-2/robotarm_ws/build/arduinobot_description' returned '0': CMAKE_PREFIX_PATH=${CMAKE_PREFIX_PATH}:/home/yoga-slim-pro-2/robotarm_ws/install/arduinobot_python:/home/yoga-slim-pro-2/arduinobot_ws/install/arduinobot_python:/opt/ros/jazzy DEBUGINFOD_URLS=https://debuginfod.ubuntu.com /usr/bin/cmake --install /home/yoga-slim-pro-2/robotarm_ws/build/arduinobot_description
