running egg_info
writing ../../build/arduinobot_python/arduinobot_python.egg-info/PKG-INFO
writing dependency_links to ../../build/arduinobot_python/arduinobot_python.egg-info/dependency_links.txt
writing entry points to ../../build/arduinobot_python/arduinobot_python.egg-info/entry_points.txt
writing requirements to ../../build/arduinobot_python/arduinobot_python.egg-info/requires.txt
writing top-level names to ../../build/arduinobot_python/arduinobot_python.egg-info/top_level.txt
reading manifest file '../../build/arduinobot_python/arduinobot_python.egg-info/SOURCES.txt'
writing manifest file '../../build/arduinobot_python/arduinobot_python.egg-info/SOURCES.txt'
running build
running build_py
copying arduinobot_python/camera_node.py -> /home/yoga-slim-pro-2/robotarm_ws/build/arduinobot_python/build/lib/arduinobot_python
running install
running install_lib
copying /home/yoga-slim-pro-2/robotarm_ws/build/arduinobot_python/build/lib/arduinobot_python/camera_node.py -> /home/yoga-slim-pro-2/robotarm_ws/install/arduinobot_python/lib/python3.12/site-packages/arduinobot_python
byte-compiling /home/yoga-slim-pro-2/robotarm_ws/install/arduinobot_python/lib/python3.12/site-packages/arduinobot_python/camera_node.py to camera_node.cpython-312.pyc
running install_data
running install_egg_info
removing '/home/yoga-slim-pro-2/robotarm_ws/install/arduinobot_python/lib/python3.12/site-packages/arduinobot_python-0.0.0-py3.12.egg-info' (and everything under it)
Copying ../../build/arduinobot_python/arduinobot_python.egg-info to /home/yoga-slim-pro-2/robotarm_ws/install/arduinobot_python/lib/python3.12/site-packages/arduinobot_python-0.0.0-py3.12.egg-info
running install_scripts
Installing camera_node script to /home/yoga-slim-pro-2/robotarm_ws/install/arduinobot_python/lib/arduinobot_python
Installing yolo_node script to /home/yoga-slim-pro-2/robotarm_ws/install/arduinobot_python/lib/arduinobot_python
writing list of installed files to '/home/yoga-slim-pro-2/robotarm_ws/build/arduinobot_python/install.log'
