[1.197s] Invoking command in '/home/yoga-slim-pro-2/robotarm_ws/src/arduinobot_python': DEBUGINFOD_URLS=https://debuginfod.ubuntu.com PYTHONPATH=/home/yoga-slim-pro-2/robotarm_ws/build/arduinobot_python/prefix_override:/usr/lib/python3/dist-packages/colcon_core/task/python/colcon_distutils_commands:/home/yoga-slim-pro-2/robotarm_ws/install/arduinobot_python/lib/python3.12/site-packages:${PYTHONPATH} /usr/bin/python3 -W ignore:setup.py install is deprecated -W ignore:easy_install command is deprecated setup.py egg_info --egg-base ../../build/arduinobot_python build --build-base /home/yoga-slim-pro-2/robotarm_ws/build/arduinobot_python/build install --record /home/yoga-slim-pro-2/robotarm_ws/build/arduinobot_python/install.log --single-version-externally-managed install_data
[1.565s] running egg_info
[1.600s] writing ../../build/arduinobot_python/arduinobot_python.egg-info/PKG-INFO
[1.600s] writing dependency_links to ../../build/arduinobot_python/arduinobot_python.egg-info/dependency_links.txt
[1.601s] writing entry points to ../../build/arduinobot_python/arduinobot_python.egg-info/entry_points.txt
[1.601s] writing requirements to ../../build/arduinobot_python/arduinobot_python.egg-info/requires.txt
[1.601s] writing top-level names to ../../build/arduinobot_python/arduinobot_python.egg-info/top_level.txt
[1.663s] reading manifest file '../../build/arduinobot_python/arduinobot_python.egg-info/SOURCES.txt'
[1.664s] writing manifest file '../../build/arduinobot_python/arduinobot_python.egg-info/SOURCES.txt'
[1.664s] running build
[1.664s] running build_py
[1.664s] copying arduinobot_python/camera_node.py -> /home/yoga-slim-pro-2/robotarm_ws/build/arduinobot_python/build/lib/arduinobot_python
[1.664s] running install
[1.673s] running install_lib
[1.704s] copying /home/yoga-slim-pro-2/robotarm_ws/build/arduinobot_python/build/lib/arduinobot_python/camera_node.py -> /home/yoga-slim-pro-2/robotarm_ws/install/arduinobot_python/lib/python3.12/site-packages/arduinobot_python
[1.705s] byte-compiling /home/yoga-slim-pro-2/robotarm_ws/install/arduinobot_python/lib/python3.12/site-packages/arduinobot_python/camera_node.py to camera_node.cpython-312.pyc
[1.708s] running install_data
[1.708s] running install_egg_info
[1.742s] removing '/home/yoga-slim-pro-2/robotarm_ws/install/arduinobot_python/lib/python3.12/site-packages/arduinobot_python-0.0.0-py3.12.egg-info' (and everything under it)
[1.742s] Copying ../../build/arduinobot_python/arduinobot_python.egg-info to /home/yoga-slim-pro-2/robotarm_ws/install/arduinobot_python/lib/python3.12/site-packages/arduinobot_python-0.0.0-py3.12.egg-info
[1.743s] running install_scripts
[1.944s] Installing camera_node script to /home/yoga-slim-pro-2/robotarm_ws/install/arduinobot_python/lib/arduinobot_python
[1.944s] Installing yolo_node script to /home/yoga-slim-pro-2/robotarm_ws/install/arduinobot_python/lib/arduinobot_python
[1.944s] writing list of installed files to '/home/yoga-slim-pro-2/robotarm_ws/build/arduinobot_python/install.log'
[2.002s] Invoked command in '/home/yoga-slim-pro-2/robotarm_ws/src/arduinobot_python' returned '0': DEBUGINFOD_URLS=https://debuginfod.ubuntu.com PYTHONPATH=/home/yoga-slim-pro-2/robotarm_ws/build/arduinobot_python/prefix_override:/usr/lib/python3/dist-packages/colcon_core/task/python/colcon_distutils_commands:/home/yoga-slim-pro-2/robotarm_ws/install/arduinobot_python/lib/python3.12/site-packages:${PYTHONPATH} /usr/bin/python3 -W ignore:setup.py install is deprecated -W ignore:easy_install command is deprecated setup.py egg_info --egg-base ../../build/arduinobot_python build --build-base /home/yoga-slim-pro-2/robotarm_ws/build/arduinobot_python/build install --record /home/yoga-slim-pro-2/robotarm_ws/build/arduinobot_python/install.log --single-version-externally-managed install_data
