[0.014s] Invoking command in '/home/yoga-slim-pro-2/robotarm_ws/build/arduinobot_msgs': CMAKE_PREFIX_PATH=${CMAKE_PREFIX_PATH}:/home/yoga-slim-pro-2/arduinobot_ws/install/yolo8_detector:/home/yoga-slim-pro-2/arduinobot_ws/install/arduinobot_python:/home/yoga-slim-pro-2/arduinobot_ws/install/arduinobot_py_examples:/opt/ros/jazzy DEBUGINFOD_URLS=https://debuginfod.ubuntu.com /usr/bin/cmake /home/yoga-slim-pro-2/robotarm_ws/src/arduinobot_msgs -DCMAKE_INSTALL_PREFIX=/home/yoga-slim-pro-2/robotarm_ws/install/arduinobot_msgs
[0.074s] -- The C compiler identification is GNU 13.3.0
[0.132s] -- The CXX compiler identification is GNU 13.3.0
[0.152s] -- Detecting C compiler ABI info
[0.266s] -- Detecting C compiler ABI info - done
[0.269s] -- Check for working C compiler: /usr/bin/cc - skipped
[0.269s] -- Detecting C compile features
[0.270s] -- Detecting C compile features - done
[0.280s] -- Detecting CXX compiler ABI info
[0.397s] -- Detecting CXX compiler ABI info - done
[0.405s] -- Check for working CXX compiler: /usr/bin/c++ - skipped
[0.406s] -- Detecting CXX compile features
[0.406s] -- Detecting CXX compile features - done
[0.412s] -- Found ament_cmake: 2.5.4 (/opt/ros/jazzy/share/ament_cmake/cmake)
[0.602s] -- Found Python3: /usr/bin/python3 (found version "3.12.3") found components: Interpreter 
[0.758s] -- Found std_msgs: 5.3.6 (/opt/ros/jazzy/share/std_msgs/cmake)
[0.830s] -- Found rosidl_generator_c: 4.6.5 (/opt/ros/jazzy/share/rosidl_generator_c/cmake)
[0.857s] -- Found rosidl_generator_cpp: 4.6.5 (/opt/ros/jazzy/share/rosidl_generator_cpp/cmake)
[0.887s] -- Using all available rosidl_typesupport_c: rosidl_typesupport_fastrtps_c;rosidl_typesupport_introspection_c
[0.919s] -- Using all available rosidl_typesupport_cpp: rosidl_typesupport_fastrtps_cpp;rosidl_typesupport_introspection_cpp
[0.969s] -- Found rosidl_default_generators: 1.6.0 (/opt/ros/jazzy/share/rosidl_default_generators/cmake)
[0.999s] -- Found rosidl_adapter: 4.6.5 (/opt/ros/jazzy/share/rosidl_adapter/cmake)
[1.764s] -- Found ament_cmake_ros: 0.12.0 (/opt/ros/jazzy/share/ament_cmake_ros/cmake)
[2.591s] -- Using all available rosidl_typesupport_c: rosidl_typesupport_fastrtps_c;rosidl_typesupport_introspection_c
[2.911s] -- Using all available rosidl_typesupport_cpp: rosidl_typesupport_fastrtps_cpp;rosidl_typesupport_introspection_cpp
[2.918s] -- Found python_cmake_module: 0.11.1 (/opt/ros/jazzy/share/python_cmake_module/cmake)
[3.074s] -- Found PythonExtra: /usr/bin/python3  
[3.569s] -- Found Python3: /usr/bin/python3 (found version "3.12.3") found components: Interpreter Development NumPy Development.Module Development.Embed 
[3.614s] -- Configuring done (3.6s)
[3.653s] -- Generating done (0.0s)
[3.664s] -- Build files have been written to: /home/yoga-slim-pro-2/robotarm_ws/build/arduinobot_msgs
[3.679s] Invoked command in '/home/yoga-slim-pro-2/robotarm_ws/build/arduinobot_msgs' returned '0': CMAKE_PREFIX_PATH=${CMAKE_PREFIX_PATH}:/home/yoga-slim-pro-2/arduinobot_ws/install/yolo8_detector:/home/yoga-slim-pro-2/arduinobot_ws/install/arduinobot_python:/home/yoga-slim-pro-2/arduinobot_ws/install/arduinobot_py_examples:/opt/ros/jazzy DEBUGINFOD_URLS=https://debuginfod.ubuntu.com /usr/bin/cmake /home/yoga-slim-pro-2/robotarm_ws/src/arduinobot_msgs -DCMAKE_INSTALL_PREFIX=/home/yoga-slim-pro-2/robotarm_ws/install/arduinobot_msgs
[3.680s] Invoking command in '/home/yoga-slim-pro-2/robotarm_ws/build/arduinobot_msgs': CMAKE_PREFIX_PATH=${CMAKE_PREFIX_PATH}:/home/yoga-slim-pro-2/arduinobot_ws/install/yolo8_detector:/home/yoga-slim-pro-2/arduinobot_ws/install/arduinobot_python:/home/yoga-slim-pro-2/arduinobot_ws/install/arduinobot_py_examples:/opt/ros/jazzy DEBUGINFOD_URLS=https://debuginfod.ubuntu.com /usr/bin/cmake --build /home/yoga-slim-pro-2/robotarm_ws/build/arduinobot_msgs -- -j16 -l16
[3.754s] [  2%] [34m[1mGenerating type hashes for ROS interfaces[0m
[3.767s] [  2%] Built target ament_cmake_python_copy_arduinobot_msgs
[3.981s] [  2%] Built target arduinobot_msgs__rosidl_generator_type_description
[3.996s] [  5%] [34m[1mGenerating C code for ROS interfaces[0m
[4.012s] [  8%] [34m[1mGenerating C++ code for ROS interfaces[0m
[4.023s] running egg_info
[4.024s] creating arduinobot_msgs.egg-info
[4.049s] writing arduinobot_msgs.egg-info/PKG-INFO
[4.049s] writing dependency_links to arduinobot_msgs.egg-info/dependency_links.txt
[4.049s] writing top-level names to arduinobot_msgs.egg-info/top_level.txt
[4.050s] writing manifest file 'arduinobot_msgs.egg-info/SOURCES.txt'
[4.127s] reading manifest file 'arduinobot_msgs.egg-info/SOURCES.txt'
[4.127s] writing manifest file 'arduinobot_msgs.egg-info/SOURCES.txt'
[4.176s] [  8%] Built target ament_cmake_python_build_arduinobot_msgs_egg
[4.449s] [  8%] Built target arduinobot_msgs__cpp
[4.465s] [ 17%] [32mBuilding C object CMakeFiles/arduinobot_msgs__rosidl_generator_c.dir/rosidl_generator_c/arduinobot_msgs/action/detail/arduinobot_task__functions.c.o[0m
[4.465s] [ 17%] [32mBuilding C object CMakeFiles/arduinobot_msgs__rosidl_generator_c.dir/rosidl_generator_c/arduinobot_msgs/action/detail/arduinobot_task__type_support.c.o[0m
[4.465s] [ 17%] [32mBuilding C object CMakeFiles/arduinobot_msgs__rosidl_generator_c.dir/rosidl_generator_c/arduinobot_msgs/action/detail/arduinobot_task__description.c.o[0m
[4.618s] [ 20%] [32m[1mLinking C shared library libarduinobot_msgs__rosidl_generator_c.so[0m
[4.665s] [ 20%] Built target arduinobot_msgs__rosidl_generator_c
[4.681s] [ 38%] [34m[1mGenerating C introspection for ROS interfaces[0m
[4.681s] [ 38%] [34m[1mGenerating C++ type support dispatch for ROS interfaces[0m
[4.682s] [ 38%] [34m[1mGenerating C++ introspection for ROS interfaces[0m
[4.682s] [ 38%] [34m[1mGenerating C type support dispatch for ROS interfaces[0m
[4.682s] [ 38%] [34m[1mGenerating C++ type support for eProsima Fast-RTPS[0m
[4.682s] [ 38%] [34m[1mGenerating C type support for eProsima Fast-RTPS[0m
[5.073s] [ 41%] [32mBuilding CXX object CMakeFiles/arduinobot_msgs__rosidl_typesupport_c.dir/rosidl_typesupport_c/arduinobot_msgs/action/arduinobot_task__type_support.cpp.o[0m
[5.081s] [ 44%] [32mBuilding CXX object CMakeFiles/arduinobot_msgs__rosidl_typesupport_cpp.dir/rosidl_typesupport_cpp/arduinobot_msgs/action/arduinobot_task__type_support.cpp.o[0m
[5.137s] [ 47%] [32mBuilding CXX object CMakeFiles/arduinobot_msgs__rosidl_typesupport_introspection_cpp.dir/rosidl_typesupport_introspection_cpp/arduinobot_msgs/action/detail/arduinobot_task__type_support.cpp.o[0m
[5.155s] [ 50%] [32m[1mLinking CXX shared library libarduinobot_msgs__rosidl_typesupport_c.so[0m
[5.165s] [ 52%] [32mBuilding C object CMakeFiles/arduinobot_msgs__rosidl_typesupport_introspection_c.dir/rosidl_typesupport_introspection_c/arduinobot_msgs/action/detail/arduinobot_task__type_support.c.o[0m
[5.219s] [ 52%] Built target arduinobot_msgs__rosidl_typesupport_c
[5.259s] [ 55%] [32m[1mLinking C shared library libarduinobot_msgs__rosidl_typesupport_introspection_c.so[0m
[5.277s] [ 58%] [32mBuilding CXX object CMakeFiles/arduinobot_msgs__rosidl_typesupport_fastrtps_cpp.dir/rosidl_typesupport_fastrtps_cpp/arduinobot_msgs/action/detail/dds_fastrtps/arduinobot_task__type_support.cpp.o[0m
[5.310s] [ 58%] Built target arduinobot_msgs__rosidl_typesupport_introspection_c
[5.328s] [ 61%] [32mBuilding CXX object CMakeFiles/arduinobot_msgs__rosidl_typesupport_fastrtps_c.dir/rosidl_typesupport_fastrtps_c/arduinobot_msgs/action/detail/arduinobot_task__type_support_c.cpp.o[0m
[5.873s] [ 64%] [32m[1mLinking CXX shared library libarduinobot_msgs__rosidl_typesupport_cpp.so[0m
[5.968s] [ 67%] [32m[1mLinking CXX shared library libarduinobot_msgs__rosidl_typesupport_fastrtps_c.so[0m
[5.991s] [ 67%] Built target arduinobot_msgs__rosidl_typesupport_cpp
[6.014s] [ 70%] [32m[1mLinking CXX shared library libarduinobot_msgs__rosidl_typesupport_introspection_cpp.so[0m
[6.034s] [ 70%] Built target arduinobot_msgs__rosidl_typesupport_fastrtps_c
[6.123s] [ 70%] Built target arduinobot_msgs__rosidl_typesupport_introspection_cpp
[6.373s] [ 73%] [32m[1mLinking CXX shared library libarduinobot_msgs__rosidl_typesupport_fastrtps_cpp.so[0m
[6.471s] [ 73%] Built target arduinobot_msgs__rosidl_typesupport_fastrtps_cpp
[6.501s] [ 73%] Built target arduinobot_msgs
[6.533s] [ 76%] [34m[1mGenerating Python code for ROS interfaces[0m
[7.169s] [ 76%] Built target arduinobot_msgs__py
[7.201s] [ 79%] [32mBuilding C object CMakeFiles/arduinobot_msgs__rosidl_generator_py.dir/rosidl_generator_py/arduinobot_msgs/action/_arduinobot_task_s.c.o[0m
[7.416s] [ 82%] [32m[1mLinking C shared library libarduinobot_msgs__rosidl_generator_py.so[0m
[7.473s] [ 82%] Built target arduinobot_msgs__rosidl_generator_py
[7.503s] [ 91%] [32mBuilding C object CMakeFiles/arduinobot_msgs_s__rosidl_typesupport_introspection_c.dir/rosidl_generator_py/arduinobot_msgs/_arduinobot_msgs_s.ep.rosidl_typesupport_introspection_c.c.o[0m
[7.503s] [ 91%] [32mBuilding C object CMakeFiles/arduinobot_msgs_s__rosidl_typesupport_c.dir/rosidl_generator_py/arduinobot_msgs/_arduinobot_msgs_s.ep.rosidl_typesupport_c.c.o[0m
[7.503s] [ 91%] [32mBuilding C object CMakeFiles/arduinobot_msgs_s__rosidl_typesupport_fastrtps_c.dir/rosidl_generator_py/arduinobot_msgs/_arduinobot_msgs_s.ep.rosidl_typesupport_fastrtps_c.c.o[0m
[7.651s] [ 97%] [32m[1mLinking C shared module rosidl_generator_py/arduinobot_msgs/arduinobot_msgs_s__rosidl_typesupport_c.so[0m
[7.651s] [ 97%] [32m[1mLinking C shared module rosidl_generator_py/arduinobot_msgs/arduinobot_msgs_s__rosidl_typesupport_introspection_c.so[0m
[7.658s] [100%] [32m[1mLinking C shared module rosidl_generator_py/arduinobot_msgs/arduinobot_msgs_s__rosidl_typesupport_fastrtps_c.so[0m
[7.695s] [100%] Built target arduinobot_msgs_s__rosidl_typesupport_introspection_c
[7.695s] [100%] Built target arduinobot_msgs_s__rosidl_typesupport_c
[7.706s] [100%] Built target arduinobot_msgs_s__rosidl_typesupport_fastrtps_c
[7.725s] Invoked command in '/home/yoga-slim-pro-2/robotarm_ws/build/arduinobot_msgs' returned '0': CMAKE_PREFIX_PATH=${CMAKE_PREFIX_PATH}:/home/yoga-slim-pro-2/arduinobot_ws/install/yolo8_detector:/home/yoga-slim-pro-2/arduinobot_ws/install/arduinobot_python:/home/yoga-slim-pro-2/arduinobot_ws/install/arduinobot_py_examples:/opt/ros/jazzy DEBUGINFOD_URLS=https://debuginfod.ubuntu.com /usr/bin/cmake --build /home/yoga-slim-pro-2/robotarm_ws/build/arduinobot_msgs -- -j16 -l16
[7.727s] Invoking command in '/home/yoga-slim-pro-2/robotarm_ws/build/arduinobot_msgs': CMAKE_PREFIX_PATH=${CMAKE_PREFIX_PATH}:/home/yoga-slim-pro-2/arduinobot_ws/install/yolo8_detector:/home/yoga-slim-pro-2/arduinobot_ws/install/arduinobot_python:/home/yoga-slim-pro-2/arduinobot_ws/install/arduinobot_py_examples:/opt/ros/jazzy DEBUGINFOD_URLS=https://debuginfod.ubuntu.com /usr/bin/cmake --install /home/yoga-slim-pro-2/robotarm_ws/build/arduinobot_msgs
[7.740s] -- Install configuration: ""
[7.740s] -- Installing: /home/yoga-slim-pro-2/robotarm_ws/install/arduinobot_msgs/share/ament_index/resource_index/rosidl_interfaces/arduinobot_msgs
[7.740s] -- Installing: /home/yoga-slim-pro-2/robotarm_ws/install/arduinobot_msgs/share/arduinobot_msgs/action/ArduinobotTask.json
[7.741s] -- Installing: /home/yoga-slim-pro-2/robotarm_ws/install/arduinobot_msgs/include/arduinobot_msgs/arduinobot_msgs
[7.741s] -- Installing: /home/yoga-slim-pro-2/robotarm_ws/install/arduinobot_msgs/include/arduinobot_msgs/arduinobot_msgs/msg
[7.741s] -- Installing: /home/yoga-slim-pro-2/robotarm_ws/install/arduinobot_msgs/include/arduinobot_msgs/arduinobot_msgs/msg/rosidl_generator_c__visibility_control.h
[7.741s] -- Installing: /home/yoga-slim-pro-2/robotarm_ws/install/arduinobot_msgs/include/arduinobot_msgs/arduinobot_msgs/action
[7.741s] -- Installing: /home/yoga-slim-pro-2/robotarm_ws/install/arduinobot_msgs/include/arduinobot_msgs/arduinobot_msgs/action/arduinobot_task.h
[7.741s] -- Installing: /home/yoga-slim-pro-2/robotarm_ws/install/arduinobot_msgs/include/arduinobot_msgs/arduinobot_msgs/action/detail
[7.741s] -- Installing: /home/yoga-slim-pro-2/robotarm_ws/install/arduinobot_msgs/include/arduinobot_msgs/arduinobot_msgs/action/detail/arduinobot_task__functions.c
[7.741s] -- Installing: /home/yoga-slim-pro-2/robotarm_ws/install/arduinobot_msgs/include/arduinobot_msgs/arduinobot_msgs/action/detail/arduinobot_task__struct.h
[7.742s] -- Installing: /home/yoga-slim-pro-2/robotarm_ws/install/arduinobot_msgs/include/arduinobot_msgs/arduinobot_msgs/action/detail/arduinobot_task__type_support.h
[7.742s] -- Installing: /home/yoga-slim-pro-2/robotarm_ws/install/arduinobot_msgs/include/arduinobot_msgs/arduinobot_msgs/action/detail/arduinobot_task__functions.h
[7.742s] -- Installing: /home/yoga-slim-pro-2/robotarm_ws/install/arduinobot_msgs/include/arduinobot_msgs/arduinobot_msgs/action/detail/arduinobot_task__description.c
[7.742s] -- Installing: /home/yoga-slim-pro-2/robotarm_ws/install/arduinobot_msgs/include/arduinobot_msgs/arduinobot_msgs/action/detail/arduinobot_task__type_support.c
[7.742s] -- Installing: /home/yoga-slim-pro-2/robotarm_ws/install/arduinobot_msgs/share/arduinobot_msgs/environment/library_path.sh
[7.742s] -- Installing: /home/yoga-slim-pro-2/robotarm_ws/install/arduinobot_msgs/share/arduinobot_msgs/environment/library_path.dsv
[7.743s] -- Installing: /home/yoga-slim-pro-2/robotarm_ws/install/arduinobot_msgs/lib/libarduinobot_msgs__rosidl_generator_c.so
[7.743s] -- Set non-toolchain portion of runtime path of "/home/yoga-slim-pro-2/robotarm_ws/install/arduinobot_msgs/lib/libarduinobot_msgs__rosidl_generator_c.so" to ""
[7.743s] -- Up-to-date: /home/yoga-slim-pro-2/robotarm_ws/install/arduinobot_msgs/include/arduinobot_msgs/arduinobot_msgs
[7.743s] -- Up-to-date: /home/yoga-slim-pro-2/robotarm_ws/install/arduinobot_msgs/include/arduinobot_msgs/arduinobot_msgs/msg
[7.743s] -- Installing: /home/yoga-slim-pro-2/robotarm_ws/install/arduinobot_msgs/include/arduinobot_msgs/arduinobot_msgs/msg/rosidl_typesupport_fastrtps_c__visibility_control.h
[7.744s] -- Up-to-date: /home/yoga-slim-pro-2/robotarm_ws/install/arduinobot_msgs/include/arduinobot_msgs/arduinobot_msgs/action
[7.744s] -- Up-to-date: /home/yoga-slim-pro-2/robotarm_ws/install/arduinobot_msgs/include/arduinobot_msgs/arduinobot_msgs/action/detail
[7.744s] -- Installing: /home/yoga-slim-pro-2/robotarm_ws/install/arduinobot_msgs/include/arduinobot_msgs/arduinobot_msgs/action/detail/arduinobot_task__rosidl_typesupport_fastrtps_c.h
[7.744s] -- Installing: /home/yoga-slim-pro-2/robotarm_ws/install/arduinobot_msgs/lib/libarduinobot_msgs__rosidl_typesupport_fastrtps_c.so
[7.744s] -- Set non-toolchain portion of runtime path of "/home/yoga-slim-pro-2/robotarm_ws/install/arduinobot_msgs/lib/libarduinobot_msgs__rosidl_typesupport_fastrtps_c.so" to ""
[7.744s] -- Up-to-date: /home/yoga-slim-pro-2/robotarm_ws/install/arduinobot_msgs/include/arduinobot_msgs/arduinobot_msgs
[7.744s] -- Up-to-date: /home/yoga-slim-pro-2/robotarm_ws/install/arduinobot_msgs/include/arduinobot_msgs/arduinobot_msgs/msg
[7.744s] -- Installing: /home/yoga-slim-pro-2/robotarm_ws/install/arduinobot_msgs/include/arduinobot_msgs/arduinobot_msgs/msg/rosidl_generator_cpp__visibility_control.hpp
[7.744s] -- Up-to-date: /home/yoga-slim-pro-2/robotarm_ws/install/arduinobot_msgs/include/arduinobot_msgs/arduinobot_msgs/action
[7.745s] -- Up-to-date: /home/yoga-slim-pro-2/robotarm_ws/install/arduinobot_msgs/include/arduinobot_msgs/arduinobot_msgs/action/detail
[7.745s] -- Installing: /home/yoga-slim-pro-2/robotarm_ws/install/arduinobot_msgs/include/arduinobot_msgs/arduinobot_msgs/action/detail/arduinobot_task__type_support.hpp
[7.745s] -- Installing: /home/yoga-slim-pro-2/robotarm_ws/install/arduinobot_msgs/include/arduinobot_msgs/arduinobot_msgs/action/detail/arduinobot_task__traits.hpp
[7.745s] -- Installing: /home/yoga-slim-pro-2/robotarm_ws/install/arduinobot_msgs/include/arduinobot_msgs/arduinobot_msgs/action/detail/arduinobot_task__builder.hpp
[7.745s] -- Installing: /home/yoga-slim-pro-2/robotarm_ws/install/arduinobot_msgs/include/arduinobot_msgs/arduinobot_msgs/action/detail/arduinobot_task__struct.hpp
[7.745s] -- Installing: /home/yoga-slim-pro-2/robotarm_ws/install/arduinobot_msgs/include/arduinobot_msgs/arduinobot_msgs/action/arduinobot_task.hpp
[7.745s] -- Up-to-date: /home/yoga-slim-pro-2/robotarm_ws/install/arduinobot_msgs/include/arduinobot_msgs/arduinobot_msgs
[7.745s] -- Up-to-date: /home/yoga-slim-pro-2/robotarm_ws/install/arduinobot_msgs/include/arduinobot_msgs/arduinobot_msgs/msg
[7.745s] -- Installing: /home/yoga-slim-pro-2/robotarm_ws/install/arduinobot_msgs/include/arduinobot_msgs/arduinobot_msgs/msg/rosidl_typesupport_fastrtps_cpp__visibility_control.h
[7.746s] -- Up-to-date: /home/yoga-slim-pro-2/robotarm_ws/install/arduinobot_msgs/include/arduinobot_msgs/arduinobot_msgs/action
[7.746s] -- Up-to-date: /home/yoga-slim-pro-2/robotarm_ws/install/arduinobot_msgs/include/arduinobot_msgs/arduinobot_msgs/action/detail
[7.746s] -- Installing: /home/yoga-slim-pro-2/robotarm_ws/install/arduinobot_msgs/include/arduinobot_msgs/arduinobot_msgs/action/detail/dds_fastrtps
[7.746s] -- Installing: /home/yoga-slim-pro-2/robotarm_ws/install/arduinobot_msgs/include/arduinobot_msgs/arduinobot_msgs/action/detail/arduinobot_task__rosidl_typesupport_fastrtps_cpp.hpp
[7.746s] -- Installing: /home/yoga-slim-pro-2/robotarm_ws/install/arduinobot_msgs/lib/libarduinobot_msgs__rosidl_typesupport_fastrtps_cpp.so
[7.746s] -- Set non-toolchain portion of runtime path of "/home/yoga-slim-pro-2/robotarm_ws/install/arduinobot_msgs/lib/libarduinobot_msgs__rosidl_typesupport_fastrtps_cpp.so" to ""
[7.746s] -- Up-to-date: /home/yoga-slim-pro-2/robotarm_ws/install/arduinobot_msgs/include/arduinobot_msgs/arduinobot_msgs
[7.746s] -- Up-to-date: /home/yoga-slim-pro-2/robotarm_ws/install/arduinobot_msgs/include/arduinobot_msgs/arduinobot_msgs/msg
[7.747s] -- Installing: /home/yoga-slim-pro-2/robotarm_ws/install/arduinobot_msgs/include/arduinobot_msgs/arduinobot_msgs/msg/rosidl_typesupport_introspection_c__visibility_control.h
[7.747s] -- Up-to-date: /home/yoga-slim-pro-2/robotarm_ws/install/arduinobot_msgs/include/arduinobot_msgs/arduinobot_msgs/action
[7.747s] -- Up-to-date: /home/yoga-slim-pro-2/robotarm_ws/install/arduinobot_msgs/include/arduinobot_msgs/arduinobot_msgs/action/detail
[7.747s] -- Installing: /home/yoga-slim-pro-2/robotarm_ws/install/arduinobot_msgs/include/arduinobot_msgs/arduinobot_msgs/action/detail/arduinobot_task__type_support.c
[7.747s] -- Installing: /home/yoga-slim-pro-2/robotarm_ws/install/arduinobot_msgs/include/arduinobot_msgs/arduinobot_msgs/action/detail/arduinobot_task__rosidl_typesupport_introspection_c.h
[7.747s] -- Installing: /home/yoga-slim-pro-2/robotarm_ws/install/arduinobot_msgs/lib/libarduinobot_msgs__rosidl_typesupport_introspection_c.so
[7.747s] -- Set non-toolchain portion of runtime path of "/home/yoga-slim-pro-2/robotarm_ws/install/arduinobot_msgs/lib/libarduinobot_msgs__rosidl_typesupport_introspection_c.so" to ""
[7.747s] -- Installing: /home/yoga-slim-pro-2/robotarm_ws/install/arduinobot_msgs/lib/libarduinobot_msgs__rosidl_typesupport_c.so
[7.748s] -- Set non-toolchain portion of runtime path of "/home/yoga-slim-pro-2/robotarm_ws/install/arduinobot_msgs/lib/libarduinobot_msgs__rosidl_typesupport_c.so" to ""
[7.748s] -- Up-to-date: /home/yoga-slim-pro-2/robotarm_ws/install/arduinobot_msgs/include/arduinobot_msgs/arduinobot_msgs
[7.748s] -- Up-to-date: /home/yoga-slim-pro-2/robotarm_ws/install/arduinobot_msgs/include/arduinobot_msgs/arduinobot_msgs/action
[7.748s] -- Up-to-date: /home/yoga-slim-pro-2/robotarm_ws/install/arduinobot_msgs/include/arduinobot_msgs/arduinobot_msgs/action/detail
[7.748s] -- Installing: /home/yoga-slim-pro-2/robotarm_ws/install/arduinobot_msgs/include/arduinobot_msgs/arduinobot_msgs/action/detail/arduinobot_task__rosidl_typesupport_introspection_cpp.hpp
[7.748s] -- Installing: /home/yoga-slim-pro-2/robotarm_ws/install/arduinobot_msgs/include/arduinobot_msgs/arduinobot_msgs/action/detail/arduinobot_task__type_support.cpp
[7.748s] -- Installing: /home/yoga-slim-pro-2/robotarm_ws/install/arduinobot_msgs/lib/libarduinobot_msgs__rosidl_typesupport_introspection_cpp.so
[7.749s] -- Set non-toolchain portion of runtime path of "/home/yoga-slim-pro-2/robotarm_ws/install/arduinobot_msgs/lib/libarduinobot_msgs__rosidl_typesupport_introspection_cpp.so" to ""
[7.749s] -- Installing: /home/yoga-slim-pro-2/robotarm_ws/install/arduinobot_msgs/lib/libarduinobot_msgs__rosidl_typesupport_cpp.so
[7.749s] -- Set non-toolchain portion of runtime path of "/home/yoga-slim-pro-2/robotarm_ws/install/arduinobot_msgs/lib/libarduinobot_msgs__rosidl_typesupport_cpp.so" to ""
[7.749s] -- Installing: /home/yoga-slim-pro-2/robotarm_ws/install/arduinobot_msgs/share/arduinobot_msgs/environment/pythonpath.sh
[7.749s] -- Installing: /home/yoga-slim-pro-2/robotarm_ws/install/arduinobot_msgs/share/arduinobot_msgs/environment/pythonpath.dsv
[7.750s] -- Installing: /home/yoga-slim-pro-2/robotarm_ws/install/arduinobot_msgs/lib/python3.12/site-packages/arduinobot_msgs-0.0.0-py3.12.egg-info
[7.750s] -- Installing: /home/yoga-slim-pro-2/robotarm_ws/install/arduinobot_msgs/lib/python3.12/site-packages/arduinobot_msgs-0.0.0-py3.12.egg-info/SOURCES.txt
[7.750s] -- Installing: /home/yoga-slim-pro-2/robotarm_ws/install/arduinobot_msgs/lib/python3.12/site-packages/arduinobot_msgs-0.0.0-py3.12.egg-info/top_level.txt
[7.750s] -- Installing: /home/yoga-slim-pro-2/robotarm_ws/install/arduinobot_msgs/lib/python3.12/site-packages/arduinobot_msgs-0.0.0-py3.12.egg-info/PKG-INFO
[7.750s] -- Installing: /home/yoga-slim-pro-2/robotarm_ws/install/arduinobot_msgs/lib/python3.12/site-packages/arduinobot_msgs-0.0.0-py3.12.egg-info/dependency_links.txt
[7.750s] -- Installing: /home/yoga-slim-pro-2/robotarm_ws/install/arduinobot_msgs/lib/python3.12/site-packages/arduinobot_msgs
[7.751s] -- Installing: /home/yoga-slim-pro-2/robotarm_ws/install/arduinobot_msgs/lib/python3.12/site-packages/arduinobot_msgs/_arduinobot_msgs_s.ep.rosidl_typesupport_fastrtps_c.c
[7.751s] -- Installing: /home/yoga-slim-pro-2/robotarm_ws/install/arduinobot_msgs/lib/python3.12/site-packages/arduinobot_msgs/_arduinobot_msgs_s.ep.rosidl_typesupport_c.c
[7.751s] -- Installing: /home/yoga-slim-pro-2/robotarm_ws/install/arduinobot_msgs/lib/python3.12/site-packages/arduinobot_msgs/arduinobot_msgs_s__rosidl_typesupport_c.so
[7.751s] -- Installing: /home/yoga-slim-pro-2/robotarm_ws/install/arduinobot_msgs/lib/python3.12/site-packages/arduinobot_msgs/_arduinobot_msgs_s.ep.rosidl_typesupport_introspection_c.c
[7.751s] -- Installing: /home/yoga-slim-pro-2/robotarm_ws/install/arduinobot_msgs/lib/python3.12/site-packages/arduinobot_msgs/__init__.py
[7.751s] -- Installing: /home/yoga-slim-pro-2/robotarm_ws/install/arduinobot_msgs/lib/python3.12/site-packages/arduinobot_msgs/action
[7.752s] -- Installing: /home/yoga-slim-pro-2/robotarm_ws/install/arduinobot_msgs/lib/python3.12/site-packages/arduinobot_msgs/action/__init__.py
[7.752s] -- Installing: /home/yoga-slim-pro-2/robotarm_ws/install/arduinobot_msgs/lib/python3.12/site-packages/arduinobot_msgs/action/_arduinobot_task.py
[7.752s] -- Installing: /home/yoga-slim-pro-2/robotarm_ws/install/arduinobot_msgs/lib/python3.12/site-packages/arduinobot_msgs/action/_arduinobot_task_s.c
[7.752s] -- Installing: /home/yoga-slim-pro-2/robotarm_ws/install/arduinobot_msgs/lib/python3.12/site-packages/arduinobot_msgs/arduinobot_msgs_s__rosidl_typesupport_fastrtps_c.so
[7.752s] -- Installing: /home/yoga-slim-pro-2/robotarm_ws/install/arduinobot_msgs/lib/python3.12/site-packages/arduinobot_msgs/arduinobot_msgs_s__rosidl_typesupport_introspection_c.so
[7.806s] Listing '/home/yoga-slim-pro-2/robotarm_ws/install/arduinobot_msgs/lib/python3.12/site-packages/arduinobot_msgs'...
[7.807s] Compiling '/home/yoga-slim-pro-2/robotarm_ws/install/arduinobot_msgs/lib/python3.12/site-packages/arduinobot_msgs/__init__.py'...
[7.807s] Listing '/home/yoga-slim-pro-2/robotarm_ws/install/arduinobot_msgs/lib/python3.12/site-packages/arduinobot_msgs/action'...
[7.807s] Compiling '/home/yoga-slim-pro-2/robotarm_ws/install/arduinobot_msgs/lib/python3.12/site-packages/arduinobot_msgs/action/__init__.py'...
[7.807s] Compiling '/home/yoga-slim-pro-2/robotarm_ws/install/arduinobot_msgs/lib/python3.12/site-packages/arduinobot_msgs/action/_arduinobot_task.py'...
[7.815s] -- Installing: /home/yoga-slim-pro-2/robotarm_ws/install/arduinobot_msgs/lib/python3.12/site-packages/arduinobot_msgs/arduinobot_msgs_s__rosidl_typesupport_fastrtps_c.so
[7.815s] -- Set non-toolchain portion of runtime path of "/home/yoga-slim-pro-2/robotarm_ws/install/arduinobot_msgs/lib/python3.12/site-packages/arduinobot_msgs/arduinobot_msgs_s__rosidl_typesupport_fastrtps_c.so" to ""
[7.816s] -- Installing: /home/yoga-slim-pro-2/robotarm_ws/install/arduinobot_msgs/lib/python3.12/site-packages/arduinobot_msgs/arduinobot_msgs_s__rosidl_typesupport_introspection_c.so
[7.816s] -- Set non-toolchain portion of runtime path of "/home/yoga-slim-pro-2/robotarm_ws/install/arduinobot_msgs/lib/python3.12/site-packages/arduinobot_msgs/arduinobot_msgs_s__rosidl_typesupport_introspection_c.so" to ""
[7.816s] -- Installing: /home/yoga-slim-pro-2/robotarm_ws/install/arduinobot_msgs/lib/python3.12/site-packages/arduinobot_msgs/arduinobot_msgs_s__rosidl_typesupport_c.so
[7.817s] -- Set non-toolchain portion of runtime path of "/home/yoga-slim-pro-2/robotarm_ws/install/arduinobot_msgs/lib/python3.12/site-packages/arduinobot_msgs/arduinobot_msgs_s__rosidl_typesupport_c.so" to ""
[7.817s] -- Installing: /home/yoga-slim-pro-2/robotarm_ws/install/arduinobot_msgs/lib/libarduinobot_msgs__rosidl_generator_py.so
[7.817s] -- Set non-toolchain portion of runtime path of "/home/yoga-slim-pro-2/robotarm_ws/install/arduinobot_msgs/lib/libarduinobot_msgs__rosidl_generator_py.so" to ""
[7.817s] -- Installing: /home/yoga-slim-pro-2/robotarm_ws/install/arduinobot_msgs/share/arduinobot_msgs/action/ArduinobotTask.idl
[7.817s] -- Installing: /home/yoga-slim-pro-2/robotarm_ws/install/arduinobot_msgs/share/arduinobot_msgs/action/ArduinobotTask.action
[7.818s] -- Installing: /home/yoga-slim-pro-2/robotarm_ws/install/arduinobot_msgs/share/ament_index/resource_index/package_run_dependencies/arduinobot_msgs
[7.818s] -- Installing: /home/yoga-slim-pro-2/robotarm_ws/install/arduinobot_msgs/share/ament_index/resource_index/parent_prefix_path/arduinobot_msgs
[7.818s] -- Installing: /home/yoga-slim-pro-2/robotarm_ws/install/arduinobot_msgs/share/arduinobot_msgs/environment/ament_prefix_path.sh
[7.819s] -- Installing: /home/yoga-slim-pro-2/robotarm_ws/install/arduinobot_msgs/share/arduinobot_msgs/environment/ament_prefix_path.dsv
[7.819s] -- Installing: /home/yoga-slim-pro-2/robotarm_ws/install/arduinobot_msgs/share/arduinobot_msgs/environment/path.sh
[7.819s] -- Installing: /home/yoga-slim-pro-2/robotarm_ws/install/arduinobot_msgs/share/arduinobot_msgs/environment/path.dsv
[7.819s] -- Installing: /home/yoga-slim-pro-2/robotarm_ws/install/arduinobot_msgs/share/arduinobot_msgs/local_setup.bash
[7.819s] -- Installing: /home/yoga-slim-pro-2/robotarm_ws/install/arduinobot_msgs/share/arduinobot_msgs/local_setup.sh
[7.820s] -- Installing: /home/yoga-slim-pro-2/robotarm_ws/install/arduinobot_msgs/share/arduinobot_msgs/local_setup.zsh
[7.820s] -- Installing: /home/yoga-slim-pro-2/robotarm_ws/install/arduinobot_msgs/share/arduinobot_msgs/local_setup.dsv
[7.820s] -- Installing: /home/yoga-slim-pro-2/robotarm_ws/install/arduinobot_msgs/share/arduinobot_msgs/package.dsv
[7.820s] -- Installing: /home/yoga-slim-pro-2/robotarm_ws/install/arduinobot_msgs/share/ament_index/resource_index/packages/arduinobot_msgs
[7.820s] -- Installing: /home/yoga-slim-pro-2/robotarm_ws/install/arduinobot_msgs/share/arduinobot_msgs/cmake/export_arduinobot_msgs__rosidl_generator_cExport.cmake
[7.820s] -- Installing: /home/yoga-slim-pro-2/robotarm_ws/install/arduinobot_msgs/share/arduinobot_msgs/cmake/export_arduinobot_msgs__rosidl_generator_cExport-noconfig.cmake
[7.821s] -- Installing: /home/yoga-slim-pro-2/robotarm_ws/install/arduinobot_msgs/share/arduinobot_msgs/cmake/export_arduinobot_msgs__rosidl_typesupport_fastrtps_cExport.cmake
[7.821s] -- Installing: /home/yoga-slim-pro-2/robotarm_ws/install/arduinobot_msgs/share/arduinobot_msgs/cmake/export_arduinobot_msgs__rosidl_typesupport_fastrtps_cExport-noconfig.cmake
[7.821s] -- Installing: /home/yoga-slim-pro-2/robotarm_ws/install/arduinobot_msgs/share/arduinobot_msgs/cmake/export_arduinobot_msgs__rosidl_generator_cppExport.cmake
[7.821s] -- Installing: /home/yoga-slim-pro-2/robotarm_ws/install/arduinobot_msgs/share/arduinobot_msgs/cmake/export_arduinobot_msgs__rosidl_typesupport_fastrtps_cppExport.cmake
[7.821s] -- Installing: /home/yoga-slim-pro-2/robotarm_ws/install/arduinobot_msgs/share/arduinobot_msgs/cmake/export_arduinobot_msgs__rosidl_typesupport_fastrtps_cppExport-noconfig.cmake
[7.821s] -- Installing: /home/yoga-slim-pro-2/robotarm_ws/install/arduinobot_msgs/share/arduinobot_msgs/cmake/arduinobot_msgs__rosidl_typesupport_introspection_cExport.cmake
[7.821s] -- Installing: /home/yoga-slim-pro-2/robotarm_ws/install/arduinobot_msgs/share/arduinobot_msgs/cmake/arduinobot_msgs__rosidl_typesupport_introspection_cExport-noconfig.cmake
[7.822s] -- Installing: /home/yoga-slim-pro-2/robotarm_ws/install/arduinobot_msgs/share/arduinobot_msgs/cmake/arduinobot_msgs__rosidl_typesupport_cExport.cmake
[7.822s] -- Installing: /home/yoga-slim-pro-2/robotarm_ws/install/arduinobot_msgs/share/arduinobot_msgs/cmake/arduinobot_msgs__rosidl_typesupport_cExport-noconfig.cmake
[7.822s] -- Installing: /home/yoga-slim-pro-2/robotarm_ws/install/arduinobot_msgs/share/arduinobot_msgs/cmake/arduinobot_msgs__rosidl_typesupport_introspection_cppExport.cmake
[7.822s] -- Installing: /home/yoga-slim-pro-2/robotarm_ws/install/arduinobot_msgs/share/arduinobot_msgs/cmake/arduinobot_msgs__rosidl_typesupport_introspection_cppExport-noconfig.cmake
[7.822s] -- Installing: /home/yoga-slim-pro-2/robotarm_ws/install/arduinobot_msgs/share/arduinobot_msgs/cmake/arduinobot_msgs__rosidl_typesupport_cppExport.cmake
[7.823s] -- Installing: /home/yoga-slim-pro-2/robotarm_ws/install/arduinobot_msgs/share/arduinobot_msgs/cmake/arduinobot_msgs__rosidl_typesupport_cppExport-noconfig.cmake
[7.823s] -- Installing: /home/yoga-slim-pro-2/robotarm_ws/install/arduinobot_msgs/share/arduinobot_msgs/cmake/export_arduinobot_msgs__rosidl_generator_pyExport.cmake
[7.823s] -- Installing: /home/yoga-slim-pro-2/robotarm_ws/install/arduinobot_msgs/share/arduinobot_msgs/cmake/export_arduinobot_msgs__rosidl_generator_pyExport-noconfig.cmake
[7.823s] -- Installing: /home/yoga-slim-pro-2/robotarm_ws/install/arduinobot_msgs/share/arduinobot_msgs/cmake/rosidl_cmake-extras.cmake
[7.823s] -- Installing: /home/yoga-slim-pro-2/robotarm_ws/install/arduinobot_msgs/share/arduinobot_msgs/cmake/ament_cmake_export_dependencies-extras.cmake
[7.823s] -- Installing: /home/yoga-slim-pro-2/robotarm_ws/install/arduinobot_msgs/share/arduinobot_msgs/cmake/ament_cmake_export_include_directories-extras.cmake
[7.823s] -- Installing: /home/yoga-slim-pro-2/robotarm_ws/install/arduinobot_msgs/share/arduinobot_msgs/cmake/ament_cmake_export_libraries-extras.cmake
[7.824s] -- Installing: /home/yoga-slim-pro-2/robotarm_ws/install/arduinobot_msgs/share/arduinobot_msgs/cmake/ament_cmake_export_targets-extras.cmake
[7.824s] -- Installing: /home/yoga-slim-pro-2/robotarm_ws/install/arduinobot_msgs/share/arduinobot_msgs/cmake/rosidl_cmake_export_typesupport_targets-extras.cmake
[7.824s] -- Installing: /home/yoga-slim-pro-2/robotarm_ws/install/arduinobot_msgs/share/arduinobot_msgs/cmake/rosidl_cmake_export_typesupport_libraries-extras.cmake
[7.824s] -- Installing: /home/yoga-slim-pro-2/robotarm_ws/install/arduinobot_msgs/share/arduinobot_msgs/cmake/arduinobot_msgsConfig.cmake
[7.824s] -- Installing: /home/yoga-slim-pro-2/robotarm_ws/install/arduinobot_msgs/share/arduinobot_msgs/cmake/arduinobot_msgsConfig-version.cmake
[7.824s] -- Installing: /home/yoga-slim-pro-2/robotarm_ws/install/arduinobot_msgs/share/arduinobot_msgs/package.xml
[7.828s] Invoked command in '/home/yoga-slim-pro-2/robotarm_ws/build/arduinobot_msgs' returned '0': CMAKE_PREFIX_PATH=${CMAKE_PREFIX_PATH}:/home/yoga-slim-pro-2/arduinobot_ws/install/yolo8_detector:/home/yoga-slim-pro-2/arduinobot_ws/install/arduinobot_python:/home/yoga-slim-pro-2/arduinobot_ws/install/arduinobot_py_examples:/opt/ros/jazzy DEBUGINFOD_URLS=https://debuginfod.ubuntu.com /usr/bin/cmake --install /home/yoga-slim-pro-2/robotarm_ws/build/arduinobot_msgs
