[0.181s] DEBUG:colcon:Command line arguments: ['/usr/bin/colcon', 'list', '-p', '--base-paths', '/home/yoga-slim-pro-2/robotarm_ws']
[0.181s] DEBUG:colcon:Parsed command line arguments: Namespace(log_base=None, log_level=None, verb_name='list', build_base='build', ignore_user_meta=False, metas=['./colcon.meta'], base_paths=['/home/yoga-slim-pro-2/robotarm_ws'], packages_ignore=None, packages_ignore_regex=None, paths=None, packages_up_to=None, packages_up_to_regex=None, packages_above=None, packages_above_and_dependencies=None, packages_above_depth=None, packages_select_by_dep=None, packages_skip_by_dep=None, packages_skip_up_to=None, packages_select_build_failed=False, packages_skip_build_finished=False, packages_select_test_failures=False, packages_skip_test_passed=False, packages_select=None, packages_skip=None, packages_select_regex=None, packages_skip_regex=None, packages_start=None, packages_end=None, allow_overriding=[], topological_order=False, names_only=False, paths_only=True, topological_graph=False, topological_graph_dot=False, topological_graph_density=False, topological_graph_legend=False, topological_graph_dot_cluster=False, topological_graph_dot_include_skipped=False, mixin_files=None, mixin=None, verb_parser=<colcon_mixin.mixin.mixin_argument.MixinArgumentDecorator object at 0x742aab593f50>, verb_extension=<colcon_package_information.verb.list.ListVerb object at 0x742aab5930e0>, main=<bound method ListVerb.main of <colcon_package_information.verb.list.ListVerb object at 0x742aab5930e0>>, mixin_verb=('list',))
[0.241s] Level 1:colcon.colcon_core.package_discovery:discover_packages(colcon_meta) check parameters
[0.241s] Level 1:colcon.colcon_core.package_discovery:discover_packages(recursive) check parameters
[0.241s] Level 1:colcon.colcon_core.package_discovery:discover_packages(ignore) check parameters
[0.242s] Level 1:colcon.colcon_core.package_discovery:discover_packages(path) check parameters
[0.242s] Level 1:colcon.colcon_core.package_discovery:discover_packages(recursive) discover
[0.242s] INFO:colcon.colcon_core.package_discovery:Crawling recursively for packages in '/home/yoga-slim-pro-2/robotarm_ws'
[0.242s] Level 1:colcon.colcon_core.package_identification:_identify(/home/yoga-slim-pro-2/robotarm_ws) by extensions ['ignore', 'ignore_ament_install']
[0.242s] Level 1:colcon.colcon_core.package_identification:_identify(/home/yoga-slim-pro-2/robotarm_ws) by extension 'ignore'
[0.242s] Level 1:colcon.colcon_core.package_identification:_identify(/home/yoga-slim-pro-2/robotarm_ws) by extension 'ignore_ament_install'
[0.242s] Level 1:colcon.colcon_core.package_identification:_identify(/home/yoga-slim-pro-2/robotarm_ws) by extensions ['colcon_pkg']
[0.242s] Level 1:colcon.colcon_core.package_identification:_identify(/home/yoga-slim-pro-2/robotarm_ws) by extension 'colcon_pkg'
[0.242s] Level 1:colcon.colcon_core.package_identification:_identify(/home/yoga-slim-pro-2/robotarm_ws) by extensions ['colcon_meta']
[0.242s] Level 1:colcon.colcon_core.package_identification:_identify(/home/yoga-slim-pro-2/robotarm_ws) by extension 'colcon_meta'
[0.243s] Level 1:colcon.colcon_core.package_identification:_identify(/home/yoga-slim-pro-2/robotarm_ws) by extensions ['ros']
[0.243s] Level 1:colcon.colcon_core.package_identification:_identify(/home/yoga-slim-pro-2/robotarm_ws) by extension 'ros'
[0.286s] Level 1:colcon.colcon_core.package_identification:_identify(/home/yoga-slim-pro-2/robotarm_ws) by extensions ['cmake', 'python']
[0.286s] Level 1:colcon.colcon_core.package_identification:_identify(/home/yoga-slim-pro-2/robotarm_ws) by extension 'cmake'
[0.286s] Level 1:colcon.colcon_core.package_identification:_identify(/home/yoga-slim-pro-2/robotarm_ws) by extension 'python'
[0.286s] Level 1:colcon.colcon_core.package_identification:_identify(/home/yoga-slim-pro-2/robotarm_ws) by extensions ['python_setup_py']
[0.286s] Level 1:colcon.colcon_core.package_identification:_identify(/home/yoga-slim-pro-2/robotarm_ws) by extension 'python_setup_py'
[0.286s] Level 1:colcon.colcon_core.package_identification:_identify(/home/yoga-slim-pro-2/robotarm_ws/build) by extensions ['ignore', 'ignore_ament_install']
[0.286s] Level 1:colcon.colcon_core.package_identification:_identify(/home/yoga-slim-pro-2/robotarm_ws/build) by extension 'ignore'
[0.286s] Level 1:colcon.colcon_core.package_identification:_identify(/home/yoga-slim-pro-2/robotarm_ws/build) ignored
[0.287s] Level 1:colcon.colcon_core.package_identification:_identify(/home/yoga-slim-pro-2/robotarm_ws/install) by extensions ['ignore', 'ignore_ament_install']
[0.287s] Level 1:colcon.colcon_core.package_identification:_identify(/home/yoga-slim-pro-2/robotarm_ws/install) by extension 'ignore'
[0.287s] Level 1:colcon.colcon_core.package_identification:_identify(/home/yoga-slim-pro-2/robotarm_ws/install) ignored
[0.287s] Level 1:colcon.colcon_core.package_identification:_identify(/home/yoga-slim-pro-2/robotarm_ws/log) by extensions ['ignore', 'ignore_ament_install']
[0.287s] Level 1:colcon.colcon_core.package_identification:_identify(/home/yoga-slim-pro-2/robotarm_ws/log) by extension 'ignore'
[0.287s] Level 1:colcon.colcon_core.package_identification:_identify(/home/yoga-slim-pro-2/robotarm_ws/log) ignored
[0.287s] Level 1:colcon.colcon_core.package_identification:_identify(/home/yoga-slim-pro-2/robotarm_ws/src) by extensions ['ignore', 'ignore_ament_install']
[0.287s] Level 1:colcon.colcon_core.package_identification:_identify(/home/yoga-slim-pro-2/robotarm_ws/src) by extension 'ignore'
[0.287s] Level 1:colcon.colcon_core.package_identification:_identify(/home/yoga-slim-pro-2/robotarm_ws/src) by extension 'ignore_ament_install'
[0.288s] Level 1:colcon.colcon_core.package_identification:_identify(/home/yoga-slim-pro-2/robotarm_ws/src) by extensions ['colcon_pkg']
[0.288s] Level 1:colcon.colcon_core.package_identification:_identify(/home/yoga-slim-pro-2/robotarm_ws/src) by extension 'colcon_pkg'
[0.288s] Level 1:colcon.colcon_core.package_identification:_identify(/home/yoga-slim-pro-2/robotarm_ws/src) by extensions ['colcon_meta']
[0.288s] Level 1:colcon.colcon_core.package_identification:_identify(/home/yoga-slim-pro-2/robotarm_ws/src) by extension 'colcon_meta'
[0.288s] Level 1:colcon.colcon_core.package_identification:_identify(/home/yoga-slim-pro-2/robotarm_ws/src) by extensions ['ros']
[0.288s] Level 1:colcon.colcon_core.package_identification:_identify(/home/yoga-slim-pro-2/robotarm_ws/src) by extension 'ros'
[0.288s] Level 1:colcon.colcon_core.package_identification:_identify(/home/yoga-slim-pro-2/robotarm_ws/src) by extensions ['cmake', 'python']
[0.288s] Level 1:colcon.colcon_core.package_identification:_identify(/home/yoga-slim-pro-2/robotarm_ws/src) by extension 'cmake'
[0.288s] Level 1:colcon.colcon_core.package_identification:_identify(/home/yoga-slim-pro-2/robotarm_ws/src) by extension 'python'
[0.288s] Level 1:colcon.colcon_core.package_identification:_identify(/home/yoga-slim-pro-2/robotarm_ws/src) by extensions ['python_setup_py']
[0.288s] Level 1:colcon.colcon_core.package_identification:_identify(/home/yoga-slim-pro-2/robotarm_ws/src) by extension 'python_setup_py'
[0.288s] Level 1:colcon.colcon_core.package_identification:_identify(/home/yoga-slim-pro-2/robotarm_ws/src/UI) by extensions ['ignore', 'ignore_ament_install']
[0.288s] Level 1:colcon.colcon_core.package_identification:_identify(/home/yoga-slim-pro-2/robotarm_ws/src/UI) by extension 'ignore'
[0.289s] Level 1:colcon.colcon_core.package_identification:_identify(/home/yoga-slim-pro-2/robotarm_ws/src/UI) by extension 'ignore_ament_install'
[0.289s] Level 1:colcon.colcon_core.package_identification:_identify(/home/yoga-slim-pro-2/robotarm_ws/src/UI) by extensions ['colcon_pkg']
[0.289s] Level 1:colcon.colcon_core.package_identification:_identify(/home/yoga-slim-pro-2/robotarm_ws/src/UI) by extension 'colcon_pkg'
[0.289s] Level 1:colcon.colcon_core.package_identification:_identify(/home/yoga-slim-pro-2/robotarm_ws/src/UI) by extensions ['colcon_meta']
[0.289s] Level 1:colcon.colcon_core.package_identification:_identify(/home/yoga-slim-pro-2/robotarm_ws/src/UI) by extension 'colcon_meta'
[0.289s] Level 1:colcon.colcon_core.package_identification:_identify(/home/yoga-slim-pro-2/robotarm_ws/src/UI) by extensions ['ros']
[0.289s] Level 1:colcon.colcon_core.package_identification:_identify(/home/yoga-slim-pro-2/robotarm_ws/src/UI) by extension 'ros'
[0.289s] Level 1:colcon.colcon_core.package_identification:_identify(/home/yoga-slim-pro-2/robotarm_ws/src/UI) by extensions ['cmake', 'python']
[0.289s] Level 1:colcon.colcon_core.package_identification:_identify(/home/yoga-slim-pro-2/robotarm_ws/src/UI) by extension 'cmake'
[0.289s] Level 1:colcon.colcon_core.package_identification:_identify(/home/yoga-slim-pro-2/robotarm_ws/src/UI) by extension 'python'
[0.289s] Level 1:colcon.colcon_core.package_identification:_identify(/home/yoga-slim-pro-2/robotarm_ws/src/UI) by extensions ['python_setup_py']
[0.289s] Level 1:colcon.colcon_core.package_identification:_identify(/home/yoga-slim-pro-2/robotarm_ws/src/UI) by extension 'python_setup_py'
[0.290s] Level 1:colcon.colcon_core.package_identification:_identify(/home/yoga-slim-pro-2/robotarm_ws/src/UI/__pycache__) by extensions ['ignore', 'ignore_ament_install']
[0.290s] Level 1:colcon.colcon_core.package_identification:_identify(/home/yoga-slim-pro-2/robotarm_ws/src/UI/__pycache__) by extension 'ignore'
[0.290s] Level 1:colcon.colcon_core.package_identification:_identify(/home/yoga-slim-pro-2/robotarm_ws/src/UI/__pycache__) by extension 'ignore_ament_install'
[0.290s] Level 1:colcon.colcon_core.package_identification:_identify(/home/yoga-slim-pro-2/robotarm_ws/src/UI/__pycache__) by extensions ['colcon_pkg']
[0.290s] Level 1:colcon.colcon_core.package_identification:_identify(/home/yoga-slim-pro-2/robotarm_ws/src/UI/__pycache__) by extension 'colcon_pkg'
[0.290s] Level 1:colcon.colcon_core.package_identification:_identify(/home/yoga-slim-pro-2/robotarm_ws/src/UI/__pycache__) by extensions ['colcon_meta']
[0.290s] Level 1:colcon.colcon_core.package_identification:_identify(/home/yoga-slim-pro-2/robotarm_ws/src/UI/__pycache__) by extension 'colcon_meta'
[0.290s] Level 1:colcon.colcon_core.package_identification:_identify(/home/yoga-slim-pro-2/robotarm_ws/src/UI/__pycache__) by extensions ['ros']
[0.290s] Level 1:colcon.colcon_core.package_identification:_identify(/home/yoga-slim-pro-2/robotarm_ws/src/UI/__pycache__) by extension 'ros'
[0.290s] Level 1:colcon.colcon_core.package_identification:_identify(/home/yoga-slim-pro-2/robotarm_ws/src/UI/__pycache__) by extensions ['cmake', 'python']
[0.290s] Level 1:colcon.colcon_core.package_identification:_identify(/home/yoga-slim-pro-2/robotarm_ws/src/UI/__pycache__) by extension 'cmake'
[0.290s] Level 1:colcon.colcon_core.package_identification:_identify(/home/yoga-slim-pro-2/robotarm_ws/src/UI/__pycache__) by extension 'python'
[0.290s] Level 1:colcon.colcon_core.package_identification:_identify(/home/yoga-slim-pro-2/robotarm_ws/src/UI/__pycache__) by extensions ['python_setup_py']
[0.290s] Level 1:colcon.colcon_core.package_identification:_identify(/home/yoga-slim-pro-2/robotarm_ws/src/UI/__pycache__) by extension 'python_setup_py'
[0.290s] Level 1:colcon.colcon_core.package_identification:_identify(/home/yoga-slim-pro-2/robotarm_ws/src/arduinobot_bringup) by extensions ['ignore', 'ignore_ament_install']
[0.291s] Level 1:colcon.colcon_core.package_identification:_identify(/home/yoga-slim-pro-2/robotarm_ws/src/arduinobot_bringup) by extension 'ignore'
[0.291s] Level 1:colcon.colcon_core.package_identification:_identify(/home/yoga-slim-pro-2/robotarm_ws/src/arduinobot_bringup) by extension 'ignore_ament_install'
[0.291s] Level 1:colcon.colcon_core.package_identification:_identify(/home/yoga-slim-pro-2/robotarm_ws/src/arduinobot_bringup) by extensions ['colcon_pkg']
[0.291s] Level 1:colcon.colcon_core.package_identification:_identify(/home/yoga-slim-pro-2/robotarm_ws/src/arduinobot_bringup) by extension 'colcon_pkg'
[0.291s] Level 1:colcon.colcon_core.package_identification:_identify(/home/yoga-slim-pro-2/robotarm_ws/src/arduinobot_bringup) by extensions ['colcon_meta']
[0.291s] Level 1:colcon.colcon_core.package_identification:_identify(/home/yoga-slim-pro-2/robotarm_ws/src/arduinobot_bringup) by extension 'colcon_meta'
[0.291s] Level 1:colcon.colcon_core.package_identification:_identify(/home/yoga-slim-pro-2/robotarm_ws/src/arduinobot_bringup) by extensions ['ros']
[0.291s] Level 1:colcon.colcon_core.package_identification:_identify(/home/yoga-slim-pro-2/robotarm_ws/src/arduinobot_bringup) by extension 'ros'
[0.294s] DEBUG:colcon.colcon_core.package_identification:Package '/home/yoga-slim-pro-2/robotarm_ws/src/arduinobot_bringup' with type 'ros.ament_cmake' and name 'arduinobot_bringup'
[0.295s] Level 1:colcon.colcon_core.package_identification:_identify(/home/yoga-slim-pro-2/robotarm_ws/src/arduinobot_controller) by extensions ['ignore', 'ignore_ament_install']
[0.295s] Level 1:colcon.colcon_core.package_identification:_identify(/home/yoga-slim-pro-2/robotarm_ws/src/arduinobot_controller) by extension 'ignore'
[0.295s] Level 1:colcon.colcon_core.package_identification:_identify(/home/yoga-slim-pro-2/robotarm_ws/src/arduinobot_controller) by extension 'ignore_ament_install'
[0.295s] Level 1:colcon.colcon_core.package_identification:_identify(/home/yoga-slim-pro-2/robotarm_ws/src/arduinobot_controller) by extensions ['colcon_pkg']
[0.295s] Level 1:colcon.colcon_core.package_identification:_identify(/home/yoga-slim-pro-2/robotarm_ws/src/arduinobot_controller) by extension 'colcon_pkg'
[0.295s] Level 1:colcon.colcon_core.package_identification:_identify(/home/yoga-slim-pro-2/robotarm_ws/src/arduinobot_controller) by extensions ['colcon_meta']
[0.295s] Level 1:colcon.colcon_core.package_identification:_identify(/home/yoga-slim-pro-2/robotarm_ws/src/arduinobot_controller) by extension 'colcon_meta'
[0.295s] Level 1:colcon.colcon_core.package_identification:_identify(/home/yoga-slim-pro-2/robotarm_ws/src/arduinobot_controller) by extensions ['ros']
[0.295s] Level 1:colcon.colcon_core.package_identification:_identify(/home/yoga-slim-pro-2/robotarm_ws/src/arduinobot_controller) by extension 'ros'
[0.297s] DEBUG:colcon.colcon_core.package_identification:Package '/home/yoga-slim-pro-2/robotarm_ws/src/arduinobot_controller' with type 'ros.ament_cmake' and name 'arduinobot_controller'
[0.297s] Level 1:colcon.colcon_core.package_identification:_identify(/home/yoga-slim-pro-2/robotarm_ws/src/arduinobot_description) by extensions ['ignore', 'ignore_ament_install']
[0.297s] Level 1:colcon.colcon_core.package_identification:_identify(/home/yoga-slim-pro-2/robotarm_ws/src/arduinobot_description) by extension 'ignore'
[0.297s] Level 1:colcon.colcon_core.package_identification:_identify(/home/yoga-slim-pro-2/robotarm_ws/src/arduinobot_description) by extension 'ignore_ament_install'
[0.297s] Level 1:colcon.colcon_core.package_identification:_identify(/home/yoga-slim-pro-2/robotarm_ws/src/arduinobot_description) by extensions ['colcon_pkg']
[0.297s] Level 1:colcon.colcon_core.package_identification:_identify(/home/yoga-slim-pro-2/robotarm_ws/src/arduinobot_description) by extension 'colcon_pkg'
[0.297s] Level 1:colcon.colcon_core.package_identification:_identify(/home/yoga-slim-pro-2/robotarm_ws/src/arduinobot_description) by extensions ['colcon_meta']
[0.297s] Level 1:colcon.colcon_core.package_identification:_identify(/home/yoga-slim-pro-2/robotarm_ws/src/arduinobot_description) by extension 'colcon_meta'
[0.297s] Level 1:colcon.colcon_core.package_identification:_identify(/home/yoga-slim-pro-2/robotarm_ws/src/arduinobot_description) by extensions ['ros']
[0.297s] Level 1:colcon.colcon_core.package_identification:_identify(/home/yoga-slim-pro-2/robotarm_ws/src/arduinobot_description) by extension 'ros'
[0.302s] DEBUG:colcon.colcon_core.package_identification:Package '/home/yoga-slim-pro-2/robotarm_ws/src/arduinobot_description' with type 'ros.ament_cmake' and name 'arduinobot_description'
[0.303s] Level 1:colcon.colcon_core.package_identification:_identify(/home/yoga-slim-pro-2/robotarm_ws/src/arduinobot_moveit) by extensions ['ignore', 'ignore_ament_install']
[0.303s] Level 1:colcon.colcon_core.package_identification:_identify(/home/yoga-slim-pro-2/robotarm_ws/src/arduinobot_moveit) by extension 'ignore'
[0.303s] Level 1:colcon.colcon_core.package_identification:_identify(/home/yoga-slim-pro-2/robotarm_ws/src/arduinobot_moveit) by extension 'ignore_ament_install'
[0.303s] Level 1:colcon.colcon_core.package_identification:_identify(/home/yoga-slim-pro-2/robotarm_ws/src/arduinobot_moveit) by extensions ['colcon_pkg']
[0.303s] Level 1:colcon.colcon_core.package_identification:_identify(/home/yoga-slim-pro-2/robotarm_ws/src/arduinobot_moveit) by extension 'colcon_pkg'
[0.303s] Level 1:colcon.colcon_core.package_identification:_identify(/home/yoga-slim-pro-2/robotarm_ws/src/arduinobot_moveit) by extensions ['colcon_meta']
[0.303s] Level 1:colcon.colcon_core.package_identification:_identify(/home/yoga-slim-pro-2/robotarm_ws/src/arduinobot_moveit) by extension 'colcon_meta'
[0.303s] Level 1:colcon.colcon_core.package_identification:_identify(/home/yoga-slim-pro-2/robotarm_ws/src/arduinobot_moveit) by extensions ['ros']
[0.303s] Level 1:colcon.colcon_core.package_identification:_identify(/home/yoga-slim-pro-2/robotarm_ws/src/arduinobot_moveit) by extension 'ros'
[0.304s] DEBUG:colcon.colcon_core.package_identification:Package '/home/yoga-slim-pro-2/robotarm_ws/src/arduinobot_moveit' with type 'ros.ament_cmake' and name 'arduinobot_moveit'
[0.304s] Level 1:colcon.colcon_core.package_identification:_identify(/home/yoga-slim-pro-2/robotarm_ws/src/arduinobot_msgs) by extensions ['ignore', 'ignore_ament_install']
[0.305s] Level 1:colcon.colcon_core.package_identification:_identify(/home/yoga-slim-pro-2/robotarm_ws/src/arduinobot_msgs) by extension 'ignore'
[0.305s] Level 1:colcon.colcon_core.package_identification:_identify(/home/yoga-slim-pro-2/robotarm_ws/src/arduinobot_msgs) by extension 'ignore_ament_install'
[0.305s] Level 1:colcon.colcon_core.package_identification:_identify(/home/yoga-slim-pro-2/robotarm_ws/src/arduinobot_msgs) by extensions ['colcon_pkg']
[0.305s] Level 1:colcon.colcon_core.package_identification:_identify(/home/yoga-slim-pro-2/robotarm_ws/src/arduinobot_msgs) by extension 'colcon_pkg'
[0.305s] Level 1:colcon.colcon_core.package_identification:_identify(/home/yoga-slim-pro-2/robotarm_ws/src/arduinobot_msgs) by extensions ['colcon_meta']
[0.305s] Level 1:colcon.colcon_core.package_identification:_identify(/home/yoga-slim-pro-2/robotarm_ws/src/arduinobot_msgs) by extension 'colcon_meta'
[0.305s] Level 1:colcon.colcon_core.package_identification:_identify(/home/yoga-slim-pro-2/robotarm_ws/src/arduinobot_msgs) by extensions ['ros']
[0.305s] Level 1:colcon.colcon_core.package_identification:_identify(/home/yoga-slim-pro-2/robotarm_ws/src/arduinobot_msgs) by extension 'ros'
[0.306s] DEBUG:colcon.colcon_core.package_identification:Package '/home/yoga-slim-pro-2/robotarm_ws/src/arduinobot_msgs' with type 'ros.ament_cmake' and name 'arduinobot_msgs'
[0.306s] Level 1:colcon.colcon_core.package_identification:_identify(/home/yoga-slim-pro-2/robotarm_ws/src/arduinobot_python) by extensions ['ignore', 'ignore_ament_install']
[0.306s] Level 1:colcon.colcon_core.package_identification:_identify(/home/yoga-slim-pro-2/robotarm_ws/src/arduinobot_python) by extension 'ignore'
[0.306s] Level 1:colcon.colcon_core.package_identification:_identify(/home/yoga-slim-pro-2/robotarm_ws/src/arduinobot_python) by extension 'ignore_ament_install'
[0.306s] Level 1:colcon.colcon_core.package_identification:_identify(/home/yoga-slim-pro-2/robotarm_ws/src/arduinobot_python) by extensions ['colcon_pkg']
[0.306s] Level 1:colcon.colcon_core.package_identification:_identify(/home/yoga-slim-pro-2/robotarm_ws/src/arduinobot_python) by extension 'colcon_pkg'
[0.306s] Level 1:colcon.colcon_core.package_identification:_identify(/home/yoga-slim-pro-2/robotarm_ws/src/arduinobot_python) by extensions ['colcon_meta']
[0.307s] Level 1:colcon.colcon_core.package_identification:_identify(/home/yoga-slim-pro-2/robotarm_ws/src/arduinobot_python) by extension 'colcon_meta'
[0.307s] Level 1:colcon.colcon_core.package_identification:_identify(/home/yoga-slim-pro-2/robotarm_ws/src/arduinobot_python) by extensions ['ros']
[0.307s] Level 1:colcon.colcon_core.package_identification:_identify(/home/yoga-slim-pro-2/robotarm_ws/src/arduinobot_python) by extension 'ros'
[0.307s] DEBUG:colcon.colcon_core.package_identification:Package '/home/yoga-slim-pro-2/robotarm_ws/src/arduinobot_python' with type 'ros.ament_python' and name 'arduinobot_python'
[0.308s] Level 1:colcon.colcon_core.package_identification:_identify(/home/yoga-slim-pro-2/robotarm_ws/src/arduinobot_remote) by extensions ['ignore', 'ignore_ament_install']
[0.308s] Level 1:colcon.colcon_core.package_identification:_identify(/home/yoga-slim-pro-2/robotarm_ws/src/arduinobot_remote) by extension 'ignore'
[0.308s] Level 1:colcon.colcon_core.package_identification:_identify(/home/yoga-slim-pro-2/robotarm_ws/src/arduinobot_remote) by extension 'ignore_ament_install'
[0.308s] Level 1:colcon.colcon_core.package_identification:_identify(/home/yoga-slim-pro-2/robotarm_ws/src/arduinobot_remote) by extensions ['colcon_pkg']
[0.308s] Level 1:colcon.colcon_core.package_identification:_identify(/home/yoga-slim-pro-2/robotarm_ws/src/arduinobot_remote) by extension 'colcon_pkg'
[0.308s] Level 1:colcon.colcon_core.package_identification:_identify(/home/yoga-slim-pro-2/robotarm_ws/src/arduinobot_remote) by extensions ['colcon_meta']
[0.308s] Level 1:colcon.colcon_core.package_identification:_identify(/home/yoga-slim-pro-2/robotarm_ws/src/arduinobot_remote) by extension 'colcon_meta'
[0.308s] Level 1:colcon.colcon_core.package_identification:_identify(/home/yoga-slim-pro-2/robotarm_ws/src/arduinobot_remote) by extensions ['ros']
[0.308s] Level 1:colcon.colcon_core.package_identification:_identify(/home/yoga-slim-pro-2/robotarm_ws/src/arduinobot_remote) by extension 'ros'
[0.310s] DEBUG:colcon.colcon_core.package_identification:Package '/home/yoga-slim-pro-2/robotarm_ws/src/arduinobot_remote' with type 'ros.ament_cmake' and name 'arduinobot_remote'
[0.310s] Level 1:colcon.colcon_core.package_identification:_identify(/home/yoga-slim-pro-2/robotarm_ws/src/camera) by extensions ['ignore', 'ignore_ament_install']
[0.310s] Level 1:colcon.colcon_core.package_identification:_identify(/home/yoga-slim-pro-2/robotarm_ws/src/camera) by extension 'ignore'
[0.310s] Level 1:colcon.colcon_core.package_identification:_identify(/home/yoga-slim-pro-2/robotarm_ws/src/camera) by extension 'ignore_ament_install'
[0.310s] Level 1:colcon.colcon_core.package_identification:_identify(/home/yoga-slim-pro-2/robotarm_ws/src/camera) by extensions ['colcon_pkg']
[0.310s] Level 1:colcon.colcon_core.package_identification:_identify(/home/yoga-slim-pro-2/robotarm_ws/src/camera) by extension 'colcon_pkg'
[0.311s] Level 1:colcon.colcon_core.package_identification:_identify(/home/yoga-slim-pro-2/robotarm_ws/src/camera) by extensions ['colcon_meta']
[0.311s] Level 1:colcon.colcon_core.package_identification:_identify(/home/yoga-slim-pro-2/robotarm_ws/src/camera) by extension 'colcon_meta'
[0.311s] Level 1:colcon.colcon_core.package_identification:_identify(/home/yoga-slim-pro-2/robotarm_ws/src/camera) by extensions ['ros']
[0.311s] Level 1:colcon.colcon_core.package_identification:_identify(/home/yoga-slim-pro-2/robotarm_ws/src/camera) by extension 'ros'
[0.311s] Level 1:colcon.colcon_core.package_identification:_identify(/home/yoga-slim-pro-2/robotarm_ws/src/camera) by extensions ['cmake', 'python']
[0.311s] Level 1:colcon.colcon_core.package_identification:_identify(/home/yoga-slim-pro-2/robotarm_ws/src/camera) by extension 'cmake'
[0.311s] Level 1:colcon.colcon_core.package_identification:_identify(/home/yoga-slim-pro-2/robotarm_ws/src/camera) by extension 'python'
[0.311s] Level 1:colcon.colcon_core.package_identification:_identify(/home/yoga-slim-pro-2/robotarm_ws/src/camera) by extensions ['python_setup_py']
[0.311s] Level 1:colcon.colcon_core.package_identification:_identify(/home/yoga-slim-pro-2/robotarm_ws/src/camera) by extension 'python_setup_py'
[0.311s] Level 1:colcon.colcon_core.package_discovery:discover_packages(recursive) using defaults
