[1.250s] Invoking command in '/home/yoga-slim-pro-2/robotarm_ws/src/arduinobot_python': DEBUGINFOD_URLS=https://debuginfod.ubuntu.com PYTHONPATH=/home/yoga-slim-pro-2/robotarm_ws/build/arduinobot_python/prefix_override:/usr/lib/python3/dist-packages/colcon_core/task/python/colcon_distutils_commands:/home/yoga-slim-pro-2/robotarm_ws/install/arduinobot_python/lib/python3.12/site-packages:${PYTHONPATH} /usr/bin/python3 -W ignore:setup.py install is deprecated -W ignore:easy_install command is deprecated setup.py egg_info --egg-base ../../build/arduinobot_python build --build-base /home/yoga-slim-pro-2/robotarm_ws/build/arduinobot_python/build install --record /home/yoga-slim-pro-2/robotarm_ws/build/arduinobot_python/install.log --single-version-externally-managed install_data
[1.653s] running egg_info
[1.688s] writing ../../build/arduinobot_python/arduinobot_python.egg-info/PKG-INFO
[1.688s] writing dependency_links to ../../build/arduinobot_python/arduinobot_python.egg-info/dependency_links.txt
[1.688s] writing entry points to ../../build/arduinobot_python/arduinobot_python.egg-info/entry_points.txt
[1.689s] writing requirements to ../../build/arduinobot_python/arduinobot_python.egg-info/requires.txt
[1.689s] writing top-level names to ../../build/arduinobot_python/arduinobot_python.egg-info/top_level.txt
[1.760s] reading manifest file '../../build/arduinobot_python/arduinobot_python.egg-info/SOURCES.txt'
[1.761s] writing manifest file '../../build/arduinobot_python/arduinobot_python.egg-info/SOURCES.txt'
[1.762s] running build
[1.762s] running build_py
[1.762s] copying arduinobot_python/camera_node.py -> /home/yoga-slim-pro-2/robotarm_ws/build/arduinobot_python/build/lib/arduinobot_python
[1.763s] running install
[1.772s] running install_lib
[1.807s] copying /home/yoga-slim-pro-2/robotarm_ws/build/arduinobot_python/build/lib/arduinobot_python/camera_node.py -> /home/yoga-slim-pro-2/robotarm_ws/install/arduinobot_python/lib/python3.12/site-packages/arduinobot_python
[1.809s] byte-compiling /home/yoga-slim-pro-2/robotarm_ws/install/arduinobot_python/lib/python3.12/site-packages/arduinobot_python/camera_node.py to camera_node.cpython-312.pyc
[1.813s] running install_data
[1.813s] running install_egg_info
[1.852s] removing '/home/yoga-slim-pro-2/robotarm_ws/install/arduinobot_python/lib/python3.12/site-packages/arduinobot_python-0.0.0-py3.12.egg-info' (and everything under it)
[1.853s] Copying ../../build/arduinobot_python/arduinobot_python.egg-info to /home/yoga-slim-pro-2/robotarm_ws/install/arduinobot_python/lib/python3.12/site-packages/arduinobot_python-0.0.0-py3.12.egg-info
[1.855s] running install_scripts
[2.073s] Installing camera_node script to /home/yoga-slim-pro-2/robotarm_ws/install/arduinobot_python/lib/arduinobot_python
[2.073s] Installing yolo_node script to /home/yoga-slim-pro-2/robotarm_ws/install/arduinobot_python/lib/arduinobot_python
[2.074s] writing list of installed files to '/home/yoga-slim-pro-2/robotarm_ws/build/arduinobot_python/install.log'
[2.129s] Invoked command in '/home/yoga-slim-pro-2/robotarm_ws/src/arduinobot_python' returned '0': DEBUGINFOD_URLS=https://debuginfod.ubuntu.com PYTHONPATH=/home/yoga-slim-pro-2/robotarm_ws/build/arduinobot_python/prefix_override:/usr/lib/python3/dist-packages/colcon_core/task/python/colcon_distutils_commands:/home/yoga-slim-pro-2/robotarm_ws/install/arduinobot_python/lib/python3.12/site-packages:${PYTHONPATH} /usr/bin/python3 -W ignore:setup.py install is deprecated -W ignore:easy_install command is deprecated setup.py egg_info --egg-base ../../build/arduinobot_python build --build-base /home/yoga-slim-pro-2/robotarm_ws/build/arduinobot_python/build install --record /home/yoga-slim-pro-2/robotarm_ws/build/arduinobot_python/install.log --single-version-externally-managed install_data
