[0.010s] Invoking command in '/home/yoga-slim-pro-2/robotarm_ws/build/arduinobot_controller': AMENT_PREFIX_PATH=/home/yoga-slim-pro-2/robotarm_ws/install/arduinobot_description:${AMENT_PREFIX_PATH} CMAKE_PREFIX_PATH=/home/yoga-slim-pro-2/robotarm_ws/install/arduinobot_description:/home/yoga-slim-pro-2/ws_moveit2/install/moveit_task_constructor_visualization:/home/yoga-slim-pro-2/ws_moveit2/install/moveit_task_constructor_demo:/home/yoga-slim-pro-2/ws_moveit2/install/moveit_task_constructor_capabilities:/home/yoga-slim-pro-2/ws_moveit2/install/moveit_task_constructor_core:/home/yoga-slim-pro-2/ws_moveit2/install/rviz_marker_tools:/home/yoga-slim-pro-2/ws_moveit2/install/moveit_task_constructor_msgs:/home/yoga-slim-pro-2/arduinobot_ws/install/yolov8_obb:/home/yoga-slim-pro-2/arduinobot_ws/install/yolov8_msgs:/home/yoga-slim-pro-2/arduinobot_ws/install/arduinobot_utils:/home/yoga-slim-pro-2/arduinobot_ws/install/arduinobot_bringup:/home/yoga-slim-pro-2/arduinobot_ws/install/arduinobot_remote:/home/yoga-slim-pro-2/arduinobot_ws/install/arduinobot_cpp_examples:/home/yoga-slim-pro-2/arduinobot_ws/install/arduinobot_msgs:/home/yoga-slim-pro-2/arduinobot_ws/install/arduinobot_moveit:/home/yoga-slim-pro-2/arduinobot_ws/install/arduinobot_controller:/home/yoga-slim-pro-2/arduinobot_ws/install/arduinobot_description:/opt/ros/jazzy/opt/gz_launch_vendor:/opt/ros/jazzy/opt/gz_sim_vendor:/opt/ros/jazzy/opt/gz_sensors_vendor:/opt/ros/jazzy/opt/gz_physics_vendor:/opt/ros/jazzy/opt/sdformat_vendor:/opt/ros/jazzy/opt/gz_gui_vendor:/opt/ros/jazzy/opt/gz_transport_vendor:/opt/ros/jazzy/opt/gz_rendering_vendor:/opt/ros/jazzy/opt/gz_plugin_vendor:/opt/ros/jazzy/opt/gz_fuel_tools_vendor:/opt/ros/jazzy/opt/gz_msgs_vendor:/opt/ros/jazzy/opt/gz_common_vendor:/opt/ros/jazzy/opt/gz_math_vendor:/opt/ros/jazzy/opt/gz_utils_vendor:/opt/ros/jazzy/opt/gz_tools_vendor:/opt/ros/jazzy/opt/gz_ogre_next_vendor:/opt/ros/jazzy/opt/gz_dartsim_vendor:/opt/ros/jazzy/opt/gz_cmake_vendor:/home/yoga-slim-pro-2/arduinobot_ws/install/yolo8_detector:/home/yoga-slim-pro-2/arduinobot_ws/install/arduinobot_python:/home/yoga-slim-pro-2/arduinobot_ws/install/arduinobot_py_examples:/opt/ros/jazzy DEBUGINFOD_URLS=https://debuginfod.ubuntu.com /usr/bin/cmake /home/yoga-slim-pro-2/robotarm_ws/src/arduinobot_controller -DCMAKE_INSTALL_PREFIX=/home/yoga-slim-pro-2/robotarm_ws/install/arduinobot_controller
[0.080s] -- The C compiler identification is GNU 13.3.0
[0.146s] -- The CXX compiler identification is GNU 13.3.0
[0.167s] -- Detecting C compiler ABI info
[0.286s] -- Detecting C compiler ABI info - done
[0.296s] -- Check for working C compiler: /usr/bin/cc - skipped
[0.296s] -- Detecting C compile features
[0.297s] -- Detecting C compile features - done
[0.308s] -- Detecting CXX compiler ABI info
[0.440s] -- Detecting CXX compiler ABI info - done
[0.449s] -- Check for working CXX compiler: /usr/bin/c++ - skipped
[0.449s] -- Detecting CXX compile features
[0.450s] -- Detecting CXX compile features - done
[0.457s] -- Found ament_cmake: 2.5.4 (/opt/ros/jazzy/share/ament_cmake/cmake)
[0.662s] -- Found Python3: /usr/bin/python3 (found version "3.12.3") found components: Interpreter 
[0.830s] -- Found trajectory_msgs: 5.3.6 (/opt/ros/jazzy/share/trajectory_msgs/cmake)
[0.907s] -- Found rosidl_generator_c: 4.6.5 (/opt/ros/jazzy/share/rosidl_generator_c/cmake)
[0.934s] -- Found rosidl_generator_cpp: 4.6.5 (/opt/ros/jazzy/share/rosidl_generator_cpp/cmake)
[0.962s] -- Using all available rosidl_typesupport_c: rosidl_typesupport_fastrtps_c;rosidl_typesupport_introspection_c
[0.993s] -- Using all available rosidl_typesupport_cpp: rosidl_typesupport_fastrtps_cpp;rosidl_typesupport_introspection_cpp
[1.099s] -- Found sensor_msgs: 5.3.6 (/opt/ros/jazzy/share/sensor_msgs/cmake)
[1.146s] -- Found rclcpp: 28.1.9 (/opt/ros/jazzy/share/rclcpp/cmake)
[1.225s] -- Found rmw_implementation_cmake: 7.3.2 (/opt/ros/jazzy/share/rmw_implementation_cmake/cmake)
[1.233s] -- Found rmw_cyclonedds_cpp: 2.2.3 (/opt/ros/jazzy/share/rmw_cyclonedds_cpp/cmake)
[1.284s] -- Using RMW implementation 'rmw_cyclonedds_cpp' as default
[1.369s] -- Found rclpy: 7.1.4 (/opt/ros/jazzy/share/rclpy/cmake)
[1.582s] -- Configuring done (1.6s)
[1.595s] -- Generating done (0.0s)
[1.599s] -- Build files have been written to: /home/yoga-slim-pro-2/robotarm_ws/build/arduinobot_controller
[1.611s] Invoked command in '/home/yoga-slim-pro-2/robotarm_ws/build/arduinobot_controller' returned '0': AMENT_PREFIX_PATH=/home/yoga-slim-pro-2/robotarm_ws/install/arduinobot_description:${AMENT_PREFIX_PATH} CMAKE_PREFIX_PATH=/home/yoga-slim-pro-2/robotarm_ws/install/arduinobot_description:/home/yoga-slim-pro-2/ws_moveit2/install/moveit_task_constructor_visualization:/home/yoga-slim-pro-2/ws_moveit2/install/moveit_task_constructor_demo:/home/yoga-slim-pro-2/ws_moveit2/install/moveit_task_constructor_capabilities:/home/yoga-slim-pro-2/ws_moveit2/install/moveit_task_constructor_core:/home/yoga-slim-pro-2/ws_moveit2/install/rviz_marker_tools:/home/yoga-slim-pro-2/ws_moveit2/install/moveit_task_constructor_msgs:/home/yoga-slim-pro-2/arduinobot_ws/install/yolov8_obb:/home/yoga-slim-pro-2/arduinobot_ws/install/yolov8_msgs:/home/yoga-slim-pro-2/arduinobot_ws/install/arduinobot_utils:/home/yoga-slim-pro-2/arduinobot_ws/install/arduinobot_bringup:/home/yoga-slim-pro-2/arduinobot_ws/install/arduinobot_remote:/home/yoga-slim-pro-2/arduinobot_ws/install/arduinobot_cpp_examples:/home/yoga-slim-pro-2/arduinobot_ws/install/arduinobot_msgs:/home/yoga-slim-pro-2/arduinobot_ws/install/arduinobot_moveit:/home/yoga-slim-pro-2/arduinobot_ws/install/arduinobot_controller:/home/yoga-slim-pro-2/arduinobot_ws/install/arduinobot_description:/opt/ros/jazzy/opt/gz_launch_vendor:/opt/ros/jazzy/opt/gz_sim_vendor:/opt/ros/jazzy/opt/gz_sensors_vendor:/opt/ros/jazzy/opt/gz_physics_vendor:/opt/ros/jazzy/opt/sdformat_vendor:/opt/ros/jazzy/opt/gz_gui_vendor:/opt/ros/jazzy/opt/gz_transport_vendor:/opt/ros/jazzy/opt/gz_rendering_vendor:/opt/ros/jazzy/opt/gz_plugin_vendor:/opt/ros/jazzy/opt/gz_fuel_tools_vendor:/opt/ros/jazzy/opt/gz_msgs_vendor:/opt/ros/jazzy/opt/gz_common_vendor:/opt/ros/jazzy/opt/gz_math_vendor:/opt/ros/jazzy/opt/gz_utils_vendor:/opt/ros/jazzy/opt/gz_tools_vendor:/opt/ros/jazzy/opt/gz_ogre_next_vendor:/opt/ros/jazzy/opt/gz_dartsim_vendor:/opt/ros/jazzy/opt/gz_cmake_vendor:/home/yoga-slim-pro-2/arduinobot_ws/install/yolo8_detector:/home/yoga-slim-pro-2/arduinobot_ws/install/arduinobot_python:/home/yoga-slim-pro-2/arduinobot_ws/install/arduinobot_py_examples:/opt/ros/jazzy DEBUGINFOD_URLS=https://debuginfod.ubuntu.com /usr/bin/cmake /home/yoga-slim-pro-2/robotarm_ws/src/arduinobot_controller -DCMAKE_INSTALL_PREFIX=/home/yoga-slim-pro-2/robotarm_ws/install/arduinobot_controller
[1.611s] Invoking command in '/home/yoga-slim-pro-2/robotarm_ws/build/arduinobot_controller': AMENT_PREFIX_PATH=/home/yoga-slim-pro-2/robotarm_ws/install/arduinobot_description:${AMENT_PREFIX_PATH} CMAKE_PREFIX_PATH=/home/yoga-slim-pro-2/robotarm_ws/install/arduinobot_description:/home/yoga-slim-pro-2/ws_moveit2/install/moveit_task_constructor_visualization:/home/yoga-slim-pro-2/ws_moveit2/install/moveit_task_constructor_demo:/home/yoga-slim-pro-2/ws_moveit2/install/moveit_task_constructor_capabilities:/home/yoga-slim-pro-2/ws_moveit2/install/moveit_task_constructor_core:/home/yoga-slim-pro-2/ws_moveit2/install/rviz_marker_tools:/home/yoga-slim-pro-2/ws_moveit2/install/moveit_task_constructor_msgs:/home/yoga-slim-pro-2/arduinobot_ws/install/yolov8_obb:/home/yoga-slim-pro-2/arduinobot_ws/install/yolov8_msgs:/home/yoga-slim-pro-2/arduinobot_ws/install/arduinobot_utils:/home/yoga-slim-pro-2/arduinobot_ws/install/arduinobot_bringup:/home/yoga-slim-pro-2/arduinobot_ws/install/arduinobot_remote:/home/yoga-slim-pro-2/arduinobot_ws/install/arduinobot_cpp_examples:/home/yoga-slim-pro-2/arduinobot_ws/install/arduinobot_msgs:/home/yoga-slim-pro-2/arduinobot_ws/install/arduinobot_moveit:/home/yoga-slim-pro-2/arduinobot_ws/install/arduinobot_controller:/home/yoga-slim-pro-2/arduinobot_ws/install/arduinobot_description:/opt/ros/jazzy/opt/gz_launch_vendor:/opt/ros/jazzy/opt/gz_sim_vendor:/opt/ros/jazzy/opt/gz_sensors_vendor:/opt/ros/jazzy/opt/gz_physics_vendor:/opt/ros/jazzy/opt/sdformat_vendor:/opt/ros/jazzy/opt/gz_gui_vendor:/opt/ros/jazzy/opt/gz_transport_vendor:/opt/ros/jazzy/opt/gz_rendering_vendor:/opt/ros/jazzy/opt/gz_plugin_vendor:/opt/ros/jazzy/opt/gz_fuel_tools_vendor:/opt/ros/jazzy/opt/gz_msgs_vendor:/opt/ros/jazzy/opt/gz_common_vendor:/opt/ros/jazzy/opt/gz_math_vendor:/opt/ros/jazzy/opt/gz_utils_vendor:/opt/ros/jazzy/opt/gz_tools_vendor:/opt/ros/jazzy/opt/gz_ogre_next_vendor:/opt/ros/jazzy/opt/gz_dartsim_vendor:/opt/ros/jazzy/opt/gz_cmake_vendor:/home/yoga-slim-pro-2/arduinobot_ws/install/yolo8_detector:/home/yoga-slim-pro-2/arduinobot_ws/install/arduinobot_python:/home/yoga-slim-pro-2/arduinobot_ws/install/arduinobot_py_examples:/opt/ros/jazzy DEBUGINFOD_URLS=https://debuginfod.ubuntu.com /usr/bin/cmake --build /home/yoga-slim-pro-2/robotarm_ws/build/arduinobot_controller -- -j16 -l16
[1.685s] [ 50%] [32mBuilding CXX object CMakeFiles/slider_control.dir/src/slider_control.cpp.o[0m
[1.698s] [ 50%] Built target ament_cmake_python_copy_arduinobot_controller
[1.957s] running egg_info
[1.958s] creating arduinobot_controller.egg-info
[1.982s] writing arduinobot_controller.egg-info/PKG-INFO
[1.982s] writing dependency_links to arduinobot_controller.egg-info/dependency_links.txt
[1.983s] writing top-level names to arduinobot_controller.egg-info/top_level.txt
[1.983s] writing manifest file 'arduinobot_controller.egg-info/SOURCES.txt'
[2.060s] reading manifest file 'arduinobot_controller.egg-info/SOURCES.txt'
[2.060s] writing manifest file 'arduinobot_controller.egg-info/SOURCES.txt'
[2.100s] [ 50%] Built target ament_cmake_python_build_arduinobot_controller_egg
[10.125s] [100%] [32m[1mLinking CXX executable slider_control[0m
[10.544s] [100%] Built target slider_control
[10.563s] Invoked command in '/home/yoga-slim-pro-2/robotarm_ws/build/arduinobot_controller' returned '0': AMENT_PREFIX_PATH=/home/yoga-slim-pro-2/robotarm_ws/install/arduinobot_description:${AMENT_PREFIX_PATH} CMAKE_PREFIX_PATH=/home/yoga-slim-pro-2/robotarm_ws/install/arduinobot_description:/home/yoga-slim-pro-2/ws_moveit2/install/moveit_task_constructor_visualization:/home/yoga-slim-pro-2/ws_moveit2/install/moveit_task_constructor_demo:/home/yoga-slim-pro-2/ws_moveit2/install/moveit_task_constructor_capabilities:/home/yoga-slim-pro-2/ws_moveit2/install/moveit_task_constructor_core:/home/yoga-slim-pro-2/ws_moveit2/install/rviz_marker_tools:/home/yoga-slim-pro-2/ws_moveit2/install/moveit_task_constructor_msgs:/home/yoga-slim-pro-2/arduinobot_ws/install/yolov8_obb:/home/yoga-slim-pro-2/arduinobot_ws/install/yolov8_msgs:/home/yoga-slim-pro-2/arduinobot_ws/install/arduinobot_utils:/home/yoga-slim-pro-2/arduinobot_ws/install/arduinobot_bringup:/home/yoga-slim-pro-2/arduinobot_ws/install/arduinobot_remote:/home/yoga-slim-pro-2/arduinobot_ws/install/arduinobot_cpp_examples:/home/yoga-slim-pro-2/arduinobot_ws/install/arduinobot_msgs:/home/yoga-slim-pro-2/arduinobot_ws/install/arduinobot_moveit:/home/yoga-slim-pro-2/arduinobot_ws/install/arduinobot_controller:/home/yoga-slim-pro-2/arduinobot_ws/install/arduinobot_description:/opt/ros/jazzy/opt/gz_launch_vendor:/opt/ros/jazzy/opt/gz_sim_vendor:/opt/ros/jazzy/opt/gz_sensors_vendor:/opt/ros/jazzy/opt/gz_physics_vendor:/opt/ros/jazzy/opt/sdformat_vendor:/opt/ros/jazzy/opt/gz_gui_vendor:/opt/ros/jazzy/opt/gz_transport_vendor:/opt/ros/jazzy/opt/gz_rendering_vendor:/opt/ros/jazzy/opt/gz_plugin_vendor:/opt/ros/jazzy/opt/gz_fuel_tools_vendor:/opt/ros/jazzy/opt/gz_msgs_vendor:/opt/ros/jazzy/opt/gz_common_vendor:/opt/ros/jazzy/opt/gz_math_vendor:/opt/ros/jazzy/opt/gz_utils_vendor:/opt/ros/jazzy/opt/gz_tools_vendor:/opt/ros/jazzy/opt/gz_ogre_next_vendor:/opt/ros/jazzy/opt/gz_dartsim_vendor:/opt/ros/jazzy/opt/gz_cmake_vendor:/home/yoga-slim-pro-2/arduinobot_ws/install/yolo8_detector:/home/yoga-slim-pro-2/arduinobot_ws/install/arduinobot_python:/home/yoga-slim-pro-2/arduinobot_ws/install/arduinobot_py_examples:/opt/ros/jazzy DEBUGINFOD_URLS=https://debuginfod.ubuntu.com /usr/bin/cmake --build /home/yoga-slim-pro-2/robotarm_ws/build/arduinobot_controller -- -j16 -l16
[10.564s] Invoking command in '/home/yoga-slim-pro-2/robotarm_ws/build/arduinobot_controller': AMENT_PREFIX_PATH=/home/yoga-slim-pro-2/robotarm_ws/install/arduinobot_description:${AMENT_PREFIX_PATH} CMAKE_PREFIX_PATH=/home/yoga-slim-pro-2/robotarm_ws/install/arduinobot_description:/home/yoga-slim-pro-2/ws_moveit2/install/moveit_task_constructor_visualization:/home/yoga-slim-pro-2/ws_moveit2/install/moveit_task_constructor_demo:/home/yoga-slim-pro-2/ws_moveit2/install/moveit_task_constructor_capabilities:/home/yoga-slim-pro-2/ws_moveit2/install/moveit_task_constructor_core:/home/yoga-slim-pro-2/ws_moveit2/install/rviz_marker_tools:/home/yoga-slim-pro-2/ws_moveit2/install/moveit_task_constructor_msgs:/home/yoga-slim-pro-2/arduinobot_ws/install/yolov8_obb:/home/yoga-slim-pro-2/arduinobot_ws/install/yolov8_msgs:/home/yoga-slim-pro-2/arduinobot_ws/install/arduinobot_utils:/home/yoga-slim-pro-2/arduinobot_ws/install/arduinobot_bringup:/home/yoga-slim-pro-2/arduinobot_ws/install/arduinobot_remote:/home/yoga-slim-pro-2/arduinobot_ws/install/arduinobot_cpp_examples:/home/yoga-slim-pro-2/arduinobot_ws/install/arduinobot_msgs:/home/yoga-slim-pro-2/arduinobot_ws/install/arduinobot_moveit:/home/yoga-slim-pro-2/arduinobot_ws/install/arduinobot_controller:/home/yoga-slim-pro-2/arduinobot_ws/install/arduinobot_description:/opt/ros/jazzy/opt/gz_launch_vendor:/opt/ros/jazzy/opt/gz_sim_vendor:/opt/ros/jazzy/opt/gz_sensors_vendor:/opt/ros/jazzy/opt/gz_physics_vendor:/opt/ros/jazzy/opt/sdformat_vendor:/opt/ros/jazzy/opt/gz_gui_vendor:/opt/ros/jazzy/opt/gz_transport_vendor:/opt/ros/jazzy/opt/gz_rendering_vendor:/opt/ros/jazzy/opt/gz_plugin_vendor:/opt/ros/jazzy/opt/gz_fuel_tools_vendor:/opt/ros/jazzy/opt/gz_msgs_vendor:/opt/ros/jazzy/opt/gz_common_vendor:/opt/ros/jazzy/opt/gz_math_vendor:/opt/ros/jazzy/opt/gz_utils_vendor:/opt/ros/jazzy/opt/gz_tools_vendor:/opt/ros/jazzy/opt/gz_ogre_next_vendor:/opt/ros/jazzy/opt/gz_dartsim_vendor:/opt/ros/jazzy/opt/gz_cmake_vendor:/home/yoga-slim-pro-2/arduinobot_ws/install/yolo8_detector:/home/yoga-slim-pro-2/arduinobot_ws/install/arduinobot_python:/home/yoga-slim-pro-2/arduinobot_ws/install/arduinobot_py_examples:/opt/ros/jazzy DEBUGINFOD_URLS=https://debuginfod.ubuntu.com /usr/bin/cmake --install /home/yoga-slim-pro-2/robotarm_ws/build/arduinobot_controller
[10.579s] -- Install configuration: ""
[10.579s] -- Installing: /home/yoga-slim-pro-2/robotarm_ws/install/arduinobot_controller/share/arduinobot_controller/environment/pythonpath.sh
[10.579s] -- Installing: /home/yoga-slim-pro-2/robotarm_ws/install/arduinobot_controller/share/arduinobot_controller/environment/pythonpath.dsv
[10.579s] -- Installing: /home/yoga-slim-pro-2/robotarm_ws/install/arduinobot_controller/lib/python3.12/site-packages/arduinobot_controller-0.0.0-py3.12.egg-info
[10.579s] -- Installing: /home/yoga-slim-pro-2/robotarm_ws/install/arduinobot_controller/lib/python3.12/site-packages/arduinobot_controller-0.0.0-py3.12.egg-info/SOURCES.txt
[10.579s] -- Installing: /home/yoga-slim-pro-2/robotarm_ws/install/arduinobot_controller/lib/python3.12/site-packages/arduinobot_controller-0.0.0-py3.12.egg-info/top_level.txt
[10.579s] -- Installing: /home/yoga-slim-pro-2/robotarm_ws/install/arduinobot_controller/lib/python3.12/site-packages/arduinobot_controller-0.0.0-py3.12.egg-info/PKG-INFO
[10.579s] -- Installing: /home/yoga-slim-pro-2/robotarm_ws/install/arduinobot_controller/lib/python3.12/site-packages/arduinobot_controller-0.0.0-py3.12.egg-info/dependency_links.txt
[10.580s] -- Installing: /home/yoga-slim-pro-2/robotarm_ws/install/arduinobot_controller/lib/python3.12/site-packages/arduinobot_controller
[10.580s] -- Installing: /home/yoga-slim-pro-2/robotarm_ws/install/arduinobot_controller/lib/python3.12/site-packages/arduinobot_controller/__init__.py
[10.580s] -- Installing: /home/yoga-slim-pro-2/robotarm_ws/install/arduinobot_controller/lib/python3.12/site-packages/arduinobot_controller/slider_control.py
[10.627s] Listing '/home/yoga-slim-pro-2/robotarm_ws/install/arduinobot_controller/lib/python3.12/site-packages/arduinobot_controller'...
[10.627s] Compiling '/home/yoga-slim-pro-2/robotarm_ws/install/arduinobot_controller/lib/python3.12/site-packages/arduinobot_controller/__init__.py'...
[10.627s] Compiling '/home/yoga-slim-pro-2/robotarm_ws/install/arduinobot_controller/lib/python3.12/site-packages/arduinobot_controller/slider_control.py'...
[10.633s] -- Installing: /home/yoga-slim-pro-2/robotarm_ws/install/arduinobot_controller/lib/arduinobot_controller/slider_control
[10.640s] -- Set non-toolchain portion of runtime path of "/home/yoga-slim-pro-2/robotarm_ws/install/arduinobot_controller/lib/arduinobot_controller/slider_control" to ""
[10.640s] -- Installing: /home/yoga-slim-pro-2/robotarm_ws/install/arduinobot_controller/share/arduinobot_controller/launch
[10.640s] -- Installing: /home/yoga-slim-pro-2/robotarm_ws/install/arduinobot_controller/share/arduinobot_controller/launch/slider_controller.launch.py
[10.640s] -- Installing: /home/yoga-slim-pro-2/robotarm_ws/install/arduinobot_controller/share/arduinobot_controller/launch/controller.launch.py
[10.640s] -- Installing: /home/yoga-slim-pro-2/robotarm_ws/install/arduinobot_controller/share/arduinobot_controller/config
[10.641s] -- Installing: /home/yoga-slim-pro-2/robotarm_ws/install/arduinobot_controller/share/arduinobot_controller/config/arduinobot_controllers.yaml
[10.641s] -- Installing: /home/yoga-slim-pro-2/robotarm_ws/install/arduinobot_controller/lib/arduinobot_controller/slider_control.py
[10.641s] -- Installing: /home/yoga-slim-pro-2/robotarm_ws/install/arduinobot_controller/share/ament_index/resource_index/package_run_dependencies/arduinobot_controller
[10.641s] -- Installing: /home/yoga-slim-pro-2/robotarm_ws/install/arduinobot_controller/share/ament_index/resource_index/parent_prefix_path/arduinobot_controller
[10.641s] -- Installing: /home/yoga-slim-pro-2/robotarm_ws/install/arduinobot_controller/share/arduinobot_controller/environment/ament_prefix_path.sh
[10.641s] -- Installing: /home/yoga-slim-pro-2/robotarm_ws/install/arduinobot_controller/share/arduinobot_controller/environment/ament_prefix_path.dsv
[10.641s] -- Installing: /home/yoga-slim-pro-2/robotarm_ws/install/arduinobot_controller/share/arduinobot_controller/environment/path.sh
[10.641s] -- Installing: /home/yoga-slim-pro-2/robotarm_ws/install/arduinobot_controller/share/arduinobot_controller/environment/path.dsv
[10.642s] -- Installing: /home/yoga-slim-pro-2/robotarm_ws/install/arduinobot_controller/share/arduinobot_controller/local_setup.bash
[10.642s] -- Installing: /home/yoga-slim-pro-2/robotarm_ws/install/arduinobot_controller/share/arduinobot_controller/local_setup.sh
[10.642s] -- Installing: /home/yoga-slim-pro-2/robotarm_ws/install/arduinobot_controller/share/arduinobot_controller/local_setup.zsh
[10.642s] -- Installing: /home/yoga-slim-pro-2/robotarm_ws/install/arduinobot_controller/share/arduinobot_controller/local_setup.dsv
[10.642s] -- Installing: /home/yoga-slim-pro-2/robotarm_ws/install/arduinobot_controller/share/arduinobot_controller/package.dsv
[10.642s] -- Installing: /home/yoga-slim-pro-2/robotarm_ws/install/arduinobot_controller/share/ament_index/resource_index/packages/arduinobot_controller
[10.643s] -- Installing: /home/yoga-slim-pro-2/robotarm_ws/install/arduinobot_controller/share/arduinobot_controller/cmake/arduinobot_controllerConfig.cmake
[10.643s] -- Installing: /home/yoga-slim-pro-2/robotarm_ws/install/arduinobot_controller/share/arduinobot_controller/cmake/arduinobot_controllerConfig-version.cmake
[10.643s] -- Installing: /home/yoga-slim-pro-2/robotarm_ws/install/arduinobot_controller/share/arduinobot_controller/package.xml
[10.646s] Invoked command in '/home/yoga-slim-pro-2/robotarm_ws/build/arduinobot_controller' returned '0': AMENT_PREFIX_PATH=/home/yoga-slim-pro-2/robotarm_ws/install/arduinobot_description:${AMENT_PREFIX_PATH} CMAKE_PREFIX_PATH=/home/yoga-slim-pro-2/robotarm_ws/install/arduinobot_description:/home/yoga-slim-pro-2/ws_moveit2/install/moveit_task_constructor_visualization:/home/yoga-slim-pro-2/ws_moveit2/install/moveit_task_constructor_demo:/home/yoga-slim-pro-2/ws_moveit2/install/moveit_task_constructor_capabilities:/home/yoga-slim-pro-2/ws_moveit2/install/moveit_task_constructor_core:/home/yoga-slim-pro-2/ws_moveit2/install/rviz_marker_tools:/home/yoga-slim-pro-2/ws_moveit2/install/moveit_task_constructor_msgs:/home/yoga-slim-pro-2/arduinobot_ws/install/yolov8_obb:/home/yoga-slim-pro-2/arduinobot_ws/install/yolov8_msgs:/home/yoga-slim-pro-2/arduinobot_ws/install/arduinobot_utils:/home/yoga-slim-pro-2/arduinobot_ws/install/arduinobot_bringup:/home/yoga-slim-pro-2/arduinobot_ws/install/arduinobot_remote:/home/yoga-slim-pro-2/arduinobot_ws/install/arduinobot_cpp_examples:/home/yoga-slim-pro-2/arduinobot_ws/install/arduinobot_msgs:/home/yoga-slim-pro-2/arduinobot_ws/install/arduinobot_moveit:/home/yoga-slim-pro-2/arduinobot_ws/install/arduinobot_controller:/home/yoga-slim-pro-2/arduinobot_ws/install/arduinobot_description:/opt/ros/jazzy/opt/gz_launch_vendor:/opt/ros/jazzy/opt/gz_sim_vendor:/opt/ros/jazzy/opt/gz_sensors_vendor:/opt/ros/jazzy/opt/gz_physics_vendor:/opt/ros/jazzy/opt/sdformat_vendor:/opt/ros/jazzy/opt/gz_gui_vendor:/opt/ros/jazzy/opt/gz_transport_vendor:/opt/ros/jazzy/opt/gz_rendering_vendor:/opt/ros/jazzy/opt/gz_plugin_vendor:/opt/ros/jazzy/opt/gz_fuel_tools_vendor:/opt/ros/jazzy/opt/gz_msgs_vendor:/opt/ros/jazzy/opt/gz_common_vendor:/opt/ros/jazzy/opt/gz_math_vendor:/opt/ros/jazzy/opt/gz_utils_vendor:/opt/ros/jazzy/opt/gz_tools_vendor:/opt/ros/jazzy/opt/gz_ogre_next_vendor:/opt/ros/jazzy/opt/gz_dartsim_vendor:/opt/ros/jazzy/opt/gz_cmake_vendor:/home/yoga-slim-pro-2/arduinobot_ws/install/yolo8_detector:/home/yoga-slim-pro-2/arduinobot_ws/install/arduinobot_python:/home/yoga-slim-pro-2/arduinobot_ws/install/arduinobot_py_examples:/opt/ros/jazzy DEBUGINFOD_URLS=https://debuginfod.ubuntu.com /usr/bin/cmake --install /home/yoga-slim-pro-2/robotarm_ws/build/arduinobot_controller
